mode: atomic
github.com/StevanoZ/dv-notification/app/server.go:31.10,37.2 1 0
github.com/StevanoZ/dv-notification/app/server.go:39.30,45.12 4 0
github.com/StevanoZ/dv-notification/app/server.go:50.2,53.8 3 0
github.com/StevanoZ/dv-notification/app/server.go:45.12,48.3 2 0
github.com/StevanoZ/dv-notification/app/server.go:56.55,57.12 1 0
github.com/StevanoZ/dv-notification/app/server.go:61.2,61.12 1 0
github.com/StevanoZ/dv-notification/app/server.go:65.2,65.12 1 0
github.com/StevanoZ/dv-notification/app/server.go:57.12,60.3 2 0
github.com/StevanoZ/dv-notification/app/server.go:61.12,64.3 2 0
github.com/StevanoZ/dv-notification/app/server.go:65.12,68.3 2 0
github.com/StevanoZ/dv-notification/db/repository/db.go:19.28,21.2 1 0
github.com/StevanoZ/dv-notification/db/repository/db.go:27.47,31.2 1 0
github.com/StevanoZ/dv-notification/db/repository/error_message.sql.go:38.111,62.2 4 0
github.com/StevanoZ/dv-notification/db/repository/error_message.sql.go:68.75,71.2 2 0
github.com/StevanoZ/dv-notification/db/repository/error_message.sql.go:83.109,85.16 2 0
github.com/StevanoZ/dv-notification/db/repository/error_message.sql.go:88.2,90.18 3 0
github.com/StevanoZ/dv-notification/db/repository/error_message.sql.go:108.2,108.37 1 0
github.com/StevanoZ/dv-notification/db/repository/error_message.sql.go:111.2,111.35 1 0
github.com/StevanoZ/dv-notification/db/repository/error_message.sql.go:114.2,114.19 1 0
github.com/StevanoZ/dv-notification/db/repository/error_message.sql.go:85.16,87.3 1 0
github.com/StevanoZ/dv-notification/db/repository/error_message.sql.go:90.18,103.17 2 0
github.com/StevanoZ/dv-notification/db/repository/error_message.sql.go:106.3,106.27 1 0
github.com/StevanoZ/dv-notification/db/repository/error_message.sql.go:103.17,105.4 1 0
github.com/StevanoZ/dv-notification/db/repository/error_message.sql.go:108.37,110.3 1 0
github.com/StevanoZ/dv-notification/db/repository/error_message.sql.go:111.35,113.3 1 0
github.com/StevanoZ/dv-notification/db/repository/repository.go:17.43,19.2 1 0
github.com/StevanoZ/dv-notification/db/repository/repository.go:21.53,25.2 1 0
github.com/StevanoZ/dv-notification/db/repository/repository.go:27.42,29.2 1 0
github.com/StevanoZ/dv-notification/service/notification_service.go:59.19,66.2 1 0
github.com/StevanoZ/dv-notification/service/notification_service.go:68.78,70.16 2 0
github.com/StevanoZ/dv-notification/service/notification_service.go:74.2,75.161 2 0
github.com/StevanoZ/dv-notification/service/notification_service.go:70.16,72.3 1 0
github.com/StevanoZ/dv-notification/service/notification_service.go:75.161,76.26 1 0
github.com/StevanoZ/dv-notification/service/notification_service.go:77.29,81.18 4 0
github.com/StevanoZ/dv-notification/service/notification_service.go:99.4,105.18 3 0
github.com/StevanoZ/dv-notification/service/notification_service.go:123.4,125.10 3 0
github.com/StevanoZ/dv-notification/service/notification_service.go:127.11,130.13 2 0
github.com/StevanoZ/dv-notification/service/notification_service.go:81.18,83.57 2 0
github.com/StevanoZ/dv-notification/service/notification_service.go:96.5,96.11 1 0
github.com/StevanoZ/dv-notification/service/notification_service.go:83.57,95.6 3 0
github.com/StevanoZ/dv-notification/service/notification_service.go:105.18,107.57 2 0
github.com/StevanoZ/dv-notification/service/notification_service.go:120.5,120.11 1 0
github.com/StevanoZ/dv-notification/service/notification_service.go:107.57,119.6 3 0
github.com/StevanoZ/dv-notification/service/notification_service.go:135.77,137.16 2 0
github.com/StevanoZ/dv-notification/service/notification_service.go:141.2,142.160 2 0
github.com/StevanoZ/dv-notification/service/notification_service.go:137.16,139.3 1 0
github.com/StevanoZ/dv-notification/service/notification_service.go:142.160,143.78 1 0
github.com/StevanoZ/dv-notification/service/notification_service.go:349.3,349.29 1 0
github.com/StevanoZ/dv-notification/service/notification_service.go:143.78,146.27 2 0
github.com/StevanoZ/dv-notification/service/notification_service.go:147.29,152.19 4 0
github.com/StevanoZ/dv-notification/service/notification_service.go:169.5,178.19 2 0
github.com/StevanoZ/dv-notification/service/notification_service.go:196.5,198.15 3 0
github.com/StevanoZ/dv-notification/service/notification_service.go:200.29,205.19 4 0
github.com/StevanoZ/dv-notification/service/notification_service.go:222.5,223.19 2 0
github.com/StevanoZ/dv-notification/service/notification_service.go:241.5,251.19 2 0
github.com/StevanoZ/dv-notification/service/notification_service.go:269.5,271.15 3 0
github.com/StevanoZ/dv-notification/service/notification_service.go:273.45,278.19 4 0
github.com/StevanoZ/dv-notification/service/notification_service.go:296.5,297.19 2 0
github.com/StevanoZ/dv-notification/service/notification_service.go:314.5,320.19 2 0
github.com/StevanoZ/dv-notification/service/notification_service.go:338.5,340.15 3 0
github.com/StevanoZ/dv-notification/service/notification_service.go:342.12,346.15 3 0
github.com/StevanoZ/dv-notification/service/notification_service.go:152.19,154.58 2 0
github.com/StevanoZ/dv-notification/service/notification_service.go:167.6,167.16 1 0
github.com/StevanoZ/dv-notification/service/notification_service.go:154.58,166.7 3 0
github.com/StevanoZ/dv-notification/service/notification_service.go:178.19,180.58 2 0
github.com/StevanoZ/dv-notification/service/notification_service.go:193.6,193.16 1 0
github.com/StevanoZ/dv-notification/service/notification_service.go:180.58,192.7 3 0
github.com/StevanoZ/dv-notification/service/notification_service.go:205.19,207.58 2 0
github.com/StevanoZ/dv-notification/service/notification_service.go:220.6,220.16 1 0
github.com/StevanoZ/dv-notification/service/notification_service.go:207.58,219.7 3 0
github.com/StevanoZ/dv-notification/service/notification_service.go:223.19,225.58 2 0
github.com/StevanoZ/dv-notification/service/notification_service.go:238.6,238.16 1 0
github.com/StevanoZ/dv-notification/service/notification_service.go:225.58,237.7 3 0
github.com/StevanoZ/dv-notification/service/notification_service.go:251.19,253.58 2 0
github.com/StevanoZ/dv-notification/service/notification_service.go:266.6,266.16 1 0
github.com/StevanoZ/dv-notification/service/notification_service.go:253.58,265.7 3 0
github.com/StevanoZ/dv-notification/service/notification_service.go:278.19,280.58 2 0
github.com/StevanoZ/dv-notification/service/notification_service.go:293.6,293.16 1 0
github.com/StevanoZ/dv-notification/service/notification_service.go:280.58,292.7 3 0
github.com/StevanoZ/dv-notification/service/notification_service.go:297.19,299.58 2 0
github.com/StevanoZ/dv-notification/service/notification_service.go:312.6,312.16 1 0
github.com/StevanoZ/dv-notification/service/notification_service.go:299.58,311.7 3 0
github.com/StevanoZ/dv-notification/service/notification_service.go:320.19,322.58 2 0
github.com/StevanoZ/dv-notification/service/notification_service.go:335.6,335.16 1 0
github.com/StevanoZ/dv-notification/service/notification_service.go:322.58,334.7 3 0
github.com/StevanoZ/dv-notification/service/notification_service.go:353.82,355.16 2 0
github.com/StevanoZ/dv-notification/service/notification_service.go:359.2,360.166 2 0
github.com/StevanoZ/dv-notification/service/notification_service.go:355.16,357.3 1 0
github.com/StevanoZ/dv-notification/service/notification_service.go:360.166,361.78 1 0
github.com/StevanoZ/dv-notification/service/notification_service.go:606.3,606.29 1 0
github.com/StevanoZ/dv-notification/service/notification_service.go:361.78,364.27 2 0
github.com/StevanoZ/dv-notification/service/notification_service.go:365.29,370.19 4 0
github.com/StevanoZ/dv-notification/service/notification_service.go:388.5,391.32 2 0
github.com/StevanoZ/dv-notification/service/notification_service.go:409.5,409.38 1 0
github.com/StevanoZ/dv-notification/service/notification_service.go:427.5,429.15 3 0
github.com/StevanoZ/dv-notification/service/notification_service.go:431.29,436.19 4 0
github.com/StevanoZ/dv-notification/service/notification_service.go:454.5,455.19 2 0
github.com/StevanoZ/dv-notification/service/notification_service.go:473.5,474.19 2 0
github.com/StevanoZ/dv-notification/service/notification_service.go:492.5,494.25 2 0
github.com/StevanoZ/dv-notification/service/notification_service.go:503.5,503.25 1 0
github.com/StevanoZ/dv-notification/service/notification_service.go:512.5,512.38 1 0
github.com/StevanoZ/dv-notification/service/notification_service.go:530.5,532.15 3 0
github.com/StevanoZ/dv-notification/service/notification_service.go:534.29,539.19 4 0
github.com/StevanoZ/dv-notification/service/notification_service.go:557.5,558.19 2 0
github.com/StevanoZ/dv-notification/service/notification_service.go:576.5,577.19 2 0
github.com/StevanoZ/dv-notification/service/notification_service.go:595.5,597.15 3 0
github.com/StevanoZ/dv-notification/service/notification_service.go:599.12,603.15 3 0
github.com/StevanoZ/dv-notification/service/notification_service.go:370.19,372.58 2 0
github.com/StevanoZ/dv-notification/service/notification_service.go:385.6,385.16 1 0
github.com/StevanoZ/dv-notification/service/notification_service.go:372.58,384.7 3 0
github.com/StevanoZ/dv-notification/service/notification_service.go:391.32,393.26 2 0
github.com/StevanoZ/dv-notification/service/notification_service.go:393.26,406.7 2 0
github.com/StevanoZ/dv-notification/service/notification_service.go:409.38,411.58 2 0
github.com/StevanoZ/dv-notification/service/notification_service.go:424.6,424.16 1 0
github.com/StevanoZ/dv-notification/service/notification_service.go:411.58,423.7 3 0
github.com/StevanoZ/dv-notification/service/notification_service.go:436.19,438.58 2 0
github.com/StevanoZ/dv-notification/service/notification_service.go:451.6,451.16 1 0
github.com/StevanoZ/dv-notification/service/notification_service.go:438.58,450.7 3 0
github.com/StevanoZ/dv-notification/service/notification_service.go:455.19,457.58 2 0
github.com/StevanoZ/dv-notification/service/notification_service.go:470.6,470.16 1 0
github.com/StevanoZ/dv-notification/service/notification_service.go:457.58,469.7 3 0
github.com/StevanoZ/dv-notification/service/notification_service.go:474.19,476.58 2 0
github.com/StevanoZ/dv-notification/service/notification_service.go:489.6,489.16 1 0
github.com/StevanoZ/dv-notification/service/notification_service.go:476.58,488.7 3 0
github.com/StevanoZ/dv-notification/service/notification_service.go:494.25,501.6 2 0
github.com/StevanoZ/dv-notification/service/notification_service.go:503.25,510.6 2 0
github.com/StevanoZ/dv-notification/service/notification_service.go:512.38,514.58 2 0
github.com/StevanoZ/dv-notification/service/notification_service.go:527.6,527.16 1 0
github.com/StevanoZ/dv-notification/service/notification_service.go:514.58,526.7 3 0
github.com/StevanoZ/dv-notification/service/notification_service.go:539.19,541.58 2 0
github.com/StevanoZ/dv-notification/service/notification_service.go:554.6,554.16 1 0
github.com/StevanoZ/dv-notification/service/notification_service.go:541.58,553.7 3 0
github.com/StevanoZ/dv-notification/service/notification_service.go:558.19,560.58 2 0
github.com/StevanoZ/dv-notification/service/notification_service.go:573.6,573.16 1 0
github.com/StevanoZ/dv-notification/service/notification_service.go:560.58,572.7 3 0
github.com/StevanoZ/dv-notification/service/notification_service.go:577.19,579.58 2 0
github.com/StevanoZ/dv-notification/service/notification_service.go:592.6,592.16 1 0
github.com/StevanoZ/dv-notification/service/notification_service.go:579.58,591.7 3 0
github.com/StevanoZ/dv-notification/dtos/mapping/mapping_response.go:8.80,20.2 1 0
github.com/StevanoZ/dv-notification/db/repository/user.sql.go:31.87,57.2 4 0
github.com/StevanoZ/dv-notification/db/repository/user.sql.go:75.102,96.2 4 0
github.com/StevanoZ/dv-notification/db/repository/user.sql.go:102.71,105.2 2 0
github.com/StevanoZ/dv-notification/db/repository/user.sql.go:111.76,114.2 2 0
github.com/StevanoZ/dv-notification/db/repository/user.sql.go:120.90,138.2 4 0
github.com/StevanoZ/dv-notification/db/repository/user.sql.go:144.100,157.2 4 0
github.com/StevanoZ/dv-notification/db/repository/user.sql.go:164.112,177.2 4 0
github.com/StevanoZ/dv-notification/db/repository/user.sql.go:205.87,232.2 4 0
github.com/StevanoZ/dv-notification/db/repository/user.sql.go:250.102,263.2 4 0
github.com/StevanoZ/dv-notification/db/repository/user.sql.go:283.105,306.2 4 0
github.com/StevanoZ/dv-notification/main.go:11.13,24.2 9 0
github.com/StevanoZ/dv-notification/handler/notification_handler.go:25.90,29.2 1 2
github.com/StevanoZ/dv-notification/handler/notification_handler.go:31.80,33.2 1 1
github.com/StevanoZ/dv-notification/handler/notification_handler.go:35.67,46.62 8 1
github.com/StevanoZ/dv-notification/handler/notification_handler.go:46.62,48.3 1 1
github.com/StevanoZ/dv-notification/handler/notification_handler.go:51.82,53.2 1 1
github.com/StevanoZ/dv-notification/handler/notification_handler.go:55.81,57.2 1 1
github.com/StevanoZ/dv-notification/handler/notification_handler.go:59.86,61.2 1 1
github.com/StevanoZ/dv-notification/db/repository/user.sql.go:31.87,57.2 4 10
github.com/StevanoZ/dv-notification/db/repository/user.sql.go:75.102,96.2 4 5
github.com/StevanoZ/dv-notification/db/repository/user.sql.go:102.71,105.2 2 1
github.com/StevanoZ/dv-notification/db/repository/user.sql.go:111.76,114.2 2 1
github.com/StevanoZ/dv-notification/db/repository/user.sql.go:120.90,138.2 4 3
github.com/StevanoZ/dv-notification/db/repository/user.sql.go:144.100,157.2 4 3
github.com/StevanoZ/dv-notification/db/repository/user.sql.go:164.112,177.2 4 1
github.com/StevanoZ/dv-notification/db/repository/user.sql.go:205.87,232.2 4 1
github.com/StevanoZ/dv-notification/db/repository/user.sql.go:250.102,263.2 4 1
github.com/StevanoZ/dv-notification/db/repository/user.sql.go:283.105,306.2 4 1
github.com/StevanoZ/dv-notification/main.go:11.13,24.2 9 0
github.com/StevanoZ/dv-notification/service/notification_service.go:59.19,66.2 1 0
github.com/StevanoZ/dv-notification/service/notification_service.go:68.78,70.16 2 0
github.com/StevanoZ/dv-notification/service/notification_service.go:74.2,75.161 2 0
github.com/StevanoZ/dv-notification/service/notification_service.go:70.16,72.3 1 0
github.com/StevanoZ/dv-notification/service/notification_service.go:75.161,76.26 1 0
github.com/StevanoZ/dv-notification/service/notification_service.go:77.29,81.18 4 0
github.com/StevanoZ/dv-notification/service/notification_service.go:99.4,105.18 3 0
github.com/StevanoZ/dv-notification/service/notification_service.go:123.4,125.10 3 0
github.com/StevanoZ/dv-notification/service/notification_service.go:127.11,130.13 2 0
github.com/StevanoZ/dv-notification/service/notification_service.go:81.18,83.57 2 0
github.com/StevanoZ/dv-notification/service/notification_service.go:96.5,96.11 1 0
github.com/StevanoZ/dv-notification/service/notification_service.go:83.57,95.6 3 0
github.com/StevanoZ/dv-notification/service/notification_service.go:105.18,107.57 2 0
github.com/StevanoZ/dv-notification/service/notification_service.go:120.5,120.11 1 0
github.com/StevanoZ/dv-notification/service/notification_service.go:107.57,119.6 3 0
github.com/StevanoZ/dv-notification/service/notification_service.go:135.77,137.16 2 0
github.com/StevanoZ/dv-notification/service/notification_service.go:141.2,142.160 2 0
github.com/StevanoZ/dv-notification/service/notification_service.go:137.16,139.3 1 0
github.com/StevanoZ/dv-notification/service/notification_service.go:142.160,143.78 1 0
github.com/StevanoZ/dv-notification/service/notification_service.go:349.3,349.29 1 0
github.com/StevanoZ/dv-notification/service/notification_service.go:143.78,146.27 2 0
github.com/StevanoZ/dv-notification/service/notification_service.go:147.29,152.19 4 0
github.com/StevanoZ/dv-notification/service/notification_service.go:169.5,178.19 2 0
github.com/StevanoZ/dv-notification/service/notification_service.go:196.5,198.15 3 0
github.com/StevanoZ/dv-notification/service/notification_service.go:200.29,205.19 4 0
github.com/StevanoZ/dv-notification/service/notification_service.go:222.5,223.19 2 0
github.com/StevanoZ/dv-notification/service/notification_service.go:241.5,251.19 2 0
github.com/StevanoZ/dv-notification/service/notification_service.go:269.5,271.15 3 0
github.com/StevanoZ/dv-notification/service/notification_service.go:273.45,278.19 4 0
github.com/StevanoZ/dv-notification/service/notification_service.go:296.5,297.19 2 0
github.com/StevanoZ/dv-notification/service/notification_service.go:314.5,320.19 2 0
github.com/StevanoZ/dv-notification/service/notification_service.go:338.5,340.15 3 0
github.com/StevanoZ/dv-notification/service/notification_service.go:342.12,346.15 3 0
github.com/StevanoZ/dv-notification/service/notification_service.go:152.19,154.58 2 0
github.com/StevanoZ/dv-notification/service/notification_service.go:167.6,167.16 1 0
github.com/StevanoZ/dv-notification/service/notification_service.go:154.58,166.7 3 0
github.com/StevanoZ/dv-notification/service/notification_service.go:178.19,180.58 2 0
github.com/StevanoZ/dv-notification/service/notification_service.go:193.6,193.16 1 0
github.com/StevanoZ/dv-notification/service/notification_service.go:180.58,192.7 3 0
github.com/StevanoZ/dv-notification/service/notification_service.go:205.19,207.58 2 0
github.com/StevanoZ/dv-notification/service/notification_service.go:220.6,220.16 1 0
github.com/StevanoZ/dv-notification/service/notification_service.go:207.58,219.7 3 0
github.com/StevanoZ/dv-notification/service/notification_service.go:223.19,225.58 2 0
github.com/StevanoZ/dv-notification/service/notification_service.go:238.6,238.16 1 0
github.com/StevanoZ/dv-notification/service/notification_service.go:225.58,237.7 3 0
github.com/StevanoZ/dv-notification/service/notification_service.go:251.19,253.58 2 0
github.com/StevanoZ/dv-notification/service/notification_service.go:266.6,266.16 1 0
github.com/StevanoZ/dv-notification/service/notification_service.go:253.58,265.7 3 0
github.com/StevanoZ/dv-notification/service/notification_service.go:278.19,280.58 2 0
github.com/StevanoZ/dv-notification/service/notification_service.go:293.6,293.16 1 0
github.com/StevanoZ/dv-notification/service/notification_service.go:280.58,292.7 3 0
github.com/StevanoZ/dv-notification/service/notification_service.go:297.19,299.58 2 0
github.com/StevanoZ/dv-notification/service/notification_service.go:312.6,312.16 1 0
github.com/StevanoZ/dv-notification/service/notification_service.go:299.58,311.7 3 0
github.com/StevanoZ/dv-notification/service/notification_service.go:320.19,322.58 2 0
github.com/StevanoZ/dv-notification/service/notification_service.go:335.6,335.16 1 0
github.com/StevanoZ/dv-notification/service/notification_service.go:322.58,334.7 3 0
github.com/StevanoZ/dv-notification/service/notification_service.go:353.82,355.16 2 0
github.com/StevanoZ/dv-notification/service/notification_service.go:359.2,360.166 2 0
github.com/StevanoZ/dv-notification/service/notification_service.go:355.16,357.3 1 0
github.com/StevanoZ/dv-notification/service/notification_service.go:360.166,361.78 1 0
github.com/StevanoZ/dv-notification/service/notification_service.go:606.3,606.29 1 0
github.com/StevanoZ/dv-notification/service/notification_service.go:361.78,364.27 2 0
github.com/StevanoZ/dv-notification/service/notification_service.go:365.29,370.19 4 0
github.com/StevanoZ/dv-notification/service/notification_service.go:388.5,391.32 2 0
github.com/StevanoZ/dv-notification/service/notification_service.go:409.5,409.38 1 0
github.com/StevanoZ/dv-notification/service/notification_service.go:427.5,429.15 3 0
github.com/StevanoZ/dv-notification/service/notification_service.go:431.29,436.19 4 0
github.com/StevanoZ/dv-notification/service/notification_service.go:454.5,455.19 2 0
github.com/StevanoZ/dv-notification/service/notification_service.go:473.5,474.19 2 0
github.com/StevanoZ/dv-notification/service/notification_service.go:492.5,494.25 2 0
github.com/StevanoZ/dv-notification/service/notification_service.go:503.5,503.25 1 0
github.com/StevanoZ/dv-notification/service/notification_service.go:512.5,512.38 1 0
github.com/StevanoZ/dv-notification/service/notification_service.go:530.5,532.15 3 0
github.com/StevanoZ/dv-notification/service/notification_service.go:534.29,539.19 4 0
github.com/StevanoZ/dv-notification/service/notification_service.go:557.5,558.19 2 0
github.com/StevanoZ/dv-notification/service/notification_service.go:576.5,577.19 2 0
github.com/StevanoZ/dv-notification/service/notification_service.go:595.5,597.15 3 0
github.com/StevanoZ/dv-notification/service/notification_service.go:599.12,603.15 3 0
github.com/StevanoZ/dv-notification/service/notification_service.go:370.19,372.58 2 0
github.com/StevanoZ/dv-notification/service/notification_service.go:385.6,385.16 1 0
github.com/StevanoZ/dv-notification/service/notification_service.go:372.58,384.7 3 0
github.com/StevanoZ/dv-notification/service/notification_service.go:391.32,393.26 2 0
github.com/StevanoZ/dv-notification/service/notification_service.go:393.26,406.7 2 0
github.com/StevanoZ/dv-notification/service/notification_service.go:409.38,411.58 2 0
github.com/StevanoZ/dv-notification/service/notification_service.go:424.6,424.16 1 0
github.com/StevanoZ/dv-notification/service/notification_service.go:411.58,423.7 3 0
github.com/StevanoZ/dv-notification/service/notification_service.go:436.19,438.58 2 0
github.com/StevanoZ/dv-notification/service/notification_service.go:451.6,451.16 1 0
github.com/StevanoZ/dv-notification/service/notification_service.go:438.58,450.7 3 0
github.com/StevanoZ/dv-notification/service/notification_service.go:455.19,457.58 2 0
github.com/StevanoZ/dv-notification/service/notification_service.go:470.6,470.16 1 0
github.com/StevanoZ/dv-notification/service/notification_service.go:457.58,469.7 3 0
github.com/StevanoZ/dv-notification/service/notification_service.go:474.19,476.58 2 0
github.com/StevanoZ/dv-notification/service/notification_service.go:489.6,489.16 1 0
github.com/StevanoZ/dv-notification/service/notification_service.go:476.58,488.7 3 0
github.com/StevanoZ/dv-notification/service/notification_service.go:494.25,501.6 2 0
github.com/StevanoZ/dv-notification/service/notification_service.go:503.25,510.6 2 0
github.com/StevanoZ/dv-notification/service/notification_service.go:512.38,514.58 2 0
github.com/StevanoZ/dv-notification/service/notification_service.go:527.6,527.16 1 0
github.com/StevanoZ/dv-notification/service/notification_service.go:514.58,526.7 3 0
github.com/StevanoZ/dv-notification/service/notification_service.go:539.19,541.58 2 0
github.com/StevanoZ/dv-notification/service/notification_service.go:554.6,554.16 1 0
github.com/StevanoZ/dv-notification/service/notification_service.go:541.58,553.7 3 0
github.com/StevanoZ/dv-notification/service/notification_service.go:558.19,560.58 2 0
github.com/StevanoZ/dv-notification/service/notification_service.go:573.6,573.16 1 0
github.com/StevanoZ/dv-notification/service/notification_service.go:560.58,572.7 3 0
github.com/StevanoZ/dv-notification/service/notification_service.go:577.19,579.58 2 0
github.com/StevanoZ/dv-notification/service/notification_service.go:592.6,592.16 1 0
github.com/StevanoZ/dv-notification/service/notification_service.go:579.58,591.7 3 0
github.com/StevanoZ/dv-notification/app/server.go:31.10,37.2 1 0
github.com/StevanoZ/dv-notification/app/server.go:39.30,45.12 4 0
github.com/StevanoZ/dv-notification/app/server.go:50.2,53.8 3 0
github.com/StevanoZ/dv-notification/app/server.go:45.12,48.3 2 0
github.com/StevanoZ/dv-notification/app/server.go:56.55,57.12 1 0
github.com/StevanoZ/dv-notification/app/server.go:61.2,61.12 1 0
github.com/StevanoZ/dv-notification/app/server.go:65.2,65.12 1 0
github.com/StevanoZ/dv-notification/app/server.go:57.12,60.3 2 0
github.com/StevanoZ/dv-notification/app/server.go:61.12,64.3 2 0
github.com/StevanoZ/dv-notification/app/server.go:65.12,68.3 2 0
github.com/StevanoZ/dv-notification/db/repository/repository.go:17.43,19.2 1 16
github.com/StevanoZ/dv-notification/db/repository/repository.go:21.53,25.2 1 2
github.com/StevanoZ/dv-notification/db/repository/repository.go:27.42,29.2 1 1
github.com/StevanoZ/dv-notification/handler/notification_handler.go:25.90,29.2 1 0
github.com/StevanoZ/dv-notification/handler/notification_handler.go:31.80,33.2 1 0
github.com/StevanoZ/dv-notification/handler/notification_handler.go:35.67,46.62 8 0
github.com/StevanoZ/dv-notification/handler/notification_handler.go:46.62,48.3 1 0
github.com/StevanoZ/dv-notification/handler/notification_handler.go:51.82,53.2 1 0
github.com/StevanoZ/dv-notification/handler/notification_handler.go:55.81,57.2 1 0
github.com/StevanoZ/dv-notification/handler/notification_handler.go:59.86,61.2 1 0
github.com/StevanoZ/dv-notification/dtos/mapping/mapping_response.go:8.80,20.2 1 0
github.com/StevanoZ/dv-notification/db/repository/db.go:19.28,21.2 1 18
github.com/StevanoZ/dv-notification/db/repository/db.go:27.47,31.2 1 1
github.com/StevanoZ/dv-notification/db/repository/error_message.sql.go:38.111,62.2 4 3
github.com/StevanoZ/dv-notification/db/repository/error_message.sql.go:68.75,71.2 2 1
github.com/StevanoZ/dv-notification/db/repository/error_message.sql.go:83.109,85.16 2 53
github.com/StevanoZ/dv-notification/db/repository/error_message.sql.go:88.2,90.18 3 3
github.com/StevanoZ/dv-notification/db/repository/error_message.sql.go:108.2,108.37 1 3
github.com/StevanoZ/dv-notification/db/repository/error_message.sql.go:111.2,111.35 1 3
github.com/StevanoZ/dv-notification/db/repository/error_message.sql.go:114.2,114.19 1 2
github.com/StevanoZ/dv-notification/db/repository/error_message.sql.go:85.16,87.3 1 50
github.com/StevanoZ/dv-notification/db/repository/error_message.sql.go:90.18,103.17 2 1
github.com/StevanoZ/dv-notification/db/repository/error_message.sql.go:106.3,106.27 1 1
github.com/StevanoZ/dv-notification/db/repository/error_message.sql.go:103.17,105.4 1 0
github.com/StevanoZ/dv-notification/db/repository/error_message.sql.go:108.37,110.3 1 0
github.com/StevanoZ/dv-notification/db/repository/error_message.sql.go:111.35,113.3 1 1
github.com/StevanoZ/dv-notification/db/repository/user.sql.go:31.87,57.2 4 0
github.com/StevanoZ/dv-notification/db/repository/user.sql.go:75.102,96.2 4 0
github.com/StevanoZ/dv-notification/db/repository/user.sql.go:102.71,105.2 2 0
github.com/StevanoZ/dv-notification/db/repository/user.sql.go:111.76,114.2 2 0
github.com/StevanoZ/dv-notification/db/repository/user.sql.go:120.90,138.2 4 0
github.com/StevanoZ/dv-notification/db/repository/user.sql.go:144.100,157.2 4 0
github.com/StevanoZ/dv-notification/db/repository/user.sql.go:164.112,177.2 4 0
github.com/StevanoZ/dv-notification/db/repository/user.sql.go:205.87,232.2 4 0
github.com/StevanoZ/dv-notification/db/repository/user.sql.go:250.102,263.2 4 0
github.com/StevanoZ/dv-notification/db/repository/user.sql.go:283.105,306.2 4 0
github.com/StevanoZ/dv-notification/db/repository/repository.go:17.43,19.2 1 0
github.com/StevanoZ/dv-notification/db/repository/repository.go:21.53,25.2 1 0
github.com/StevanoZ/dv-notification/db/repository/repository.go:27.42,29.2 1 0
github.com/StevanoZ/dv-notification/service/notification_service.go:59.19,66.2 1 0
github.com/StevanoZ/dv-notification/service/notification_service.go:68.78,70.16 2 0
github.com/StevanoZ/dv-notification/service/notification_service.go:74.2,75.161 2 0
github.com/StevanoZ/dv-notification/service/notification_service.go:70.16,72.3 1 0
github.com/StevanoZ/dv-notification/service/notification_service.go:75.161,76.26 1 0
github.com/StevanoZ/dv-notification/service/notification_service.go:77.29,81.18 4 0
github.com/StevanoZ/dv-notification/service/notification_service.go:99.4,105.18 3 0
github.com/StevanoZ/dv-notification/service/notification_service.go:123.4,125.10 3 0
github.com/StevanoZ/dv-notification/service/notification_service.go:127.11,130.13 2 0
github.com/StevanoZ/dv-notification/service/notification_service.go:81.18,83.57 2 0
github.com/StevanoZ/dv-notification/service/notification_service.go:96.5,96.11 1 0
github.com/StevanoZ/dv-notification/service/notification_service.go:83.57,95.6 3 0
github.com/StevanoZ/dv-notification/service/notification_service.go:105.18,107.57 2 0
github.com/StevanoZ/dv-notification/service/notification_service.go:120.5,120.11 1 0
github.com/StevanoZ/dv-notification/service/notification_service.go:107.57,119.6 3 0
github.com/StevanoZ/dv-notification/service/notification_service.go:135.77,137.16 2 0
github.com/StevanoZ/dv-notification/service/notification_service.go:141.2,142.160 2 0
github.com/StevanoZ/dv-notification/service/notification_service.go:137.16,139.3 1 0
github.com/StevanoZ/dv-notification/service/notification_service.go:142.160,143.78 1 0
github.com/StevanoZ/dv-notification/service/notification_service.go:349.3,349.29 1 0
github.com/StevanoZ/dv-notification/service/notification_service.go:143.78,146.27 2 0
github.com/StevanoZ/dv-notification/service/notification_service.go:147.29,152.19 4 0
github.com/StevanoZ/dv-notification/service/notification_service.go:169.5,178.19 2 0
github.com/StevanoZ/dv-notification/service/notification_service.go:196.5,198.15 3 0
github.com/StevanoZ/dv-notification/service/notification_service.go:200.29,205.19 4 0
github.com/StevanoZ/dv-notification/service/notification_service.go:222.5,223.19 2 0
github.com/StevanoZ/dv-notification/service/notification_service.go:241.5,251.19 2 0
github.com/StevanoZ/dv-notification/service/notification_service.go:269.5,271.15 3 0
github.com/StevanoZ/dv-notification/service/notification_service.go:273.45,278.19 4 0
github.com/StevanoZ/dv-notification/service/notification_service.go:296.5,297.19 2 0
github.com/StevanoZ/dv-notification/service/notification_service.go:314.5,320.19 2 0
github.com/StevanoZ/dv-notification/service/notification_service.go:338.5,340.15 3 0
github.com/StevanoZ/dv-notification/service/notification_service.go:342.12,346.15 3 0
github.com/StevanoZ/dv-notification/service/notification_service.go:152.19,154.58 2 0
github.com/StevanoZ/dv-notification/service/notification_service.go:167.6,167.16 1 0
github.com/StevanoZ/dv-notification/service/notification_service.go:154.58,166.7 3 0
github.com/StevanoZ/dv-notification/service/notification_service.go:178.19,180.58 2 0
github.com/StevanoZ/dv-notification/service/notification_service.go:193.6,193.16 1 0
github.com/StevanoZ/dv-notification/service/notification_service.go:180.58,192.7 3 0
github.com/StevanoZ/dv-notification/service/notification_service.go:205.19,207.58 2 0
github.com/StevanoZ/dv-notification/service/notification_service.go:220.6,220.16 1 0
github.com/StevanoZ/dv-notification/service/notification_service.go:207.58,219.7 3 0
github.com/StevanoZ/dv-notification/service/notification_service.go:223.19,225.58 2 0
github.com/StevanoZ/dv-notification/service/notification_service.go:238.6,238.16 1 0
github.com/StevanoZ/dv-notification/service/notification_service.go:225.58,237.7 3 0
github.com/StevanoZ/dv-notification/service/notification_service.go:251.19,253.58 2 0
github.com/StevanoZ/dv-notification/service/notification_service.go:266.6,266.16 1 0
github.com/StevanoZ/dv-notification/service/notification_service.go:253.58,265.7 3 0
github.com/StevanoZ/dv-notification/service/notification_service.go:278.19,280.58 2 0
github.com/StevanoZ/dv-notification/service/notification_service.go:293.6,293.16 1 0
github.com/StevanoZ/dv-notification/service/notification_service.go:280.58,292.7 3 0
github.com/StevanoZ/dv-notification/service/notification_service.go:297.19,299.58 2 0
github.com/StevanoZ/dv-notification/service/notification_service.go:312.6,312.16 1 0
github.com/StevanoZ/dv-notification/service/notification_service.go:299.58,311.7 3 0
github.com/StevanoZ/dv-notification/service/notification_service.go:320.19,322.58 2 0
github.com/StevanoZ/dv-notification/service/notification_service.go:335.6,335.16 1 0
github.com/StevanoZ/dv-notification/service/notification_service.go:322.58,334.7 3 0
github.com/StevanoZ/dv-notification/service/notification_service.go:353.82,355.16 2 0
github.com/StevanoZ/dv-notification/service/notification_service.go:359.2,360.166 2 0
github.com/StevanoZ/dv-notification/service/notification_service.go:355.16,357.3 1 0
github.com/StevanoZ/dv-notification/service/notification_service.go:360.166,361.78 1 0
github.com/StevanoZ/dv-notification/service/notification_service.go:606.3,606.29 1 0
github.com/StevanoZ/dv-notification/service/notification_service.go:361.78,364.27 2 0
github.com/StevanoZ/dv-notification/service/notification_service.go:365.29,370.19 4 0
github.com/StevanoZ/dv-notification/service/notification_service.go:388.5,391.32 2 0
github.com/StevanoZ/dv-notification/service/notification_service.go:409.5,409.38 1 0
github.com/StevanoZ/dv-notification/service/notification_service.go:427.5,429.15 3 0
github.com/StevanoZ/dv-notification/service/notification_service.go:431.29,436.19 4 0
github.com/StevanoZ/dv-notification/service/notification_service.go:454.5,455.19 2 0
github.com/StevanoZ/dv-notification/service/notification_service.go:473.5,474.19 2 0
github.com/StevanoZ/dv-notification/service/notification_service.go:492.5,494.25 2 0
github.com/StevanoZ/dv-notification/service/notification_service.go:503.5,503.25 1 0
github.com/StevanoZ/dv-notification/service/notification_service.go:512.5,512.38 1 0
github.com/StevanoZ/dv-notification/service/notification_service.go:530.5,532.15 3 0
github.com/StevanoZ/dv-notification/service/notification_service.go:534.29,539.19 4 0
github.com/StevanoZ/dv-notification/service/notification_service.go:557.5,558.19 2 0
github.com/StevanoZ/dv-notification/service/notification_service.go:576.5,577.19 2 0
github.com/StevanoZ/dv-notification/service/notification_service.go:595.5,597.15 3 0
github.com/StevanoZ/dv-notification/service/notification_service.go:599.12,603.15 3 0
github.com/StevanoZ/dv-notification/service/notification_service.go:370.19,372.58 2 0
github.com/StevanoZ/dv-notification/service/notification_service.go:385.6,385.16 1 0
github.com/StevanoZ/dv-notification/service/notification_service.go:372.58,384.7 3 0
github.com/StevanoZ/dv-notification/service/notification_service.go:391.32,393.26 2 0
github.com/StevanoZ/dv-notification/service/notification_service.go:393.26,406.7 2 0
github.com/StevanoZ/dv-notification/service/notification_service.go:409.38,411.58 2 0
github.com/StevanoZ/dv-notification/service/notification_service.go:424.6,424.16 1 0
github.com/StevanoZ/dv-notification/service/notification_service.go:411.58,423.7 3 0
github.com/StevanoZ/dv-notification/service/notification_service.go:436.19,438.58 2 0
github.com/StevanoZ/dv-notification/service/notification_service.go:451.6,451.16 1 0
github.com/StevanoZ/dv-notification/service/notification_service.go:438.58,450.7 3 0
github.com/StevanoZ/dv-notification/service/notification_service.go:455.19,457.58 2 0
github.com/StevanoZ/dv-notification/service/notification_service.go:470.6,470.16 1 0
github.com/StevanoZ/dv-notification/service/notification_service.go:457.58,469.7 3 0
github.com/StevanoZ/dv-notification/service/notification_service.go:474.19,476.58 2 0
github.com/StevanoZ/dv-notification/service/notification_service.go:489.6,489.16 1 0
github.com/StevanoZ/dv-notification/service/notification_service.go:476.58,488.7 3 0
github.com/StevanoZ/dv-notification/service/notification_service.go:494.25,501.6 2 0
github.com/StevanoZ/dv-notification/service/notification_service.go:503.25,510.6 2 0
github.com/StevanoZ/dv-notification/service/notification_service.go:512.38,514.58 2 0
github.com/StevanoZ/dv-notification/service/notification_service.go:527.6,527.16 1 0
github.com/StevanoZ/dv-notification/service/notification_service.go:514.58,526.7 3 0
github.com/StevanoZ/dv-notification/service/notification_service.go:539.19,541.58 2 0
github.com/StevanoZ/dv-notification/service/notification_service.go:554.6,554.16 1 0
github.com/StevanoZ/dv-notification/service/notification_service.go:541.58,553.7 3 0
github.com/StevanoZ/dv-notification/service/notification_service.go:558.19,560.58 2 0
github.com/StevanoZ/dv-notification/service/notification_service.go:573.6,573.16 1 0
github.com/StevanoZ/dv-notification/service/notification_service.go:560.58,572.7 3 0
github.com/StevanoZ/dv-notification/service/notification_service.go:577.19,579.58 2 0
github.com/StevanoZ/dv-notification/service/notification_service.go:592.6,592.16 1 0
github.com/StevanoZ/dv-notification/service/notification_service.go:579.58,591.7 3 0
github.com/StevanoZ/dv-notification/app/server.go:31.10,37.2 1 3
github.com/StevanoZ/dv-notification/app/server.go:39.30,45.12 4 1
github.com/StevanoZ/dv-notification/app/server.go:50.2,53.8 3 1
github.com/StevanoZ/dv-notification/app/server.go:45.12,48.3 2 1
github.com/StevanoZ/dv-notification/app/server.go:56.55,57.12 1 1
github.com/StevanoZ/dv-notification/app/server.go:61.2,61.12 1 1
github.com/StevanoZ/dv-notification/app/server.go:65.2,65.12 1 1
github.com/StevanoZ/dv-notification/app/server.go:57.12,60.3 2 1
github.com/StevanoZ/dv-notification/app/server.go:61.12,64.3 2 1
github.com/StevanoZ/dv-notification/app/server.go:65.12,68.3 2 1
github.com/StevanoZ/dv-notification/db/repository/error_message.sql.go:38.111,62.2 4 0
github.com/StevanoZ/dv-notification/db/repository/error_message.sql.go:68.75,71.2 2 0
github.com/StevanoZ/dv-notification/db/repository/error_message.sql.go:83.109,85.16 2 0
github.com/StevanoZ/dv-notification/db/repository/error_message.sql.go:88.2,90.18 3 0
github.com/StevanoZ/dv-notification/db/repository/error_message.sql.go:108.2,108.37 1 0
github.com/StevanoZ/dv-notification/db/repository/error_message.sql.go:111.2,111.35 1 0
github.com/StevanoZ/dv-notification/db/repository/error_message.sql.go:114.2,114.19 1 0
github.com/StevanoZ/dv-notification/db/repository/error_message.sql.go:85.16,87.3 1 0
github.com/StevanoZ/dv-notification/db/repository/error_message.sql.go:90.18,103.17 2 0
github.com/StevanoZ/dv-notification/db/repository/error_message.sql.go:106.3,106.27 1 0
github.com/StevanoZ/dv-notification/db/repository/error_message.sql.go:103.17,105.4 1 0
github.com/StevanoZ/dv-notification/db/repository/error_message.sql.go:108.37,110.3 1 0
github.com/StevanoZ/dv-notification/db/repository/error_message.sql.go:111.35,113.3 1 0
github.com/StevanoZ/dv-notification/main.go:11.13,24.2 9 0
github.com/StevanoZ/dv-notification/dtos/mapping/mapping_response.go:8.80,20.2 1 0
github.com/StevanoZ/dv-notification/db/repository/db.go:19.28,21.2 1 0
github.com/StevanoZ/dv-notification/db/repository/db.go:27.47,31.2 1 0
github.com/StevanoZ/dv-notification/handler/notification_handler.go:25.90,29.2 1 3
github.com/StevanoZ/dv-notification/handler/notification_handler.go:31.80,33.2 1 0
github.com/StevanoZ/dv-notification/handler/notification_handler.go:35.67,46.62 8 1
github.com/StevanoZ/dv-notification/handler/notification_handler.go:46.62,48.3 1 0
github.com/StevanoZ/dv-notification/handler/notification_handler.go:51.82,53.2 1 1
github.com/StevanoZ/dv-notification/handler/notification_handler.go:55.81,57.2 1 1
github.com/StevanoZ/dv-notification/handler/notification_handler.go:59.86,61.2 1 1
github.com/StevanoZ/dv-notification/db/repository/repository.go:17.43,19.2 1 0
github.com/StevanoZ/dv-notification/db/repository/repository.go:21.53,25.2 1 0
github.com/StevanoZ/dv-notification/db/repository/repository.go:27.42,29.2 1 0
github.com/StevanoZ/dv-notification/db/repository/user.sql.go:31.87,57.2 4 0
github.com/StevanoZ/dv-notification/db/repository/user.sql.go:75.102,96.2 4 0
github.com/StevanoZ/dv-notification/db/repository/user.sql.go:102.71,105.2 2 0
github.com/StevanoZ/dv-notification/db/repository/user.sql.go:111.76,114.2 2 0
github.com/StevanoZ/dv-notification/db/repository/user.sql.go:120.90,138.2 4 0
github.com/StevanoZ/dv-notification/db/repository/user.sql.go:144.100,157.2 4 0
github.com/StevanoZ/dv-notification/db/repository/user.sql.go:164.112,177.2 4 0
github.com/StevanoZ/dv-notification/db/repository/user.sql.go:205.87,232.2 4 0
github.com/StevanoZ/dv-notification/db/repository/user.sql.go:250.102,263.2 4 0
github.com/StevanoZ/dv-notification/db/repository/user.sql.go:283.105,306.2 4 0
github.com/StevanoZ/dv-notification/handler/notification_handler.go:25.90,29.2 1 0
github.com/StevanoZ/dv-notification/handler/notification_handler.go:31.80,33.2 1 0
github.com/StevanoZ/dv-notification/handler/notification_handler.go:35.67,46.62 8 0
github.com/StevanoZ/dv-notification/handler/notification_handler.go:46.62,48.3 1 0
github.com/StevanoZ/dv-notification/handler/notification_handler.go:51.82,53.2 1 0
github.com/StevanoZ/dv-notification/handler/notification_handler.go:55.81,57.2 1 0
github.com/StevanoZ/dv-notification/handler/notification_handler.go:59.86,61.2 1 0
github.com/StevanoZ/dv-notification/db/repository/db.go:19.28,21.2 1 0
github.com/StevanoZ/dv-notification/db/repository/db.go:27.47,31.2 1 0
github.com/StevanoZ/dv-notification/db/repository/error_message.sql.go:38.111,62.2 4 0
github.com/StevanoZ/dv-notification/db/repository/error_message.sql.go:68.75,71.2 2 0
github.com/StevanoZ/dv-notification/db/repository/error_message.sql.go:83.109,85.16 2 0
github.com/StevanoZ/dv-notification/db/repository/error_message.sql.go:88.2,90.18 3 0
github.com/StevanoZ/dv-notification/db/repository/error_message.sql.go:108.2,108.37 1 0
github.com/StevanoZ/dv-notification/db/repository/error_message.sql.go:111.2,111.35 1 0
github.com/StevanoZ/dv-notification/db/repository/error_message.sql.go:114.2,114.19 1 0
github.com/StevanoZ/dv-notification/db/repository/error_message.sql.go:85.16,87.3 1 0
github.com/StevanoZ/dv-notification/db/repository/error_message.sql.go:90.18,103.17 2 0
github.com/StevanoZ/dv-notification/db/repository/error_message.sql.go:106.3,106.27 1 0
github.com/StevanoZ/dv-notification/db/repository/error_message.sql.go:103.17,105.4 1 0
github.com/StevanoZ/dv-notification/db/repository/error_message.sql.go:108.37,110.3 1 0
github.com/StevanoZ/dv-notification/db/repository/error_message.sql.go:111.35,113.3 1 0
github.com/StevanoZ/dv-notification/app/server.go:31.10,37.2 1 0
github.com/StevanoZ/dv-notification/app/server.go:39.30,45.12 4 0
github.com/StevanoZ/dv-notification/app/server.go:50.2,53.8 3 0
github.com/StevanoZ/dv-notification/app/server.go:45.12,48.3 2 0
github.com/StevanoZ/dv-notification/app/server.go:56.55,57.12 1 0
github.com/StevanoZ/dv-notification/app/server.go:61.2,61.12 1 0
github.com/StevanoZ/dv-notification/app/server.go:65.2,65.12 1 0
github.com/StevanoZ/dv-notification/app/server.go:57.12,60.3 2 0
github.com/StevanoZ/dv-notification/app/server.go:61.12,64.3 2 0
github.com/StevanoZ/dv-notification/app/server.go:65.12,68.3 2 0
github.com/StevanoZ/dv-notification/main.go:11.13,24.2 9 0
github.com/StevanoZ/dv-notification/dtos/mapping/mapping_response.go:8.80,20.2 1 0
github.com/StevanoZ/dv-notification/service/notification_service.go:59.19,66.2 1 3
github.com/StevanoZ/dv-notification/service/notification_service.go:68.78,70.16 2 5
github.com/StevanoZ/dv-notification/service/notification_service.go:74.2,75.161 2 4
github.com/StevanoZ/dv-notification/service/notification_service.go:70.16,72.3 1 1
github.com/StevanoZ/dv-notification/service/notification_service.go:75.161,76.26 1 4
github.com/StevanoZ/dv-notification/service/notification_service.go:77.29,81.18 4 3
github.com/StevanoZ/dv-notification/service/notification_service.go:99.4,105.18 3 2
github.com/StevanoZ/dv-notification/service/notification_service.go:123.4,125.10 3 1
github.com/StevanoZ/dv-notification/service/notification_service.go:127.11,130.13 2 1
github.com/StevanoZ/dv-notification/service/notification_service.go:81.18,83.57 2 1
github.com/StevanoZ/dv-notification/service/notification_service.go:96.5,96.11 1 1
github.com/StevanoZ/dv-notification/service/notification_service.go:83.57,95.6 3 1
github.com/StevanoZ/dv-notification/service/notification_service.go:105.18,107.57 2 1
github.com/StevanoZ/dv-notification/service/notification_service.go:120.5,120.11 1 1
github.com/StevanoZ/dv-notification/service/notification_service.go:107.57,119.6 3 1
github.com/StevanoZ/dv-notification/service/notification_service.go:135.77,137.16 2 13
github.com/StevanoZ/dv-notification/service/notification_service.go:141.2,142.160 2 12
github.com/StevanoZ/dv-notification/service/notification_service.go:137.16,139.3 1 1
github.com/StevanoZ/dv-notification/service/notification_service.go:142.160,143.78 1 12
github.com/StevanoZ/dv-notification/service/notification_service.go:349.3,349.29 1 12
github.com/StevanoZ/dv-notification/service/notification_service.go:143.78,146.27 2 12
github.com/StevanoZ/dv-notification/service/notification_service.go:147.29,152.19 4 3
github.com/StevanoZ/dv-notification/service/notification_service.go:169.5,178.19 2 2
github.com/StevanoZ/dv-notification/service/notification_service.go:196.5,198.15 3 1
github.com/StevanoZ/dv-notification/service/notification_service.go:200.29,205.19 4 4
github.com/StevanoZ/dv-notification/service/notification_service.go:222.5,223.19 2 3
github.com/StevanoZ/dv-notification/service/notification_service.go:241.5,251.19 2 2
github.com/StevanoZ/dv-notification/service/notification_service.go:269.5,271.15 3 1
github.com/StevanoZ/dv-notification/service/notification_service.go:273.45,278.19 4 4
github.com/StevanoZ/dv-notification/service/notification_service.go:296.5,297.19 2 3
github.com/StevanoZ/dv-notification/service/notification_service.go:314.5,320.19 2 2
github.com/StevanoZ/dv-notification/service/notification_service.go:338.5,340.15 3 1
github.com/StevanoZ/dv-notification/service/notification_service.go:342.12,346.15 3 1
github.com/StevanoZ/dv-notification/service/notification_service.go:152.19,154.58 2 1
github.com/StevanoZ/dv-notification/service/notification_service.go:167.6,167.16 1 1
github.com/StevanoZ/dv-notification/service/notification_service.go:154.58,166.7 3 1
github.com/StevanoZ/dv-notification/service/notification_service.go:178.19,180.58 2 1
github.com/StevanoZ/dv-notification/service/notification_service.go:193.6,193.16 1 1
github.com/StevanoZ/dv-notification/service/notification_service.go:180.58,192.7 3 1
github.com/StevanoZ/dv-notification/service/notification_service.go:205.19,207.58 2 1
github.com/StevanoZ/dv-notification/service/notification_service.go:220.6,220.16 1 1
github.com/StevanoZ/dv-notification/service/notification_service.go:207.58,219.7 3 1
github.com/StevanoZ/dv-notification/service/notification_service.go:223.19,225.58 2 1
github.com/StevanoZ/dv-notification/service/notification_service.go:238.6,238.16 1 1
github.com/StevanoZ/dv-notification/service/notification_service.go:225.58,237.7 3 1
github.com/StevanoZ/dv-notification/service/notification_service.go:251.19,253.58 2 1
github.com/StevanoZ/dv-notification/service/notification_service.go:266.6,266.16 1 1
github.com/StevanoZ/dv-notification/service/notification_service.go:253.58,265.7 3 1
github.com/StevanoZ/dv-notification/service/notification_service.go:278.19,280.58 2 1
github.com/StevanoZ/dv-notification/service/notification_service.go:293.6,293.16 1 1
github.com/StevanoZ/dv-notification/service/notification_service.go:280.58,292.7 3 1
github.com/StevanoZ/dv-notification/service/notification_service.go:297.19,299.58 2 1
github.com/StevanoZ/dv-notification/service/notification_service.go:312.6,312.16 1 1
github.com/StevanoZ/dv-notification/service/notification_service.go:299.58,311.7 3 1
github.com/StevanoZ/dv-notification/service/notification_service.go:320.19,322.58 2 1
github.com/StevanoZ/dv-notification/service/notification_service.go:335.6,335.16 1 1
github.com/StevanoZ/dv-notification/service/notification_service.go:322.58,334.7 3 1
github.com/StevanoZ/dv-notification/service/notification_service.go:353.82,355.16 2 14
github.com/StevanoZ/dv-notification/service/notification_service.go:359.2,360.166 2 13
github.com/StevanoZ/dv-notification/service/notification_service.go:355.16,357.3 1 1
github.com/StevanoZ/dv-notification/service/notification_service.go:360.166,361.78 1 13
github.com/StevanoZ/dv-notification/service/notification_service.go:606.3,606.29 1 13
github.com/StevanoZ/dv-notification/service/notification_service.go:361.78,364.27 2 13
github.com/StevanoZ/dv-notification/service/notification_service.go:365.29,370.19 4 3
github.com/StevanoZ/dv-notification/service/notification_service.go:388.5,391.32 2 2
github.com/StevanoZ/dv-notification/service/notification_service.go:409.5,409.38 1 2
github.com/StevanoZ/dv-notification/service/notification_service.go:427.5,429.15 3 1
github.com/StevanoZ/dv-notification/service/notification_service.go:431.29,436.19 4 5
github.com/StevanoZ/dv-notification/service/notification_service.go:454.5,455.19 2 4
github.com/StevanoZ/dv-notification/service/notification_service.go:473.5,474.19 2 3
github.com/StevanoZ/dv-notification/service/notification_service.go:492.5,494.25 2 2
github.com/StevanoZ/dv-notification/service/notification_service.go:503.5,503.25 1 2
github.com/StevanoZ/dv-notification/service/notification_service.go:512.5,512.38 1 2
github.com/StevanoZ/dv-notification/service/notification_service.go:530.5,532.15 3 1
github.com/StevanoZ/dv-notification/service/notification_service.go:534.29,539.19 4 4
github.com/StevanoZ/dv-notification/service/notification_service.go:557.5,558.19 2 3
github.com/StevanoZ/dv-notification/service/notification_service.go:576.5,577.19 2 2
github.com/StevanoZ/dv-notification/service/notification_service.go:595.5,597.15 3 1
github.com/StevanoZ/dv-notification/service/notification_service.go:599.12,603.15 3 1
github.com/StevanoZ/dv-notification/service/notification_service.go:370.19,372.58 2 1
github.com/StevanoZ/dv-notification/service/notification_service.go:385.6,385.16 1 1
github.com/StevanoZ/dv-notification/service/notification_service.go:372.58,384.7 3 1
github.com/StevanoZ/dv-notification/service/notification_service.go:391.32,393.26 2 6
github.com/StevanoZ/dv-notification/service/notification_service.go:393.26,406.7 2 6
github.com/StevanoZ/dv-notification/service/notification_service.go:409.38,411.58 2 1
github.com/StevanoZ/dv-notification/service/notification_service.go:424.6,424.16 1 1
github.com/StevanoZ/dv-notification/service/notification_service.go:411.58,423.7 3 1
github.com/StevanoZ/dv-notification/service/notification_service.go:436.19,438.58 2 1
github.com/StevanoZ/dv-notification/service/notification_service.go:451.6,451.16 1 1
github.com/StevanoZ/dv-notification/service/notification_service.go:438.58,450.7 3 1
github.com/StevanoZ/dv-notification/service/notification_service.go:455.19,457.58 2 1
github.com/StevanoZ/dv-notification/service/notification_service.go:470.6,470.16 1 1
github.com/StevanoZ/dv-notification/service/notification_service.go:457.58,469.7 3 1
github.com/StevanoZ/dv-notification/service/notification_service.go:474.19,476.58 2 1
github.com/StevanoZ/dv-notification/service/notification_service.go:489.6,489.16 1 1
github.com/StevanoZ/dv-notification/service/notification_service.go:476.58,488.7 3 1
github.com/StevanoZ/dv-notification/service/notification_service.go:494.25,501.6 2 2
github.com/StevanoZ/dv-notification/service/notification_service.go:503.25,510.6 2 2
github.com/StevanoZ/dv-notification/service/notification_service.go:512.38,514.58 2 1
github.com/StevanoZ/dv-notification/service/notification_service.go:527.6,527.16 1 1
github.com/StevanoZ/dv-notification/service/notification_service.go:514.58,526.7 3 1
github.com/StevanoZ/dv-notification/service/notification_service.go:539.19,541.58 2 1
github.com/StevanoZ/dv-notification/service/notification_service.go:554.6,554.16 1 1
github.com/StevanoZ/dv-notification/service/notification_service.go:541.58,553.7 3 1
github.com/StevanoZ/dv-notification/service/notification_service.go:558.19,560.58 2 1
github.com/StevanoZ/dv-notification/service/notification_service.go:573.6,573.16 1 1
github.com/StevanoZ/dv-notification/service/notification_service.go:560.58,572.7 3 1
github.com/StevanoZ/dv-notification/service/notification_service.go:577.19,579.58 2 1
github.com/StevanoZ/dv-notification/service/notification_service.go:592.6,592.16 1 1
github.com/StevanoZ/dv-notification/service/notification_service.go:579.58,591.7 3 1
github.com/StevanoZ/dv-notification/service/notification_service.go:59.19,66.2 1 1
github.com/StevanoZ/dv-notification/service/notification_service.go:68.78,70.16 2 1
github.com/StevanoZ/dv-notification/service/notification_service.go:74.2,75.161 2 0
github.com/StevanoZ/dv-notification/service/notification_service.go:70.16,72.3 1 0
github.com/StevanoZ/dv-notification/service/notification_service.go:75.161,76.26 1 0
github.com/StevanoZ/dv-notification/service/notification_service.go:77.29,81.18 4 0
github.com/StevanoZ/dv-notification/service/notification_service.go:99.4,105.18 3 0
github.com/StevanoZ/dv-notification/service/notification_service.go:123.4,125.10 3 0
github.com/StevanoZ/dv-notification/service/notification_service.go:127.11,130.13 2 0
github.com/StevanoZ/dv-notification/service/notification_service.go:81.18,83.57 2 0
github.com/StevanoZ/dv-notification/service/notification_service.go:96.5,96.11 1 0
github.com/StevanoZ/dv-notification/service/notification_service.go:83.57,95.6 3 0
github.com/StevanoZ/dv-notification/service/notification_service.go:105.18,107.57 2 0
github.com/StevanoZ/dv-notification/service/notification_service.go:120.5,120.11 1 0
github.com/StevanoZ/dv-notification/service/notification_service.go:107.57,119.6 3 0
github.com/StevanoZ/dv-notification/service/notification_service.go:135.77,137.16 2 1
github.com/StevanoZ/dv-notification/service/notification_service.go:141.2,142.160 2 0
github.com/StevanoZ/dv-notification/service/notification_service.go:137.16,139.3 1 0
github.com/StevanoZ/dv-notification/service/notification_service.go:142.160,143.78 1 0
github.com/StevanoZ/dv-notification/service/notification_service.go:349.3,349.29 1 0
github.com/StevanoZ/dv-notification/service/notification_service.go:143.78,146.27 2 0
github.com/StevanoZ/dv-notification/service/notification_service.go:147.29,152.19 4 0
github.com/StevanoZ/dv-notification/service/notification_service.go:169.5,178.19 2 0
github.com/StevanoZ/dv-notification/service/notification_service.go:196.5,198.15 3 0
github.com/StevanoZ/dv-notification/service/notification_service.go:200.29,205.19 4 0
github.com/StevanoZ/dv-notification/service/notification_service.go:222.5,223.19 2 0
github.com/StevanoZ/dv-notification/service/notification_service.go:241.5,251.19 2 0
github.com/StevanoZ/dv-notification/service/notification_service.go:269.5,271.15 3 0
github.com/StevanoZ/dv-notification/service/notification_service.go:273.45,278.19 4 0
github.com/StevanoZ/dv-notification/service/notification_service.go:296.5,297.19 2 0
github.com/StevanoZ/dv-notification/service/notification_service.go:314.5,320.19 2 0
github.com/StevanoZ/dv-notification/service/notification_service.go:338.5,340.15 3 0
github.com/StevanoZ/dv-notification/service/notification_service.go:342.12,346.15 3 0
github.com/StevanoZ/dv-notification/service/notification_service.go:152.19,154.58 2 0
github.com/StevanoZ/dv-notification/service/notification_service.go:167.6,167.16 1 0
github.com/StevanoZ/dv-notification/service/notification_service.go:154.58,166.7 3 0
github.com/StevanoZ/dv-notification/service/notification_service.go:178.19,180.58 2 0
github.com/StevanoZ/dv-notification/service/notification_service.go:193.6,193.16 1 0
github.com/StevanoZ/dv-notification/service/notification_service.go:180.58,192.7 3 0
github.com/StevanoZ/dv-notification/service/notification_service.go:205.19,207.58 2 0
github.com/StevanoZ/dv-notification/service/notification_service.go:220.6,220.16 1 0
github.com/StevanoZ/dv-notification/service/notification_service.go:207.58,219.7 3 0
github.com/StevanoZ/dv-notification/service/notification_service.go:223.19,225.58 2 0
github.com/StevanoZ/dv-notification/service/notification_service.go:238.6,238.16 1 0
github.com/StevanoZ/dv-notification/service/notification_service.go:225.58,237.7 3 0
github.com/StevanoZ/dv-notification/service/notification_service.go:251.19,253.58 2 0
github.com/StevanoZ/dv-notification/service/notification_service.go:266.6,266.16 1 0
github.com/StevanoZ/dv-notification/service/notification_service.go:253.58,265.7 3 0
github.com/StevanoZ/dv-notification/service/notification_service.go:278.19,280.58 2 0
github.com/StevanoZ/dv-notification/service/notification_service.go:293.6,293.16 1 0
github.com/StevanoZ/dv-notification/service/notification_service.go:280.58,292.7 3 0
github.com/StevanoZ/dv-notification/service/notification_service.go:297.19,299.58 2 0
github.com/StevanoZ/dv-notification/service/notification_service.go:312.6,312.16 1 0
github.com/StevanoZ/dv-notification/service/notification_service.go:299.58,311.7 3 0
github.com/StevanoZ/dv-notification/service/notification_service.go:320.19,322.58 2 0
github.com/StevanoZ/dv-notification/service/notification_service.go:335.6,335.16 1 0
github.com/StevanoZ/dv-notification/service/notification_service.go:322.58,334.7 3 0
github.com/StevanoZ/dv-notification/service/notification_service.go:353.82,355.16 2 1
github.com/StevanoZ/dv-notification/service/notification_service.go:359.2,360.166 2 0
github.com/StevanoZ/dv-notification/service/notification_service.go:355.16,357.3 1 0
github.com/StevanoZ/dv-notification/service/notification_service.go:360.166,361.78 1 0
github.com/StevanoZ/dv-notification/service/notification_service.go:606.3,606.29 1 0
github.com/StevanoZ/dv-notification/service/notification_service.go:361.78,364.27 2 0
github.com/StevanoZ/dv-notification/service/notification_service.go:365.29,370.19 4 0
github.com/StevanoZ/dv-notification/service/notification_service.go:388.5,391.32 2 0
github.com/StevanoZ/dv-notification/service/notification_service.go:409.5,409.38 1 0
github.com/StevanoZ/dv-notification/service/notification_service.go:427.5,429.15 3 0
github.com/StevanoZ/dv-notification/service/notification_service.go:431.29,436.19 4 0
github.com/StevanoZ/dv-notification/service/notification_service.go:454.5,455.19 2 0
github.com/StevanoZ/dv-notification/service/notification_service.go:473.5,474.19 2 0
github.com/StevanoZ/dv-notification/service/notification_service.go:492.5,494.25 2 0
github.com/StevanoZ/dv-notification/service/notification_service.go:503.5,503.25 1 0
github.com/StevanoZ/dv-notification/service/notification_service.go:512.5,512.38 1 0
github.com/StevanoZ/dv-notification/service/notification_service.go:530.5,532.15 3 0
github.com/StevanoZ/dv-notification/service/notification_service.go:534.29,539.19 4 0
github.com/StevanoZ/dv-notification/service/notification_service.go:557.5,558.19 2 0
github.com/StevanoZ/dv-notification/service/notification_service.go:576.5,577.19 2 0
github.com/StevanoZ/dv-notification/service/notification_service.go:595.5,597.15 3 0
github.com/StevanoZ/dv-notification/service/notification_service.go:599.12,603.15 3 0
github.com/StevanoZ/dv-notification/service/notification_service.go:370.19,372.58 2 0
github.com/StevanoZ/dv-notification/service/notification_service.go:385.6,385.16 1 0
github.com/StevanoZ/dv-notification/service/notification_service.go:372.58,384.7 3 0
github.com/StevanoZ/dv-notification/service/notification_service.go:391.32,393.26 2 0
github.com/StevanoZ/dv-notification/service/notification_service.go:393.26,406.7 2 0
github.com/StevanoZ/dv-notification/service/notification_service.go:409.38,411.58 2 0
github.com/StevanoZ/dv-notification/service/notification_service.go:424.6,424.16 1 0
github.com/StevanoZ/dv-notification/service/notification_service.go:411.58,423.7 3 0
github.com/StevanoZ/dv-notification/service/notification_service.go:436.19,438.58 2 0
github.com/StevanoZ/dv-notification/service/notification_service.go:451.6,451.16 1 0
github.com/StevanoZ/dv-notification/service/notification_service.go:438.58,450.7 3 0
github.com/StevanoZ/dv-notification/service/notification_service.go:455.19,457.58 2 0
github.com/StevanoZ/dv-notification/service/notification_service.go:470.6,470.16 1 0
github.com/StevanoZ/dv-notification/service/notification_service.go:457.58,469.7 3 0
github.com/StevanoZ/dv-notification/service/notification_service.go:474.19,476.58 2 0
github.com/StevanoZ/dv-notification/service/notification_service.go:489.6,489.16 1 0
github.com/StevanoZ/dv-notification/service/notification_service.go:476.58,488.7 3 0
github.com/StevanoZ/dv-notification/service/notification_service.go:494.25,501.6 2 0
github.com/StevanoZ/dv-notification/service/notification_service.go:503.25,510.6 2 0
github.com/StevanoZ/dv-notification/service/notification_service.go:512.38,514.58 2 0
github.com/StevanoZ/dv-notification/service/notification_service.go:527.6,527.16 1 0
github.com/StevanoZ/dv-notification/service/notification_service.go:514.58,526.7 3 0
github.com/StevanoZ/dv-notification/service/notification_service.go:539.19,541.58 2 0
github.com/StevanoZ/dv-notification/service/notification_service.go:554.6,554.16 1 0
github.com/StevanoZ/dv-notification/service/notification_service.go:541.58,553.7 3 0
github.com/StevanoZ/dv-notification/service/notification_service.go:558.19,560.58 2 0
github.com/StevanoZ/dv-notification/service/notification_service.go:573.6,573.16 1 0
github.com/StevanoZ/dv-notification/service/notification_service.go:560.58,572.7 3 0
github.com/StevanoZ/dv-notification/service/notification_service.go:577.19,579.58 2 0
github.com/StevanoZ/dv-notification/service/notification_service.go:592.6,592.16 1 0
github.com/StevanoZ/dv-notification/service/notification_service.go:579.58,591.7 3 0
github.com/StevanoZ/dv-notification/app/server.go:31.10,37.2 1 1
github.com/StevanoZ/dv-notification/app/server.go:39.30,45.12 4 1
github.com/StevanoZ/dv-notification/app/server.go:50.2,53.8 3 1
github.com/StevanoZ/dv-notification/app/server.go:45.12,48.3 2 1
github.com/StevanoZ/dv-notification/app/server.go:56.55,57.12 1 1
github.com/StevanoZ/dv-notification/app/server.go:61.2,61.12 1 1
github.com/StevanoZ/dv-notification/app/server.go:65.2,65.12 1 1
github.com/StevanoZ/dv-notification/app/server.go:57.12,60.3 2 1
github.com/StevanoZ/dv-notification/app/server.go:61.12,64.3 2 1
github.com/StevanoZ/dv-notification/app/server.go:65.12,68.3 2 1
github.com/StevanoZ/dv-notification/db/repository/repository.go:17.43,19.2 1 1
github.com/StevanoZ/dv-notification/db/repository/repository.go:21.53,25.2 1 0
github.com/StevanoZ/dv-notification/db/repository/repository.go:27.42,29.2 1 0
github.com/StevanoZ/dv-notification/db/repository/error_message.sql.go:38.111,62.2 4 0
github.com/StevanoZ/dv-notification/db/repository/error_message.sql.go:68.75,71.2 2 0
github.com/StevanoZ/dv-notification/db/repository/error_message.sql.go:83.109,85.16 2 0
github.com/StevanoZ/dv-notification/db/repository/error_message.sql.go:88.2,90.18 3 0
github.com/StevanoZ/dv-notification/db/repository/error_message.sql.go:108.2,108.37 1 0
github.com/StevanoZ/dv-notification/db/repository/error_message.sql.go:111.2,111.35 1 0
github.com/StevanoZ/dv-notification/db/repository/error_message.sql.go:114.2,114.19 1 0
github.com/StevanoZ/dv-notification/db/repository/error_message.sql.go:85.16,87.3 1 0
github.com/StevanoZ/dv-notification/db/repository/error_message.sql.go:90.18,103.17 2 0
github.com/StevanoZ/dv-notification/db/repository/error_message.sql.go:106.3,106.27 1 0
github.com/StevanoZ/dv-notification/db/repository/error_message.sql.go:103.17,105.4 1 0
github.com/StevanoZ/dv-notification/db/repository/error_message.sql.go:108.37,110.3 1 0
github.com/StevanoZ/dv-notification/db/repository/error_message.sql.go:111.35,113.3 1 0
github.com/StevanoZ/dv-notification/db/repository/user.sql.go:31.87,57.2 4 0
github.com/StevanoZ/dv-notification/db/repository/user.sql.go:75.102,96.2 4 0
github.com/StevanoZ/dv-notification/db/repository/user.sql.go:102.71,105.2 2 0
github.com/StevanoZ/dv-notification/db/repository/user.sql.go:111.76,114.2 2 0
github.com/StevanoZ/dv-notification/db/repository/user.sql.go:120.90,138.2 4 0
github.com/StevanoZ/dv-notification/db/repository/user.sql.go:144.100,157.2 4 0
github.com/StevanoZ/dv-notification/db/repository/user.sql.go:164.112,177.2 4 0
github.com/StevanoZ/dv-notification/db/repository/user.sql.go:205.87,232.2 4 0
github.com/StevanoZ/dv-notification/db/repository/user.sql.go:250.102,263.2 4 0
github.com/StevanoZ/dv-notification/db/repository/user.sql.go:283.105,306.2 4 0
github.com/StevanoZ/dv-notification/dtos/mapping/mapping_response.go:8.80,20.2 1 0
github.com/StevanoZ/dv-notification/handler/notification_handler.go:25.90,29.2 1 1
github.com/StevanoZ/dv-notification/handler/notification_handler.go:31.80,33.2 1 0
github.com/StevanoZ/dv-notification/handler/notification_handler.go:35.67,46.62 8 1
github.com/StevanoZ/dv-notification/handler/notification_handler.go:46.62,48.3 1 0
github.com/StevanoZ/dv-notification/handler/notification_handler.go:51.82,53.2 1 1
github.com/StevanoZ/dv-notification/handler/notification_handler.go:55.81,57.2 1 1
github.com/StevanoZ/dv-notification/handler/notification_handler.go:59.86,61.2 1 1
github.com/StevanoZ/dv-notification/main.go:11.13,24.2 9 1
github.com/StevanoZ/dv-notification/db/repository/db.go:19.28,21.2 1 1
github.com/StevanoZ/dv-notification/db/repository/db.go:27.47,31.2 1 0
