mode: atomic
github.com/StevanoZ/dv-notification/service/notification_service.go:26.19,31.2 1 1
github.com/StevanoZ/dv-notification/service/notification_service.go:33.89,34.110 1 3
github.com/StevanoZ/dv-notification/service/notification_service.go:63.2,63.28 1 3
github.com/StevanoZ/dv-notification/service/notification_service.go:34.110,35.19 1 3
github.com/StevanoZ/dv-notification/service/notification_service.go:39.3,39.20 1 3
github.com/StevanoZ/dv-notification/service/notification_service.go:45.3,47.46 2 2
github.com/StevanoZ/dv-notification/service/notification_service.go:35.19,37.4 1 3
github.com/StevanoZ/dv-notification/service/notification_service.go:39.20,42.4 2 1
github.com/StevanoZ/dv-notification/service/notification_service.go:47.46,51.18 3 2
github.com/StevanoZ/dv-notification/service/notification_service.go:51.18,53.5 1 1
github.com/StevanoZ/dv-notification/service/notification_service.go:53.10,60.5 3 1
github.com/StevanoZ/dv-notification/handler/notification_handler.go:23.90,27.2 1 0
github.com/StevanoZ/dv-notification/handler/notification_handler.go:29.80,31.2 1 0
github.com/StevanoZ/dv-notification/handler/notification_handler.go:33.67,44.62 8 0
github.com/StevanoZ/dv-notification/handler/notification_handler.go:44.62,46.3 1 0
github.com/StevanoZ/dv-notification/handler/notification_handler.go:49.86,51.2 1 0
github.com/StevanoZ/dv-notification/app/server.go:31.10,37.2 1 0
github.com/StevanoZ/dv-notification/app/server.go:39.30,45.12 4 0
github.com/StevanoZ/dv-notification/app/server.go:50.2,53.8 3 0
github.com/StevanoZ/dv-notification/app/server.go:45.12,48.3 2 0
github.com/StevanoZ/dv-notification/app/server.go:56.55,58.2 1 0
github.com/StevanoZ/dv-notification/handler/notification_handler.go:23.90,27.2 1 1
github.com/StevanoZ/dv-notification/handler/notification_handler.go:29.80,31.2 1 1
github.com/StevanoZ/dv-notification/handler/notification_handler.go:33.67,44.62 8 1
github.com/StevanoZ/dv-notification/handler/notification_handler.go:44.62,46.3 1 1
github.com/StevanoZ/dv-notification/handler/notification_handler.go:49.86,51.2 1 1
github.com/StevanoZ/dv-notification/service/notification_service.go:26.19,31.2 1 0
github.com/StevanoZ/dv-notification/service/notification_service.go:33.89,34.110 1 0
github.com/StevanoZ/dv-notification/service/notification_service.go:63.2,63.28 1 0
github.com/StevanoZ/dv-notification/service/notification_service.go:34.110,35.19 1 0
github.com/StevanoZ/dv-notification/service/notification_service.go:39.3,39.20 1 0
github.com/StevanoZ/dv-notification/service/notification_service.go:45.3,47.46 2 0
github.com/StevanoZ/dv-notification/service/notification_service.go:35.19,37.4 1 0
github.com/StevanoZ/dv-notification/service/notification_service.go:39.20,42.4 2 0
github.com/StevanoZ/dv-notification/service/notification_service.go:47.46,51.18 3 0
github.com/StevanoZ/dv-notification/service/notification_service.go:51.18,53.5 1 0
github.com/StevanoZ/dv-notification/service/notification_service.go:53.10,60.5 3 0
github.com/StevanoZ/dv-notification/app/server.go:31.10,37.2 1 0
github.com/StevanoZ/dv-notification/app/server.go:39.30,45.12 4 0
github.com/StevanoZ/dv-notification/app/server.go:50.2,53.8 3 0
github.com/StevanoZ/dv-notification/app/server.go:45.12,48.3 2 0
github.com/StevanoZ/dv-notification/app/server.go:56.55,58.2 1 0
github.com/StevanoZ/dv-notification/handler/notification_handler.go:23.90,27.2 1 3
github.com/StevanoZ/dv-notification/handler/notification_handler.go:29.80,31.2 1 0
github.com/StevanoZ/dv-notification/handler/notification_handler.go:33.67,44.62 8 1
github.com/StevanoZ/dv-notification/handler/notification_handler.go:44.62,46.3 1 0
github.com/StevanoZ/dv-notification/handler/notification_handler.go:49.86,51.2 1 1
github.com/StevanoZ/dv-notification/app/server.go:31.10,37.2 1 3
github.com/StevanoZ/dv-notification/app/server.go:39.30,45.12 4 1
github.com/StevanoZ/dv-notification/app/server.go:50.2,53.8 3 1
github.com/StevanoZ/dv-notification/app/server.go:45.12,48.3 2 1
github.com/StevanoZ/dv-notification/app/server.go:56.55,58.2 1 1
github.com/StevanoZ/dv-notification/service/notification_service.go:26.19,31.2 1 0
github.com/StevanoZ/dv-notification/service/notification_service.go:33.89,34.110 1 0
github.com/StevanoZ/dv-notification/service/notification_service.go:63.2,63.28 1 0
github.com/StevanoZ/dv-notification/service/notification_service.go:34.110,35.19 1 0
github.com/StevanoZ/dv-notification/service/notification_service.go:39.3,39.20 1 0
github.com/StevanoZ/dv-notification/service/notification_service.go:45.3,47.46 2 0
github.com/StevanoZ/dv-notification/service/notification_service.go:35.19,37.4 1 0
github.com/StevanoZ/dv-notification/service/notification_service.go:39.20,42.4 2 0
github.com/StevanoZ/dv-notification/service/notification_service.go:47.46,51.18 3 0
github.com/StevanoZ/dv-notification/service/notification_service.go:51.18,53.5 1 0
github.com/StevanoZ/dv-notification/service/notification_service.go:53.10,60.5 3 0
