mode: atomic
github.com/StevanoZ/dv-user/service/user_service.go:59.11,68.2 1 0
github.com/StevanoZ/dv-user/service/user_service.go:70.94,72.75 2 0
github.com/StevanoZ/dv-user/service/user_service.go:115.2,117.17 2 0
github.com/StevanoZ/dv-user/service/user_service.go:72.75,76.41 3 0
github.com/StevanoZ/dv-user/service/user_service.go:80.3,80.23 1 0
github.com/StevanoZ/dv-user/service/user_service.go:83.3,85.17 2 0
github.com/StevanoZ/dv-user/service/user_service.go:88.3,94.17 7 0
github.com/StevanoZ/dv-user/service/user_service.go:98.3,100.13 2 0
github.com/StevanoZ/dv-user/service/user_service.go:107.3,107.13 1 0
github.com/StevanoZ/dv-user/service/user_service.go:112.3,112.13 1 0
github.com/StevanoZ/dv-user/service/user_service.go:76.41,78.4 1 0
github.com/StevanoZ/dv-user/service/user_service.go:80.23,82.4 1 0
github.com/StevanoZ/dv-user/service/user_service.go:85.17,87.4 1 0
github.com/StevanoZ/dv-user/service/user_service.go:94.17,96.4 1 0
github.com/StevanoZ/dv-user/service/user_service.go:100.13,105.4 1 0
github.com/StevanoZ/dv-user/service/user_service.go:107.13,110.4 2 0
github.com/StevanoZ/dv-user/service/user_service.go:120.101,122.75 2 0
github.com/StevanoZ/dv-user/service/user_service.go:155.2,157.26 2 0
github.com/StevanoZ/dv-user/service/user_service.go:122.75,127.17 3 0
github.com/StevanoZ/dv-user/service/user_service.go:131.3,131.34 1 0
github.com/StevanoZ/dv-user/service/user_service.go:134.3,136.17 2 0
github.com/StevanoZ/dv-user/service/user_service.go:140.3,147.17 3 0
github.com/StevanoZ/dv-user/service/user_service.go:150.3,152.13 2 0
github.com/StevanoZ/dv-user/service/user_service.go:127.17,129.4 1 0
github.com/StevanoZ/dv-user/service/user_service.go:131.34,133.4 1 0
github.com/StevanoZ/dv-user/service/user_service.go:136.17,138.4 1 0
github.com/StevanoZ/dv-user/service/user_service.go:147.17,149.4 1 0
github.com/StevanoZ/dv-user/service/user_service.go:160.120,163.75 2 0
github.com/StevanoZ/dv-user/service/user_service.go:190.2,192.12 2 0
github.com/StevanoZ/dv-user/service/user_service.go:198.2,198.17 1 0
github.com/StevanoZ/dv-user/service/user_service.go:163.75,168.17 3 0
github.com/StevanoZ/dv-user/service/user_service.go:172.3,182.17 2 0
github.com/StevanoZ/dv-user/service/user_service.go:186.3,187.13 2 0
github.com/StevanoZ/dv-user/service/user_service.go:168.17,170.4 1 0
github.com/StevanoZ/dv-user/service/user_service.go:182.17,184.4 1 0
github.com/StevanoZ/dv-user/service/user_service.go:192.12,196.3 3 0
github.com/StevanoZ/dv-user/service/user_service.go:200.109,202.75 2 0
github.com/StevanoZ/dv-user/service/user_service.go:267.2,269.12 2 0
github.com/StevanoZ/dv-user/service/user_service.go:274.2,274.26 1 0
github.com/StevanoZ/dv-user/service/user_service.go:202.75,208.17 3 0
github.com/StevanoZ/dv-user/service/user_service.go:212.3,212.30 1 0
github.com/StevanoZ/dv-user/service/user_service.go:216.3,216.28 1 0
github.com/StevanoZ/dv-user/service/user_service.go:220.3,222.37 2 0
github.com/StevanoZ/dv-user/service/user_service.go:226.3,228.17 2 0
github.com/StevanoZ/dv-user/service/user_service.go:232.3,232.37 1 0
github.com/StevanoZ/dv-user/service/user_service.go:241.3,248.17 6 0
github.com/StevanoZ/dv-user/service/user_service.go:252.3,260.17 3 0
github.com/StevanoZ/dv-user/service/user_service.go:263.3,264.13 2 0
github.com/StevanoZ/dv-user/service/user_service.go:208.17,210.4 1 0
github.com/StevanoZ/dv-user/service/user_service.go:212.30,214.4 1 0
github.com/StevanoZ/dv-user/service/user_service.go:216.28,218.4 1 0
github.com/StevanoZ/dv-user/service/user_service.go:222.37,224.4 1 0
github.com/StevanoZ/dv-user/service/user_service.go:228.17,230.4 1 0
github.com/StevanoZ/dv-user/service/user_service.go:232.37,236.18 4 0
github.com/StevanoZ/dv-user/service/user_service.go:239.4,239.58 1 0
github.com/StevanoZ/dv-user/service/user_service.go:236.18,238.5 1 0
github.com/StevanoZ/dv-user/service/user_service.go:248.17,250.4 1 0
github.com/StevanoZ/dv-user/service/user_service.go:260.17,262.4 1 0
github.com/StevanoZ/dv-user/service/user_service.go:269.12,272.3 2 0
github.com/StevanoZ/dv-user/service/user_service.go:277.82,278.75 1 0
github.com/StevanoZ/dv-user/service/user_service.go:322.2,322.30 1 0
github.com/StevanoZ/dv-user/service/user_service.go:278.75,284.17 3 0
github.com/StevanoZ/dv-user/service/user_service.go:288.3,288.30 1 0
github.com/StevanoZ/dv-user/service/user_service.go:292.3,292.28 1 0
github.com/StevanoZ/dv-user/service/user_service.go:296.3,308.17 3 0
github.com/StevanoZ/dv-user/service/user_service.go:312.3,312.13 1 0
github.com/StevanoZ/dv-user/service/user_service.go:319.3,319.13 1 0
github.com/StevanoZ/dv-user/service/user_service.go:284.17,286.4 1 0
github.com/StevanoZ/dv-user/service/user_service.go:288.30,290.4 1 0
github.com/StevanoZ/dv-user/service/user_service.go:292.28,294.4 1 0
github.com/StevanoZ/dv-user/service/user_service.go:308.17,310.4 1 0
github.com/StevanoZ/dv-user/service/user_service.go:312.13,317.4 1 0
github.com/StevanoZ/dv-user/service/user_service.go:326.131,329.75 2 0
github.com/StevanoZ/dv-user/service/user_service.go:387.2,389.12 2 0
github.com/StevanoZ/dv-user/service/user_service.go:446.2,446.12 1 0
github.com/StevanoZ/dv-user/service/user_service.go:452.2,452.23 1 0
github.com/StevanoZ/dv-user/service/user_service.go:329.75,334.22 4 0
github.com/StevanoZ/dv-user/service/user_service.go:338.3,338.24 1 0
github.com/StevanoZ/dv-user/service/user_service.go:381.3,381.36 1 0
github.com/StevanoZ/dv-user/service/user_service.go:384.3,384.13 1 0
github.com/StevanoZ/dv-user/service/user_service.go:334.22,336.4 1 0
github.com/StevanoZ/dv-user/service/user_service.go:338.24,343.18 4 0
github.com/StevanoZ/dv-user/service/user_service.go:347.4,347.24 1 0
github.com/StevanoZ/dv-user/service/user_service.go:343.18,345.5 1 0
github.com/StevanoZ/dv-user/service/user_service.go:347.24,355.19 6 0
github.com/StevanoZ/dv-user/service/user_service.go:359.5,371.19 5 0
github.com/StevanoZ/dv-user/service/user_service.go:375.5,377.15 2 0
github.com/StevanoZ/dv-user/service/user_service.go:355.19,357.6 1 0
github.com/StevanoZ/dv-user/service/user_service.go:371.19,373.6 1 0
github.com/StevanoZ/dv-user/service/user_service.go:381.36,383.4 1 0
github.com/StevanoZ/dv-user/service/user_service.go:389.12,392.69 3 0
github.com/StevanoZ/dv-user/service/user_service.go:392.69,395.18 3 0
github.com/StevanoZ/dv-user/service/user_service.go:399.4,406.34 6 0
github.com/StevanoZ/dv-user/service/user_service.go:413.4,413.21 1 0
github.com/StevanoZ/dv-user/service/user_service.go:436.4,436.37 1 0
github.com/StevanoZ/dv-user/service/user_service.go:441.4,441.14 1 0
github.com/StevanoZ/dv-user/service/user_service.go:395.18,397.5 1 0
github.com/StevanoZ/dv-user/service/user_service.go:406.34,407.18 1 0
github.com/StevanoZ/dv-user/service/user_service.go:407.18,409.11 2 0
github.com/StevanoZ/dv-user/service/user_service.go:413.21,420.25 4 0
github.com/StevanoZ/dv-user/service/user_service.go:424.5,424.25 1 0
github.com/StevanoZ/dv-user/service/user_service.go:420.25,423.6 2 0
github.com/StevanoZ/dv-user/service/user_service.go:424.25,433.6 3 0
github.com/StevanoZ/dv-user/service/user_service.go:436.37,438.5 1 0
github.com/StevanoZ/dv-user/service/user_service.go:438.10,438.33 1 0
github.com/StevanoZ/dv-user/service/user_service.go:438.33,440.5 1 0
github.com/StevanoZ/dv-user/service/user_service.go:446.12,450.3 3 0
github.com/StevanoZ/dv-user/service/user_service.go:455.101,459.127 3 0
github.com/StevanoZ/dv-user/service/user_service.go:488.2,491.23 3 0
github.com/StevanoZ/dv-user/service/user_service.go:459.127,462.17 2 0
github.com/StevanoZ/dv-user/service/user_service.go:466.3,467.29 2 0
github.com/StevanoZ/dv-user/service/user_service.go:481.3,481.36 1 0
github.com/StevanoZ/dv-user/service/user_service.go:485.3,485.24 1 0
github.com/StevanoZ/dv-user/service/user_service.go:462.17,464.4 1 0
github.com/StevanoZ/dv-user/service/user_service.go:467.29,469.24 2 0
github.com/StevanoZ/dv-user/service/user_service.go:469.24,471.19 2 0
github.com/StevanoZ/dv-user/service/user_service.go:474.5,477.15 4 0
github.com/StevanoZ/dv-user/service/user_service.go:471.19,473.6 1 0
github.com/StevanoZ/dv-user/service/user_service.go:481.36,483.4 1 0
github.com/StevanoZ/dv-user/service/user_service.go:494.117,497.75 2 0
github.com/StevanoZ/dv-user/service/user_service.go:569.2,571.12 2 0
github.com/StevanoZ/dv-user/service/user_service.go:577.2,577.22 1 0
github.com/StevanoZ/dv-user/service/user_service.go:497.75,504.17 4 0
github.com/StevanoZ/dv-user/service/user_service.go:508.3,516.34 6 0
github.com/StevanoZ/dv-user/service/user_service.go:530.3,530.28 1 0
github.com/StevanoZ/dv-user/service/user_service.go:534.3,534.23 1 0
github.com/StevanoZ/dv-user/service/user_service.go:555.3,555.23 1 0
github.com/StevanoZ/dv-user/service/user_service.go:563.3,563.36 1 0
github.com/StevanoZ/dv-user/service/user_service.go:566.3,566.13 1 0
github.com/StevanoZ/dv-user/service/user_service.go:504.17,506.4 1 0
github.com/StevanoZ/dv-user/service/user_service.go:516.34,517.39 1 0
github.com/StevanoZ/dv-user/service/user_service.go:521.4,521.39 1 0
github.com/StevanoZ/dv-user/service/user_service.go:525.4,525.25 1 0
github.com/StevanoZ/dv-user/service/user_service.go:517.39,519.5 1 0
github.com/StevanoZ/dv-user/service/user_service.go:521.39,523.5 1 0
github.com/StevanoZ/dv-user/service/user_service.go:525.25,528.5 2 0
github.com/StevanoZ/dv-user/service/user_service.go:530.28,532.4 1 0
github.com/StevanoZ/dv-user/service/user_service.go:534.23,540.18 2 0
github.com/StevanoZ/dv-user/service/user_service.go:543.4,552.14 4 0
github.com/StevanoZ/dv-user/service/user_service.go:540.18,542.5 1 0
github.com/StevanoZ/dv-user/service/user_service.go:555.23,561.4 2 0
github.com/StevanoZ/dv-user/service/user_service.go:563.36,565.4 1 0
github.com/StevanoZ/dv-user/service/user_service.go:571.12,575.3 3 0
github.com/StevanoZ/dv-user/service/user_service.go:580.93,582.75 1 0
github.com/StevanoZ/dv-user/service/user_service.go:614.2,616.12 2 0
github.com/StevanoZ/dv-user/service/user_service.go:582.75,588.17 4 0
github.com/StevanoZ/dv-user/service/user_service.go:592.3,592.29 1 0
github.com/StevanoZ/dv-user/service/user_service.go:596.3,596.19 1 0
github.com/StevanoZ/dv-user/service/user_service.go:600.3,600.23 1 0
github.com/StevanoZ/dv-user/service/user_service.go:604.3,604.23 1 0
github.com/StevanoZ/dv-user/service/user_service.go:608.3,608.36 1 0
github.com/StevanoZ/dv-user/service/user_service.go:611.3,611.13 1 0
github.com/StevanoZ/dv-user/service/user_service.go:588.17,590.4 1 0
github.com/StevanoZ/dv-user/service/user_service.go:592.29,594.4 1 0
github.com/StevanoZ/dv-user/service/user_service.go:596.19,598.4 1 0
github.com/StevanoZ/dv-user/service/user_service.go:600.23,602.4 1 0
github.com/StevanoZ/dv-user/service/user_service.go:604.23,606.4 1 0
github.com/StevanoZ/dv-user/service/user_service.go:608.36,610.4 1 0
github.com/StevanoZ/dv-user/service/user_service.go:616.12,620.3 3 0
github.com/StevanoZ/dv-user/service/user_service.go:623.115,641.119 9 0
github.com/StevanoZ/dv-user/service/user_service.go:689.2,692.28 3 0
github.com/StevanoZ/dv-user/service/user_service.go:641.119,642.24 1 0
github.com/StevanoZ/dv-user/service/user_service.go:647.3,647.24 1 0
github.com/StevanoZ/dv-user/service/user_service.go:656.3,656.37 1 0
github.com/StevanoZ/dv-user/service/user_service.go:660.3,661.24 2 0
github.com/StevanoZ/dv-user/service/user_service.go:679.3,679.37 1 0
github.com/StevanoZ/dv-user/service/user_service.go:683.3,686.29 3 0
github.com/StevanoZ/dv-user/service/user_service.go:642.24,645.4 2 0
github.com/StevanoZ/dv-user/service/user_service.go:647.24,654.4 2 0
github.com/StevanoZ/dv-user/service/user_service.go:656.37,658.4 1 0
github.com/StevanoZ/dv-user/service/user_service.go:661.24,664.25 2 0
github.com/StevanoZ/dv-user/service/user_service.go:664.25,665.41 1 0
github.com/StevanoZ/dv-user/service/user_service.go:672.5,675.15 3 0
github.com/StevanoZ/dv-user/service/user_service.go:665.41,667.20 2 0
github.com/StevanoZ/dv-user/service/user_service.go:670.6,670.46 1 0
github.com/StevanoZ/dv-user/service/user_service.go:667.20,669.7 1 0
github.com/StevanoZ/dv-user/service/user_service.go:679.37,681.4 1 0
github.com/StevanoZ/dv-user/service/user_service.go:695.98,698.121 3 0
github.com/StevanoZ/dv-user/service/user_service.go:738.2,741.27 3 0
github.com/StevanoZ/dv-user/service/user_service.go:698.121,702.17 2 0
github.com/StevanoZ/dv-user/service/user_service.go:706.3,708.44 2 0
github.com/StevanoZ/dv-user/service/user_service.go:731.3,731.36 1 0
github.com/StevanoZ/dv-user/service/user_service.go:735.3,735.28 1 0
github.com/StevanoZ/dv-user/service/user_service.go:702.17,704.4 1 0
github.com/StevanoZ/dv-user/service/user_service.go:708.44,712.24 3 0
github.com/StevanoZ/dv-user/service/user_service.go:712.24,714.19 1 0
github.com/StevanoZ/dv-user/service/user_service.go:727.5,727.15 1 0
github.com/StevanoZ/dv-user/service/user_service.go:714.19,716.20 2 0
github.com/StevanoZ/dv-user/service/user_service.go:719.6,721.49 2 0
github.com/StevanoZ/dv-user/service/user_service.go:716.20,718.7 1 0
github.com/StevanoZ/dv-user/service/user_service.go:721.49,723.7 1 0
github.com/StevanoZ/dv-user/service/user_service.go:731.36,733.4 1 0
github.com/StevanoZ/dv-user/handler/user_handler.go:39.15,44.2 1 1
github.com/StevanoZ/dv-user/handler/user_handler.go:48.3,63.2 12 1
github.com/StevanoZ/dv-user/handler/user_handler.go:65.74,71.2 4 1
github.com/StevanoZ/dv-user/handler/user_handler.go:73.73,79.2 4 1
github.com/StevanoZ/dv-user/handler/user_handler.go:81.78,90.2 6 1
github.com/StevanoZ/dv-user/handler/user_handler.go:92.77,98.2 4 1
github.com/StevanoZ/dv-user/handler/user_handler.go:100.77,106.2 4 1
github.com/StevanoZ/dv-user/handler/user_handler.go:108.80,112.16 3 2
github.com/StevanoZ/dv-user/handler/user_handler.go:116.2,121.46 4 1
github.com/StevanoZ/dv-user/handler/user_handler.go:112.16,114.3 1 1
github.com/StevanoZ/dv-user/handler/user_handler.go:124.80,132.2 5 1
github.com/StevanoZ/dv-user/handler/user_handler.go:134.76,153.2 9 1
github.com/StevanoZ/dv-user/handler/user_handler.go:155.75,160.2 3 1
github.com/StevanoZ/dv-user/handler/user_handler.go:162.81,168.2 3 1
github.com/StevanoZ/dv-user/handler/user_handler.go:170.79,179.2 5 1
github.com/StevanoZ/dv-user/db/user/sqlc/db.go:19.28,21.2 1 0
github.com/StevanoZ/dv-user/db/user/sqlc/db.go:27.47,31.2 1 0
github.com/StevanoZ/dv-user/dtos/mapping/mapping_response.go:13.54,24.2 1 0
github.com/StevanoZ/dv-user/dtos/mapping/mapping_response.go:26.72,37.2 1 0
github.com/StevanoZ/dv-user/dtos/mapping/mapping_response.go:39.70,49.2 1 0
github.com/StevanoZ/dv-user/dtos/mapping/mapping_response.go:51.91,56.29 4 0
github.com/StevanoZ/dv-user/dtos/mapping/mapping_response.go:63.2,74.3 1 0
github.com/StevanoZ/dv-user/dtos/mapping/mapping_response.go:56.29,57.40 1 0
github.com/StevanoZ/dv-user/dtos/mapping/mapping_response.go:57.40,60.4 2 0
github.com/StevanoZ/dv-user/dtos/mapping/mapping_response.go:77.79,82.28 4 1
github.com/StevanoZ/dv-user/dtos/mapping/mapping_response.go:90.2,90.14 1 1
github.com/StevanoZ/dv-user/dtos/mapping/mapping_response.go:96.2,101.3 1 1
github.com/StevanoZ/dv-user/dtos/mapping/mapping_response.go:82.28,85.3 2 1
github.com/StevanoZ/dv-user/dtos/mapping/mapping_response.go:85.8,88.3 2 0
github.com/StevanoZ/dv-user/dtos/mapping/mapping_response.go:90.14,92.3 1 0
github.com/StevanoZ/dv-user/dtos/mapping/mapping_response.go:92.8,94.3 1 1
github.com/StevanoZ/dv-user/dtos/mapping/mapping_response.go:105.71,112.2 1 0
github.com/StevanoZ/dv-user/dtos/mapping/mapping_response.go:114.69,124.2 1 0
github.com/StevanoZ/dv-user/main.go:10.13,17.16 5 0
github.com/StevanoZ/dv-user/main.go:21.2,21.13 1 0
github.com/StevanoZ/dv-user/main.go:17.16,19.3 1 0
github.com/StevanoZ/dv-user/db/user/sqlc/user.sql.go:29.87,53.2 4 0
github.com/StevanoZ/dv-user/db/user/sqlc/user.sql.go:69.102,88.2 4 0
github.com/StevanoZ/dv-user/db/user/sqlc/user.sql.go:94.71,97.2 2 0
github.com/StevanoZ/dv-user/db/user/sqlc/user.sql.go:103.76,106.2 2 0
github.com/StevanoZ/dv-user/db/user/sqlc/user.sql.go:112.84,130.2 4 0
github.com/StevanoZ/dv-user/db/user/sqlc/user.sql.go:136.81,154.2 4 0
github.com/StevanoZ/dv-user/db/user/sqlc/user.sql.go:160.91,173.2 4 0
github.com/StevanoZ/dv-user/db/user/sqlc/user.sql.go:179.102,181.16 2 0
github.com/StevanoZ/dv-user/db/user/sqlc/user.sql.go:184.2,186.18 3 0
github.com/StevanoZ/dv-user/db/user/sqlc/user.sql.go:201.2,201.37 1 0
github.com/StevanoZ/dv-user/db/user/sqlc/user.sql.go:204.2,204.35 1 0
github.com/StevanoZ/dv-user/db/user/sqlc/user.sql.go:207.2,207.19 1 0
github.com/StevanoZ/dv-user/db/user/sqlc/user.sql.go:181.16,183.3 1 0
github.com/StevanoZ/dv-user/db/user/sqlc/user.sql.go:186.18,196.17 2 0
github.com/StevanoZ/dv-user/db/user/sqlc/user.sql.go:199.3,199.27 1 0
github.com/StevanoZ/dv-user/db/user/sqlc/user.sql.go:196.17,198.4 1 0
github.com/StevanoZ/dv-user/db/user/sqlc/user.sql.go:201.37,203.3 1 0
github.com/StevanoZ/dv-user/db/user/sqlc/user.sql.go:204.35,206.3 1 0
github.com/StevanoZ/dv-user/db/user/sqlc/user.sql.go:232.104,251.2 4 0
github.com/StevanoZ/dv-user/db/user/sqlc/user.sql.go:285.87,294.16 2 0
github.com/StevanoZ/dv-user/db/user/sqlc/user.sql.go:297.2,299.18 3 0
github.com/StevanoZ/dv-user/db/user/sqlc/user.sql.go:319.2,319.37 1 0
github.com/StevanoZ/dv-user/db/user/sqlc/user.sql.go:322.2,322.35 1 0
github.com/StevanoZ/dv-user/db/user/sqlc/user.sql.go:325.2,325.19 1 0
github.com/StevanoZ/dv-user/db/user/sqlc/user.sql.go:294.16,296.3 1 0
github.com/StevanoZ/dv-user/db/user/sqlc/user.sql.go:299.18,314.17 2 0
github.com/StevanoZ/dv-user/db/user/sqlc/user.sql.go:317.3,317.27 1 0
github.com/StevanoZ/dv-user/db/user/sqlc/user.sql.go:314.17,316.4 1 0
github.com/StevanoZ/dv-user/db/user/sqlc/user.sql.go:319.37,321.3 1 0
github.com/StevanoZ/dv-user/db/user/sqlc/user.sql.go:322.35,324.3 1 0
github.com/StevanoZ/dv-user/db/user/sqlc/user.sql.go:348.114,353.2 4 0
github.com/StevanoZ/dv-user/db/user/sqlc/user.sql.go:371.87,397.2 4 0
github.com/StevanoZ/dv-user/db/user/sqlc/user.sql.go:408.102,421.2 4 0
github.com/StevanoZ/dv-user/db/user/sqlc/user.sql.go:434.105,452.2 4 0
github.com/StevanoZ/dv-user/db/user/sqlc/user_repository.go:35.39,40.2 1 0
github.com/StevanoZ/dv-user/db/user/sqlc/user_repository.go:42.51,46.2 1 0
github.com/StevanoZ/dv-user/db/user/sqlc/user_repository.go:48.40,50.2 1 0
github.com/StevanoZ/dv-user/app/server.go:30.10,36.2 1 0
github.com/StevanoZ/dv-user/app/server.go:38.30,49.2 7 0
github.com/StevanoZ/dv-user/handler/user_handler.go:39.15,44.2 1 2
github.com/StevanoZ/dv-user/handler/user_handler.go:48.3,63.2 12 1
github.com/StevanoZ/dv-user/handler/user_handler.go:65.74,71.2 4 0
github.com/StevanoZ/dv-user/handler/user_handler.go:73.73,79.2 4 0
github.com/StevanoZ/dv-user/handler/user_handler.go:81.78,90.2 6 0
github.com/StevanoZ/dv-user/handler/user_handler.go:92.77,98.2 4 0
github.com/StevanoZ/dv-user/handler/user_handler.go:100.77,106.2 4 0
github.com/StevanoZ/dv-user/handler/user_handler.go:108.80,112.16 3 0
github.com/StevanoZ/dv-user/handler/user_handler.go:116.2,121.46 4 0
github.com/StevanoZ/dv-user/handler/user_handler.go:112.16,114.3 1 0
github.com/StevanoZ/dv-user/handler/user_handler.go:124.80,132.2 5 0
github.com/StevanoZ/dv-user/handler/user_handler.go:134.76,153.2 9 0
github.com/StevanoZ/dv-user/handler/user_handler.go:155.75,160.2 3 0
github.com/StevanoZ/dv-user/handler/user_handler.go:162.81,168.2 3 0
github.com/StevanoZ/dv-user/handler/user_handler.go:170.79,179.2 5 0
github.com/StevanoZ/dv-user/db/user/sqlc/db.go:19.28,21.2 1 0
github.com/StevanoZ/dv-user/db/user/sqlc/db.go:27.47,31.2 1 0
github.com/StevanoZ/dv-user/dtos/mapping/mapping_response.go:13.54,24.2 1 0
github.com/StevanoZ/dv-user/dtos/mapping/mapping_response.go:26.72,37.2 1 0
github.com/StevanoZ/dv-user/dtos/mapping/mapping_response.go:39.70,49.2 1 0
github.com/StevanoZ/dv-user/dtos/mapping/mapping_response.go:51.91,56.29 4 0
github.com/StevanoZ/dv-user/dtos/mapping/mapping_response.go:63.2,74.3 1 0
github.com/StevanoZ/dv-user/dtos/mapping/mapping_response.go:56.29,57.40 1 0
github.com/StevanoZ/dv-user/dtos/mapping/mapping_response.go:57.40,60.4 2 0
github.com/StevanoZ/dv-user/dtos/mapping/mapping_response.go:77.79,82.28 4 0
github.com/StevanoZ/dv-user/dtos/mapping/mapping_response.go:90.2,90.14 1 0
github.com/StevanoZ/dv-user/dtos/mapping/mapping_response.go:96.2,101.3 1 0
github.com/StevanoZ/dv-user/dtos/mapping/mapping_response.go:82.28,85.3 2 0
github.com/StevanoZ/dv-user/dtos/mapping/mapping_response.go:85.8,88.3 2 0
github.com/StevanoZ/dv-user/dtos/mapping/mapping_response.go:90.14,92.3 1 0
github.com/StevanoZ/dv-user/dtos/mapping/mapping_response.go:92.8,94.3 1 0
github.com/StevanoZ/dv-user/dtos/mapping/mapping_response.go:105.71,112.2 1 0
github.com/StevanoZ/dv-user/dtos/mapping/mapping_response.go:114.69,124.2 1 0
github.com/StevanoZ/dv-user/service/user_service.go:59.11,68.2 1 0
github.com/StevanoZ/dv-user/service/user_service.go:70.94,72.75 2 0
github.com/StevanoZ/dv-user/service/user_service.go:115.2,117.17 2 0
github.com/StevanoZ/dv-user/service/user_service.go:72.75,76.41 3 0
github.com/StevanoZ/dv-user/service/user_service.go:80.3,80.23 1 0
github.com/StevanoZ/dv-user/service/user_service.go:83.3,85.17 2 0
github.com/StevanoZ/dv-user/service/user_service.go:88.3,94.17 7 0
github.com/StevanoZ/dv-user/service/user_service.go:98.3,100.13 2 0
github.com/StevanoZ/dv-user/service/user_service.go:107.3,107.13 1 0
github.com/StevanoZ/dv-user/service/user_service.go:112.3,112.13 1 0
github.com/StevanoZ/dv-user/service/user_service.go:76.41,78.4 1 0
github.com/StevanoZ/dv-user/service/user_service.go:80.23,82.4 1 0
github.com/StevanoZ/dv-user/service/user_service.go:85.17,87.4 1 0
github.com/StevanoZ/dv-user/service/user_service.go:94.17,96.4 1 0
github.com/StevanoZ/dv-user/service/user_service.go:100.13,105.4 1 0
github.com/StevanoZ/dv-user/service/user_service.go:107.13,110.4 2 0
github.com/StevanoZ/dv-user/service/user_service.go:120.101,122.75 2 0
github.com/StevanoZ/dv-user/service/user_service.go:155.2,157.26 2 0
github.com/StevanoZ/dv-user/service/user_service.go:122.75,127.17 3 0
github.com/StevanoZ/dv-user/service/user_service.go:131.3,131.34 1 0
github.com/StevanoZ/dv-user/service/user_service.go:134.3,136.17 2 0
github.com/StevanoZ/dv-user/service/user_service.go:140.3,147.17 3 0
github.com/StevanoZ/dv-user/service/user_service.go:150.3,152.13 2 0
github.com/StevanoZ/dv-user/service/user_service.go:127.17,129.4 1 0
github.com/StevanoZ/dv-user/service/user_service.go:131.34,133.4 1 0
github.com/StevanoZ/dv-user/service/user_service.go:136.17,138.4 1 0
github.com/StevanoZ/dv-user/service/user_service.go:147.17,149.4 1 0
github.com/StevanoZ/dv-user/service/user_service.go:160.120,163.75 2 0
github.com/StevanoZ/dv-user/service/user_service.go:190.2,192.12 2 0
github.com/StevanoZ/dv-user/service/user_service.go:198.2,198.17 1 0
github.com/StevanoZ/dv-user/service/user_service.go:163.75,168.17 3 0
github.com/StevanoZ/dv-user/service/user_service.go:172.3,182.17 2 0
github.com/StevanoZ/dv-user/service/user_service.go:186.3,187.13 2 0
github.com/StevanoZ/dv-user/service/user_service.go:168.17,170.4 1 0
github.com/StevanoZ/dv-user/service/user_service.go:182.17,184.4 1 0
github.com/StevanoZ/dv-user/service/user_service.go:192.12,196.3 3 0
github.com/StevanoZ/dv-user/service/user_service.go:200.109,202.75 2 0
github.com/StevanoZ/dv-user/service/user_service.go:267.2,269.12 2 0
github.com/StevanoZ/dv-user/service/user_service.go:274.2,274.26 1 0
github.com/StevanoZ/dv-user/service/user_service.go:202.75,208.17 3 0
github.com/StevanoZ/dv-user/service/user_service.go:212.3,212.30 1 0
github.com/StevanoZ/dv-user/service/user_service.go:216.3,216.28 1 0
github.com/StevanoZ/dv-user/service/user_service.go:220.3,222.37 2 0
github.com/StevanoZ/dv-user/service/user_service.go:226.3,228.17 2 0
github.com/StevanoZ/dv-user/service/user_service.go:232.3,232.37 1 0
github.com/StevanoZ/dv-user/service/user_service.go:241.3,248.17 6 0
github.com/StevanoZ/dv-user/service/user_service.go:252.3,260.17 3 0
github.com/StevanoZ/dv-user/service/user_service.go:263.3,264.13 2 0
github.com/StevanoZ/dv-user/service/user_service.go:208.17,210.4 1 0
github.com/StevanoZ/dv-user/service/user_service.go:212.30,214.4 1 0
github.com/StevanoZ/dv-user/service/user_service.go:216.28,218.4 1 0
github.com/StevanoZ/dv-user/service/user_service.go:222.37,224.4 1 0
github.com/StevanoZ/dv-user/service/user_service.go:228.17,230.4 1 0
github.com/StevanoZ/dv-user/service/user_service.go:232.37,236.18 4 0
github.com/StevanoZ/dv-user/service/user_service.go:239.4,239.58 1 0
github.com/StevanoZ/dv-user/service/user_service.go:236.18,238.5 1 0
github.com/StevanoZ/dv-user/service/user_service.go:248.17,250.4 1 0
github.com/StevanoZ/dv-user/service/user_service.go:260.17,262.4 1 0
github.com/StevanoZ/dv-user/service/user_service.go:269.12,272.3 2 0
github.com/StevanoZ/dv-user/service/user_service.go:277.82,278.75 1 0
github.com/StevanoZ/dv-user/service/user_service.go:322.2,322.30 1 0
github.com/StevanoZ/dv-user/service/user_service.go:278.75,284.17 3 0
github.com/StevanoZ/dv-user/service/user_service.go:288.3,288.30 1 0
github.com/StevanoZ/dv-user/service/user_service.go:292.3,292.28 1 0
github.com/StevanoZ/dv-user/service/user_service.go:296.3,308.17 3 0
github.com/StevanoZ/dv-user/service/user_service.go:312.3,312.13 1 0
github.com/StevanoZ/dv-user/service/user_service.go:319.3,319.13 1 0
github.com/StevanoZ/dv-user/service/user_service.go:284.17,286.4 1 0
github.com/StevanoZ/dv-user/service/user_service.go:288.30,290.4 1 0
github.com/StevanoZ/dv-user/service/user_service.go:292.28,294.4 1 0
github.com/StevanoZ/dv-user/service/user_service.go:308.17,310.4 1 0
github.com/StevanoZ/dv-user/service/user_service.go:312.13,317.4 1 0
github.com/StevanoZ/dv-user/service/user_service.go:326.131,329.75 2 0
github.com/StevanoZ/dv-user/service/user_service.go:387.2,389.12 2 0
github.com/StevanoZ/dv-user/service/user_service.go:446.2,446.12 1 0
github.com/StevanoZ/dv-user/service/user_service.go:452.2,452.23 1 0
github.com/StevanoZ/dv-user/service/user_service.go:329.75,334.22 4 0
github.com/StevanoZ/dv-user/service/user_service.go:338.3,338.24 1 0
github.com/StevanoZ/dv-user/service/user_service.go:381.3,381.36 1 0
github.com/StevanoZ/dv-user/service/user_service.go:384.3,384.13 1 0
github.com/StevanoZ/dv-user/service/user_service.go:334.22,336.4 1 0
github.com/StevanoZ/dv-user/service/user_service.go:338.24,343.18 4 0
github.com/StevanoZ/dv-user/service/user_service.go:347.4,347.24 1 0
github.com/StevanoZ/dv-user/service/user_service.go:343.18,345.5 1 0
github.com/StevanoZ/dv-user/service/user_service.go:347.24,355.19 6 0
github.com/StevanoZ/dv-user/service/user_service.go:359.5,371.19 5 0
github.com/StevanoZ/dv-user/service/user_service.go:375.5,377.15 2 0
github.com/StevanoZ/dv-user/service/user_service.go:355.19,357.6 1 0
github.com/StevanoZ/dv-user/service/user_service.go:371.19,373.6 1 0
github.com/StevanoZ/dv-user/service/user_service.go:381.36,383.4 1 0
github.com/StevanoZ/dv-user/service/user_service.go:389.12,392.69 3 0
github.com/StevanoZ/dv-user/service/user_service.go:392.69,395.18 3 0
github.com/StevanoZ/dv-user/service/user_service.go:399.4,406.34 6 0
github.com/StevanoZ/dv-user/service/user_service.go:413.4,413.21 1 0
github.com/StevanoZ/dv-user/service/user_service.go:436.4,436.37 1 0
github.com/StevanoZ/dv-user/service/user_service.go:441.4,441.14 1 0
github.com/StevanoZ/dv-user/service/user_service.go:395.18,397.5 1 0
github.com/StevanoZ/dv-user/service/user_service.go:406.34,407.18 1 0
github.com/StevanoZ/dv-user/service/user_service.go:407.18,409.11 2 0
github.com/StevanoZ/dv-user/service/user_service.go:413.21,420.25 4 0
github.com/StevanoZ/dv-user/service/user_service.go:424.5,424.25 1 0
github.com/StevanoZ/dv-user/service/user_service.go:420.25,423.6 2 0
github.com/StevanoZ/dv-user/service/user_service.go:424.25,433.6 3 0
github.com/StevanoZ/dv-user/service/user_service.go:436.37,438.5 1 0
github.com/StevanoZ/dv-user/service/user_service.go:438.10,438.33 1 0
github.com/StevanoZ/dv-user/service/user_service.go:438.33,440.5 1 0
github.com/StevanoZ/dv-user/service/user_service.go:446.12,450.3 3 0
github.com/StevanoZ/dv-user/service/user_service.go:455.101,459.127 3 0
github.com/StevanoZ/dv-user/service/user_service.go:488.2,491.23 3 0
github.com/StevanoZ/dv-user/service/user_service.go:459.127,462.17 2 0
github.com/StevanoZ/dv-user/service/user_service.go:466.3,467.29 2 0
github.com/StevanoZ/dv-user/service/user_service.go:481.3,481.36 1 0
github.com/StevanoZ/dv-user/service/user_service.go:485.3,485.24 1 0
github.com/StevanoZ/dv-user/service/user_service.go:462.17,464.4 1 0
github.com/StevanoZ/dv-user/service/user_service.go:467.29,469.24 2 0
github.com/StevanoZ/dv-user/service/user_service.go:469.24,471.19 2 0
github.com/StevanoZ/dv-user/service/user_service.go:474.5,477.15 4 0
github.com/StevanoZ/dv-user/service/user_service.go:471.19,473.6 1 0
github.com/StevanoZ/dv-user/service/user_service.go:481.36,483.4 1 0
github.com/StevanoZ/dv-user/service/user_service.go:494.117,497.75 2 0
github.com/StevanoZ/dv-user/service/user_service.go:569.2,571.12 2 0
github.com/StevanoZ/dv-user/service/user_service.go:577.2,577.22 1 0
github.com/StevanoZ/dv-user/service/user_service.go:497.75,504.17 4 0
github.com/StevanoZ/dv-user/service/user_service.go:508.3,516.34 6 0
github.com/StevanoZ/dv-user/service/user_service.go:530.3,530.28 1 0
github.com/StevanoZ/dv-user/service/user_service.go:534.3,534.23 1 0
github.com/StevanoZ/dv-user/service/user_service.go:555.3,555.23 1 0
github.com/StevanoZ/dv-user/service/user_service.go:563.3,563.36 1 0
github.com/StevanoZ/dv-user/service/user_service.go:566.3,566.13 1 0
github.com/StevanoZ/dv-user/service/user_service.go:504.17,506.4 1 0
github.com/StevanoZ/dv-user/service/user_service.go:516.34,517.39 1 0
github.com/StevanoZ/dv-user/service/user_service.go:521.4,521.39 1 0
github.com/StevanoZ/dv-user/service/user_service.go:525.4,525.25 1 0
github.com/StevanoZ/dv-user/service/user_service.go:517.39,519.5 1 0
github.com/StevanoZ/dv-user/service/user_service.go:521.39,523.5 1 0
github.com/StevanoZ/dv-user/service/user_service.go:525.25,528.5 2 0
github.com/StevanoZ/dv-user/service/user_service.go:530.28,532.4 1 0
github.com/StevanoZ/dv-user/service/user_service.go:534.23,540.18 2 0
github.com/StevanoZ/dv-user/service/user_service.go:543.4,552.14 4 0
github.com/StevanoZ/dv-user/service/user_service.go:540.18,542.5 1 0
github.com/StevanoZ/dv-user/service/user_service.go:555.23,561.4 2 0
github.com/StevanoZ/dv-user/service/user_service.go:563.36,565.4 1 0
github.com/StevanoZ/dv-user/service/user_service.go:571.12,575.3 3 0
github.com/StevanoZ/dv-user/service/user_service.go:580.93,582.75 1 0
github.com/StevanoZ/dv-user/service/user_service.go:614.2,616.12 2 0
github.com/StevanoZ/dv-user/service/user_service.go:582.75,588.17 4 0
github.com/StevanoZ/dv-user/service/user_service.go:592.3,592.29 1 0
github.com/StevanoZ/dv-user/service/user_service.go:596.3,596.19 1 0
github.com/StevanoZ/dv-user/service/user_service.go:600.3,600.23 1 0
github.com/StevanoZ/dv-user/service/user_service.go:604.3,604.23 1 0
github.com/StevanoZ/dv-user/service/user_service.go:608.3,608.36 1 0
github.com/StevanoZ/dv-user/service/user_service.go:611.3,611.13 1 0
github.com/StevanoZ/dv-user/service/user_service.go:588.17,590.4 1 0
github.com/StevanoZ/dv-user/service/user_service.go:592.29,594.4 1 0
github.com/StevanoZ/dv-user/service/user_service.go:596.19,598.4 1 0
github.com/StevanoZ/dv-user/service/user_service.go:600.23,602.4 1 0
github.com/StevanoZ/dv-user/service/user_service.go:604.23,606.4 1 0
github.com/StevanoZ/dv-user/service/user_service.go:608.36,610.4 1 0
github.com/StevanoZ/dv-user/service/user_service.go:616.12,620.3 3 0
github.com/StevanoZ/dv-user/service/user_service.go:623.115,641.119 9 0
github.com/StevanoZ/dv-user/service/user_service.go:689.2,692.28 3 0
github.com/StevanoZ/dv-user/service/user_service.go:641.119,642.24 1 0
github.com/StevanoZ/dv-user/service/user_service.go:647.3,647.24 1 0
github.com/StevanoZ/dv-user/service/user_service.go:656.3,656.37 1 0
github.com/StevanoZ/dv-user/service/user_service.go:660.3,661.24 2 0
github.com/StevanoZ/dv-user/service/user_service.go:679.3,679.37 1 0
github.com/StevanoZ/dv-user/service/user_service.go:683.3,686.29 3 0
github.com/StevanoZ/dv-user/service/user_service.go:642.24,645.4 2 0
github.com/StevanoZ/dv-user/service/user_service.go:647.24,654.4 2 0
github.com/StevanoZ/dv-user/service/user_service.go:656.37,658.4 1 0
github.com/StevanoZ/dv-user/service/user_service.go:661.24,664.25 2 0
github.com/StevanoZ/dv-user/service/user_service.go:664.25,665.41 1 0
github.com/StevanoZ/dv-user/service/user_service.go:672.5,675.15 3 0
github.com/StevanoZ/dv-user/service/user_service.go:665.41,667.20 2 0
github.com/StevanoZ/dv-user/service/user_service.go:670.6,670.46 1 0
github.com/StevanoZ/dv-user/service/user_service.go:667.20,669.7 1 0
github.com/StevanoZ/dv-user/service/user_service.go:679.37,681.4 1 0
github.com/StevanoZ/dv-user/service/user_service.go:695.98,698.121 3 0
github.com/StevanoZ/dv-user/service/user_service.go:738.2,741.27 3 0
github.com/StevanoZ/dv-user/service/user_service.go:698.121,702.17 2 0
github.com/StevanoZ/dv-user/service/user_service.go:706.3,708.44 2 0
github.com/StevanoZ/dv-user/service/user_service.go:731.3,731.36 1 0
github.com/StevanoZ/dv-user/service/user_service.go:735.3,735.28 1 0
github.com/StevanoZ/dv-user/service/user_service.go:702.17,704.4 1 0
github.com/StevanoZ/dv-user/service/user_service.go:708.44,712.24 3 0
github.com/StevanoZ/dv-user/service/user_service.go:712.24,714.19 1 0
github.com/StevanoZ/dv-user/service/user_service.go:727.5,727.15 1 0
github.com/StevanoZ/dv-user/service/user_service.go:714.19,716.20 2 0
github.com/StevanoZ/dv-user/service/user_service.go:719.6,721.49 2 0
github.com/StevanoZ/dv-user/service/user_service.go:716.20,718.7 1 0
github.com/StevanoZ/dv-user/service/user_service.go:721.49,723.7 1 0
github.com/StevanoZ/dv-user/service/user_service.go:731.36,733.4 1 0
github.com/StevanoZ/dv-user/main.go:10.13,17.16 5 0
github.com/StevanoZ/dv-user/main.go:21.2,21.13 1 0
github.com/StevanoZ/dv-user/main.go:17.16,19.3 1 0
github.com/StevanoZ/dv-user/db/user/sqlc/user.sql.go:29.87,53.2 4 0
github.com/StevanoZ/dv-user/db/user/sqlc/user.sql.go:69.102,88.2 4 0
github.com/StevanoZ/dv-user/db/user/sqlc/user.sql.go:94.71,97.2 2 0
github.com/StevanoZ/dv-user/db/user/sqlc/user.sql.go:103.76,106.2 2 0
github.com/StevanoZ/dv-user/db/user/sqlc/user.sql.go:112.84,130.2 4 0
github.com/StevanoZ/dv-user/db/user/sqlc/user.sql.go:136.81,154.2 4 0
github.com/StevanoZ/dv-user/db/user/sqlc/user.sql.go:160.91,173.2 4 0
github.com/StevanoZ/dv-user/db/user/sqlc/user.sql.go:179.102,181.16 2 0
github.com/StevanoZ/dv-user/db/user/sqlc/user.sql.go:184.2,186.18 3 0
github.com/StevanoZ/dv-user/db/user/sqlc/user.sql.go:201.2,201.37 1 0
github.com/StevanoZ/dv-user/db/user/sqlc/user.sql.go:204.2,204.35 1 0
github.com/StevanoZ/dv-user/db/user/sqlc/user.sql.go:207.2,207.19 1 0
github.com/StevanoZ/dv-user/db/user/sqlc/user.sql.go:181.16,183.3 1 0
github.com/StevanoZ/dv-user/db/user/sqlc/user.sql.go:186.18,196.17 2 0
github.com/StevanoZ/dv-user/db/user/sqlc/user.sql.go:199.3,199.27 1 0
github.com/StevanoZ/dv-user/db/user/sqlc/user.sql.go:196.17,198.4 1 0
github.com/StevanoZ/dv-user/db/user/sqlc/user.sql.go:201.37,203.3 1 0
github.com/StevanoZ/dv-user/db/user/sqlc/user.sql.go:204.35,206.3 1 0
github.com/StevanoZ/dv-user/db/user/sqlc/user.sql.go:232.104,251.2 4 0
github.com/StevanoZ/dv-user/db/user/sqlc/user.sql.go:285.87,294.16 2 0
github.com/StevanoZ/dv-user/db/user/sqlc/user.sql.go:297.2,299.18 3 0
github.com/StevanoZ/dv-user/db/user/sqlc/user.sql.go:319.2,319.37 1 0
github.com/StevanoZ/dv-user/db/user/sqlc/user.sql.go:322.2,322.35 1 0
github.com/StevanoZ/dv-user/db/user/sqlc/user.sql.go:325.2,325.19 1 0
github.com/StevanoZ/dv-user/db/user/sqlc/user.sql.go:294.16,296.3 1 0
github.com/StevanoZ/dv-user/db/user/sqlc/user.sql.go:299.18,314.17 2 0
github.com/StevanoZ/dv-user/db/user/sqlc/user.sql.go:317.3,317.27 1 0
github.com/StevanoZ/dv-user/db/user/sqlc/user.sql.go:314.17,316.4 1 0
github.com/StevanoZ/dv-user/db/user/sqlc/user.sql.go:319.37,321.3 1 0
github.com/StevanoZ/dv-user/db/user/sqlc/user.sql.go:322.35,324.3 1 0
github.com/StevanoZ/dv-user/db/user/sqlc/user.sql.go:348.114,353.2 4 0
github.com/StevanoZ/dv-user/db/user/sqlc/user.sql.go:371.87,397.2 4 0
github.com/StevanoZ/dv-user/db/user/sqlc/user.sql.go:408.102,421.2 4 0
github.com/StevanoZ/dv-user/db/user/sqlc/user.sql.go:434.105,452.2 4 0
github.com/StevanoZ/dv-user/app/server.go:30.10,36.2 1 2
github.com/StevanoZ/dv-user/app/server.go:38.30,49.2 7 1
github.com/StevanoZ/dv-user/db/user/sqlc/user_repository.go:35.39,40.2 1 0
github.com/StevanoZ/dv-user/db/user/sqlc/user_repository.go:42.51,46.2 1 0
github.com/StevanoZ/dv-user/db/user/sqlc/user_repository.go:48.40,50.2 1 0
github.com/StevanoZ/dv-user/main.go:10.13,17.16 5 0
github.com/StevanoZ/dv-user/main.go:21.2,21.13 1 0
github.com/StevanoZ/dv-user/main.go:17.16,19.3 1 0
github.com/StevanoZ/dv-user/db/user/sqlc/db.go:19.28,21.2 1 15
github.com/StevanoZ/dv-user/db/user/sqlc/db.go:27.47,31.2 1 1
github.com/StevanoZ/dv-user/dtos/mapping/mapping_response.go:13.54,24.2 1 0
github.com/StevanoZ/dv-user/dtos/mapping/mapping_response.go:26.72,37.2 1 0
github.com/StevanoZ/dv-user/dtos/mapping/mapping_response.go:39.70,49.2 1 0
github.com/StevanoZ/dv-user/dtos/mapping/mapping_response.go:51.91,56.29 4 0
github.com/StevanoZ/dv-user/dtos/mapping/mapping_response.go:63.2,74.3 1 0
github.com/StevanoZ/dv-user/dtos/mapping/mapping_response.go:56.29,57.40 1 0
github.com/StevanoZ/dv-user/dtos/mapping/mapping_response.go:57.40,60.4 2 0
github.com/StevanoZ/dv-user/dtos/mapping/mapping_response.go:77.79,82.28 4 0
github.com/StevanoZ/dv-user/dtos/mapping/mapping_response.go:90.2,90.14 1 0
github.com/StevanoZ/dv-user/dtos/mapping/mapping_response.go:96.2,101.3 1 0
github.com/StevanoZ/dv-user/dtos/mapping/mapping_response.go:82.28,85.3 2 0
github.com/StevanoZ/dv-user/dtos/mapping/mapping_response.go:85.8,88.3 2 0
github.com/StevanoZ/dv-user/dtos/mapping/mapping_response.go:90.14,92.3 1 0
github.com/StevanoZ/dv-user/dtos/mapping/mapping_response.go:92.8,94.3 1 0
github.com/StevanoZ/dv-user/dtos/mapping/mapping_response.go:105.71,112.2 1 0
github.com/StevanoZ/dv-user/dtos/mapping/mapping_response.go:114.69,124.2 1 0
github.com/StevanoZ/dv-user/handler/user_handler.go:39.15,44.2 1 0
github.com/StevanoZ/dv-user/handler/user_handler.go:48.3,63.2 12 0
github.com/StevanoZ/dv-user/handler/user_handler.go:65.74,71.2 4 0
github.com/StevanoZ/dv-user/handler/user_handler.go:73.73,79.2 4 0
github.com/StevanoZ/dv-user/handler/user_handler.go:81.78,90.2 6 0
github.com/StevanoZ/dv-user/handler/user_handler.go:92.77,98.2 4 0
github.com/StevanoZ/dv-user/handler/user_handler.go:100.77,106.2 4 0
github.com/StevanoZ/dv-user/handler/user_handler.go:108.80,112.16 3 0
github.com/StevanoZ/dv-user/handler/user_handler.go:116.2,121.46 4 0
github.com/StevanoZ/dv-user/handler/user_handler.go:112.16,114.3 1 0
github.com/StevanoZ/dv-user/handler/user_handler.go:124.80,132.2 5 0
github.com/StevanoZ/dv-user/handler/user_handler.go:134.76,153.2 9 0
github.com/StevanoZ/dv-user/handler/user_handler.go:155.75,160.2 3 0
github.com/StevanoZ/dv-user/handler/user_handler.go:162.81,168.2 3 0
github.com/StevanoZ/dv-user/handler/user_handler.go:170.79,179.2 5 0
github.com/StevanoZ/dv-user/app/server.go:30.10,36.2 1 0
github.com/StevanoZ/dv-user/app/server.go:38.30,49.2 7 0
github.com/StevanoZ/dv-user/db/user/sqlc/user.sql.go:29.87,53.2 4 27
github.com/StevanoZ/dv-user/db/user/sqlc/user.sql.go:69.102,88.2 4 19
github.com/StevanoZ/dv-user/db/user/sqlc/user.sql.go:94.71,97.2 2 1
github.com/StevanoZ/dv-user/db/user/sqlc/user.sql.go:103.76,106.2 2 1
github.com/StevanoZ/dv-user/db/user/sqlc/user.sql.go:112.84,130.2 4 1
github.com/StevanoZ/dv-user/db/user/sqlc/user.sql.go:136.81,154.2 4 3
github.com/StevanoZ/dv-user/db/user/sqlc/user.sql.go:160.91,173.2 4 2
github.com/StevanoZ/dv-user/db/user/sqlc/user.sql.go:179.102,181.16 2 3
github.com/StevanoZ/dv-user/db/user/sqlc/user.sql.go:184.2,186.18 3 2
github.com/StevanoZ/dv-user/db/user/sqlc/user.sql.go:201.2,201.37 1 2
github.com/StevanoZ/dv-user/db/user/sqlc/user.sql.go:204.2,204.35 1 2
github.com/StevanoZ/dv-user/db/user/sqlc/user.sql.go:207.2,207.19 1 2
github.com/StevanoZ/dv-user/db/user/sqlc/user.sql.go:181.16,183.3 1 1
github.com/StevanoZ/dv-user/db/user/sqlc/user.sql.go:186.18,196.17 2 4
github.com/StevanoZ/dv-user/db/user/sqlc/user.sql.go:199.3,199.27 1 4
github.com/StevanoZ/dv-user/db/user/sqlc/user.sql.go:196.17,198.4 1 0
github.com/StevanoZ/dv-user/db/user/sqlc/user.sql.go:201.37,203.3 1 0
github.com/StevanoZ/dv-user/db/user/sqlc/user.sql.go:204.35,206.3 1 0
github.com/StevanoZ/dv-user/db/user/sqlc/user.sql.go:232.104,251.2 4 1
github.com/StevanoZ/dv-user/db/user/sqlc/user.sql.go:285.87,294.16 2 6
github.com/StevanoZ/dv-user/db/user/sqlc/user.sql.go:297.2,299.18 3 5
github.com/StevanoZ/dv-user/db/user/sqlc/user.sql.go:319.2,319.37 1 5
github.com/StevanoZ/dv-user/db/user/sqlc/user.sql.go:322.2,322.35 1 5
github.com/StevanoZ/dv-user/db/user/sqlc/user.sql.go:325.2,325.19 1 5
github.com/StevanoZ/dv-user/db/user/sqlc/user.sql.go:294.16,296.3 1 1
github.com/StevanoZ/dv-user/db/user/sqlc/user.sql.go:299.18,314.17 2 24
github.com/StevanoZ/dv-user/db/user/sqlc/user.sql.go:317.3,317.27 1 24
github.com/StevanoZ/dv-user/db/user/sqlc/user.sql.go:314.17,316.4 1 0
github.com/StevanoZ/dv-user/db/user/sqlc/user.sql.go:319.37,321.3 1 0
github.com/StevanoZ/dv-user/db/user/sqlc/user.sql.go:322.35,324.3 1 0
github.com/StevanoZ/dv-user/db/user/sqlc/user.sql.go:348.114,353.2 4 2
github.com/StevanoZ/dv-user/db/user/sqlc/user.sql.go:371.87,397.2 4 5
github.com/StevanoZ/dv-user/db/user/sqlc/user.sql.go:408.102,421.2 4 1
github.com/StevanoZ/dv-user/db/user/sqlc/user.sql.go:434.105,452.2 4 1
github.com/StevanoZ/dv-user/db/user/sqlc/user_repository.go:35.39,40.2 1 14
github.com/StevanoZ/dv-user/db/user/sqlc/user_repository.go:42.51,46.2 1 1
github.com/StevanoZ/dv-user/db/user/sqlc/user_repository.go:48.40,50.2 1 1
github.com/StevanoZ/dv-user/service/user_service.go:59.11,68.2 1 0
github.com/StevanoZ/dv-user/service/user_service.go:70.94,72.75 2 0
github.com/StevanoZ/dv-user/service/user_service.go:115.2,117.17 2 0
github.com/StevanoZ/dv-user/service/user_service.go:72.75,76.41 3 0
github.com/StevanoZ/dv-user/service/user_service.go:80.3,80.23 1 0
github.com/StevanoZ/dv-user/service/user_service.go:83.3,85.17 2 0
github.com/StevanoZ/dv-user/service/user_service.go:88.3,94.17 7 0
github.com/StevanoZ/dv-user/service/user_service.go:98.3,100.13 2 0
github.com/StevanoZ/dv-user/service/user_service.go:107.3,107.13 1 0
github.com/StevanoZ/dv-user/service/user_service.go:112.3,112.13 1 0
github.com/StevanoZ/dv-user/service/user_service.go:76.41,78.4 1 0
github.com/StevanoZ/dv-user/service/user_service.go:80.23,82.4 1 0
github.com/StevanoZ/dv-user/service/user_service.go:85.17,87.4 1 0
github.com/StevanoZ/dv-user/service/user_service.go:94.17,96.4 1 0
github.com/StevanoZ/dv-user/service/user_service.go:100.13,105.4 1 0
github.com/StevanoZ/dv-user/service/user_service.go:107.13,110.4 2 0
github.com/StevanoZ/dv-user/service/user_service.go:120.101,122.75 2 0
github.com/StevanoZ/dv-user/service/user_service.go:155.2,157.26 2 0
github.com/StevanoZ/dv-user/service/user_service.go:122.75,127.17 3 0
github.com/StevanoZ/dv-user/service/user_service.go:131.3,131.34 1 0
github.com/StevanoZ/dv-user/service/user_service.go:134.3,136.17 2 0
github.com/StevanoZ/dv-user/service/user_service.go:140.3,147.17 3 0
github.com/StevanoZ/dv-user/service/user_service.go:150.3,152.13 2 0
github.com/StevanoZ/dv-user/service/user_service.go:127.17,129.4 1 0
github.com/StevanoZ/dv-user/service/user_service.go:131.34,133.4 1 0
github.com/StevanoZ/dv-user/service/user_service.go:136.17,138.4 1 0
github.com/StevanoZ/dv-user/service/user_service.go:147.17,149.4 1 0
github.com/StevanoZ/dv-user/service/user_service.go:160.120,163.75 2 0
github.com/StevanoZ/dv-user/service/user_service.go:190.2,192.12 2 0
github.com/StevanoZ/dv-user/service/user_service.go:198.2,198.17 1 0
github.com/StevanoZ/dv-user/service/user_service.go:163.75,168.17 3 0
github.com/StevanoZ/dv-user/service/user_service.go:172.3,182.17 2 0
github.com/StevanoZ/dv-user/service/user_service.go:186.3,187.13 2 0
github.com/StevanoZ/dv-user/service/user_service.go:168.17,170.4 1 0
github.com/StevanoZ/dv-user/service/user_service.go:182.17,184.4 1 0
github.com/StevanoZ/dv-user/service/user_service.go:192.12,196.3 3 0
github.com/StevanoZ/dv-user/service/user_service.go:200.109,202.75 2 0
github.com/StevanoZ/dv-user/service/user_service.go:267.2,269.12 2 0
github.com/StevanoZ/dv-user/service/user_service.go:274.2,274.26 1 0
github.com/StevanoZ/dv-user/service/user_service.go:202.75,208.17 3 0
github.com/StevanoZ/dv-user/service/user_service.go:212.3,212.30 1 0
github.com/StevanoZ/dv-user/service/user_service.go:216.3,216.28 1 0
github.com/StevanoZ/dv-user/service/user_service.go:220.3,222.37 2 0
github.com/StevanoZ/dv-user/service/user_service.go:226.3,228.17 2 0
github.com/StevanoZ/dv-user/service/user_service.go:232.3,232.37 1 0
github.com/StevanoZ/dv-user/service/user_service.go:241.3,248.17 6 0
github.com/StevanoZ/dv-user/service/user_service.go:252.3,260.17 3 0
github.com/StevanoZ/dv-user/service/user_service.go:263.3,264.13 2 0
github.com/StevanoZ/dv-user/service/user_service.go:208.17,210.4 1 0
github.com/StevanoZ/dv-user/service/user_service.go:212.30,214.4 1 0
github.com/StevanoZ/dv-user/service/user_service.go:216.28,218.4 1 0
github.com/StevanoZ/dv-user/service/user_service.go:222.37,224.4 1 0
github.com/StevanoZ/dv-user/service/user_service.go:228.17,230.4 1 0
github.com/StevanoZ/dv-user/service/user_service.go:232.37,236.18 4 0
github.com/StevanoZ/dv-user/service/user_service.go:239.4,239.58 1 0
github.com/StevanoZ/dv-user/service/user_service.go:236.18,238.5 1 0
github.com/StevanoZ/dv-user/service/user_service.go:248.17,250.4 1 0
github.com/StevanoZ/dv-user/service/user_service.go:260.17,262.4 1 0
github.com/StevanoZ/dv-user/service/user_service.go:269.12,272.3 2 0
github.com/StevanoZ/dv-user/service/user_service.go:277.82,278.75 1 0
github.com/StevanoZ/dv-user/service/user_service.go:322.2,322.30 1 0
github.com/StevanoZ/dv-user/service/user_service.go:278.75,284.17 3 0
github.com/StevanoZ/dv-user/service/user_service.go:288.3,288.30 1 0
github.com/StevanoZ/dv-user/service/user_service.go:292.3,292.28 1 0
github.com/StevanoZ/dv-user/service/user_service.go:296.3,308.17 3 0
github.com/StevanoZ/dv-user/service/user_service.go:312.3,312.13 1 0
github.com/StevanoZ/dv-user/service/user_service.go:319.3,319.13 1 0
github.com/StevanoZ/dv-user/service/user_service.go:284.17,286.4 1 0
github.com/StevanoZ/dv-user/service/user_service.go:288.30,290.4 1 0
github.com/StevanoZ/dv-user/service/user_service.go:292.28,294.4 1 0
github.com/StevanoZ/dv-user/service/user_service.go:308.17,310.4 1 0
github.com/StevanoZ/dv-user/service/user_service.go:312.13,317.4 1 0
github.com/StevanoZ/dv-user/service/user_service.go:326.131,329.75 2 0
github.com/StevanoZ/dv-user/service/user_service.go:387.2,389.12 2 0
github.com/StevanoZ/dv-user/service/user_service.go:446.2,446.12 1 0
github.com/StevanoZ/dv-user/service/user_service.go:452.2,452.23 1 0
github.com/StevanoZ/dv-user/service/user_service.go:329.75,334.22 4 0
github.com/StevanoZ/dv-user/service/user_service.go:338.3,338.24 1 0
github.com/StevanoZ/dv-user/service/user_service.go:381.3,381.36 1 0
github.com/StevanoZ/dv-user/service/user_service.go:384.3,384.13 1 0
github.com/StevanoZ/dv-user/service/user_service.go:334.22,336.4 1 0
github.com/StevanoZ/dv-user/service/user_service.go:338.24,343.18 4 0
github.com/StevanoZ/dv-user/service/user_service.go:347.4,347.24 1 0
github.com/StevanoZ/dv-user/service/user_service.go:343.18,345.5 1 0
github.com/StevanoZ/dv-user/service/user_service.go:347.24,355.19 6 0
github.com/StevanoZ/dv-user/service/user_service.go:359.5,371.19 5 0
github.com/StevanoZ/dv-user/service/user_service.go:375.5,377.15 2 0
github.com/StevanoZ/dv-user/service/user_service.go:355.19,357.6 1 0
github.com/StevanoZ/dv-user/service/user_service.go:371.19,373.6 1 0
github.com/StevanoZ/dv-user/service/user_service.go:381.36,383.4 1 0
github.com/StevanoZ/dv-user/service/user_service.go:389.12,392.69 3 0
github.com/StevanoZ/dv-user/service/user_service.go:392.69,395.18 3 0
github.com/StevanoZ/dv-user/service/user_service.go:399.4,406.34 6 0
github.com/StevanoZ/dv-user/service/user_service.go:413.4,413.21 1 0
github.com/StevanoZ/dv-user/service/user_service.go:436.4,436.37 1 0
github.com/StevanoZ/dv-user/service/user_service.go:441.4,441.14 1 0
github.com/StevanoZ/dv-user/service/user_service.go:395.18,397.5 1 0
github.com/StevanoZ/dv-user/service/user_service.go:406.34,407.18 1 0
github.com/StevanoZ/dv-user/service/user_service.go:407.18,409.11 2 0
github.com/StevanoZ/dv-user/service/user_service.go:413.21,420.25 4 0
github.com/StevanoZ/dv-user/service/user_service.go:424.5,424.25 1 0
github.com/StevanoZ/dv-user/service/user_service.go:420.25,423.6 2 0
github.com/StevanoZ/dv-user/service/user_service.go:424.25,433.6 3 0
github.com/StevanoZ/dv-user/service/user_service.go:436.37,438.5 1 0
github.com/StevanoZ/dv-user/service/user_service.go:438.10,438.33 1 0
github.com/StevanoZ/dv-user/service/user_service.go:438.33,440.5 1 0
github.com/StevanoZ/dv-user/service/user_service.go:446.12,450.3 3 0
github.com/StevanoZ/dv-user/service/user_service.go:455.101,459.127 3 0
github.com/StevanoZ/dv-user/service/user_service.go:488.2,491.23 3 0
github.com/StevanoZ/dv-user/service/user_service.go:459.127,462.17 2 0
github.com/StevanoZ/dv-user/service/user_service.go:466.3,467.29 2 0
github.com/StevanoZ/dv-user/service/user_service.go:481.3,481.36 1 0
github.com/StevanoZ/dv-user/service/user_service.go:485.3,485.24 1 0
github.com/StevanoZ/dv-user/service/user_service.go:462.17,464.4 1 0
github.com/StevanoZ/dv-user/service/user_service.go:467.29,469.24 2 0
github.com/StevanoZ/dv-user/service/user_service.go:469.24,471.19 2 0
github.com/StevanoZ/dv-user/service/user_service.go:474.5,477.15 4 0
github.com/StevanoZ/dv-user/service/user_service.go:471.19,473.6 1 0
github.com/StevanoZ/dv-user/service/user_service.go:481.36,483.4 1 0
github.com/StevanoZ/dv-user/service/user_service.go:494.117,497.75 2 0
github.com/StevanoZ/dv-user/service/user_service.go:569.2,571.12 2 0
github.com/StevanoZ/dv-user/service/user_service.go:577.2,577.22 1 0
github.com/StevanoZ/dv-user/service/user_service.go:497.75,504.17 4 0
github.com/StevanoZ/dv-user/service/user_service.go:508.3,516.34 6 0
github.com/StevanoZ/dv-user/service/user_service.go:530.3,530.28 1 0
github.com/StevanoZ/dv-user/service/user_service.go:534.3,534.23 1 0
github.com/StevanoZ/dv-user/service/user_service.go:555.3,555.23 1 0
github.com/StevanoZ/dv-user/service/user_service.go:563.3,563.36 1 0
github.com/StevanoZ/dv-user/service/user_service.go:566.3,566.13 1 0
github.com/StevanoZ/dv-user/service/user_service.go:504.17,506.4 1 0
github.com/StevanoZ/dv-user/service/user_service.go:516.34,517.39 1 0
github.com/StevanoZ/dv-user/service/user_service.go:521.4,521.39 1 0
github.com/StevanoZ/dv-user/service/user_service.go:525.4,525.25 1 0
github.com/StevanoZ/dv-user/service/user_service.go:517.39,519.5 1 0
github.com/StevanoZ/dv-user/service/user_service.go:521.39,523.5 1 0
github.com/StevanoZ/dv-user/service/user_service.go:525.25,528.5 2 0
github.com/StevanoZ/dv-user/service/user_service.go:530.28,532.4 1 0
github.com/StevanoZ/dv-user/service/user_service.go:534.23,540.18 2 0
github.com/StevanoZ/dv-user/service/user_service.go:543.4,552.14 4 0
github.com/StevanoZ/dv-user/service/user_service.go:540.18,542.5 1 0
github.com/StevanoZ/dv-user/service/user_service.go:555.23,561.4 2 0
github.com/StevanoZ/dv-user/service/user_service.go:563.36,565.4 1 0
github.com/StevanoZ/dv-user/service/user_service.go:571.12,575.3 3 0
github.com/StevanoZ/dv-user/service/user_service.go:580.93,582.75 1 0
github.com/StevanoZ/dv-user/service/user_service.go:614.2,616.12 2 0
github.com/StevanoZ/dv-user/service/user_service.go:582.75,588.17 4 0
github.com/StevanoZ/dv-user/service/user_service.go:592.3,592.29 1 0
github.com/StevanoZ/dv-user/service/user_service.go:596.3,596.19 1 0
github.com/StevanoZ/dv-user/service/user_service.go:600.3,600.23 1 0
github.com/StevanoZ/dv-user/service/user_service.go:604.3,604.23 1 0
github.com/StevanoZ/dv-user/service/user_service.go:608.3,608.36 1 0
github.com/StevanoZ/dv-user/service/user_service.go:611.3,611.13 1 0
github.com/StevanoZ/dv-user/service/user_service.go:588.17,590.4 1 0
github.com/StevanoZ/dv-user/service/user_service.go:592.29,594.4 1 0
github.com/StevanoZ/dv-user/service/user_service.go:596.19,598.4 1 0
github.com/StevanoZ/dv-user/service/user_service.go:600.23,602.4 1 0
github.com/StevanoZ/dv-user/service/user_service.go:604.23,606.4 1 0
github.com/StevanoZ/dv-user/service/user_service.go:608.36,610.4 1 0
github.com/StevanoZ/dv-user/service/user_service.go:616.12,620.3 3 0
github.com/StevanoZ/dv-user/service/user_service.go:623.115,641.119 9 0
github.com/StevanoZ/dv-user/service/user_service.go:689.2,692.28 3 0
github.com/StevanoZ/dv-user/service/user_service.go:641.119,642.24 1 0
github.com/StevanoZ/dv-user/service/user_service.go:647.3,647.24 1 0
github.com/StevanoZ/dv-user/service/user_service.go:656.3,656.37 1 0
github.com/StevanoZ/dv-user/service/user_service.go:660.3,661.24 2 0
github.com/StevanoZ/dv-user/service/user_service.go:679.3,679.37 1 0
github.com/StevanoZ/dv-user/service/user_service.go:683.3,686.29 3 0
github.com/StevanoZ/dv-user/service/user_service.go:642.24,645.4 2 0
github.com/StevanoZ/dv-user/service/user_service.go:647.24,654.4 2 0
github.com/StevanoZ/dv-user/service/user_service.go:656.37,658.4 1 0
github.com/StevanoZ/dv-user/service/user_service.go:661.24,664.25 2 0
github.com/StevanoZ/dv-user/service/user_service.go:664.25,665.41 1 0
github.com/StevanoZ/dv-user/service/user_service.go:672.5,675.15 3 0
github.com/StevanoZ/dv-user/service/user_service.go:665.41,667.20 2 0
github.com/StevanoZ/dv-user/service/user_service.go:670.6,670.46 1 0
github.com/StevanoZ/dv-user/service/user_service.go:667.20,669.7 1 0
github.com/StevanoZ/dv-user/service/user_service.go:679.37,681.4 1 0
github.com/StevanoZ/dv-user/service/user_service.go:695.98,698.121 3 0
github.com/StevanoZ/dv-user/service/user_service.go:738.2,741.27 3 0
github.com/StevanoZ/dv-user/service/user_service.go:698.121,702.17 2 0
github.com/StevanoZ/dv-user/service/user_service.go:706.3,708.44 2 0
github.com/StevanoZ/dv-user/service/user_service.go:731.3,731.36 1 0
github.com/StevanoZ/dv-user/service/user_service.go:735.3,735.28 1 0
github.com/StevanoZ/dv-user/service/user_service.go:702.17,704.4 1 0
github.com/StevanoZ/dv-user/service/user_service.go:708.44,712.24 3 0
github.com/StevanoZ/dv-user/service/user_service.go:712.24,714.19 1 0
github.com/StevanoZ/dv-user/service/user_service.go:727.5,727.15 1 0
github.com/StevanoZ/dv-user/service/user_service.go:714.19,716.20 2 0
github.com/StevanoZ/dv-user/service/user_service.go:719.6,721.49 2 0
github.com/StevanoZ/dv-user/service/user_service.go:716.20,718.7 1 0
github.com/StevanoZ/dv-user/service/user_service.go:721.49,723.7 1 0
github.com/StevanoZ/dv-user/service/user_service.go:731.36,733.4 1 0
github.com/StevanoZ/dv-user/dtos/mapping/mapping_response.go:13.54,24.2 1 12
github.com/StevanoZ/dv-user/dtos/mapping/mapping_response.go:26.72,37.2 1 2
github.com/StevanoZ/dv-user/dtos/mapping/mapping_response.go:39.70,49.2 1 27
github.com/StevanoZ/dv-user/dtos/mapping/mapping_response.go:51.91,56.29 4 2
github.com/StevanoZ/dv-user/dtos/mapping/mapping_response.go:63.2,74.3 1 2
github.com/StevanoZ/dv-user/dtos/mapping/mapping_response.go:56.29,57.40 1 8
github.com/StevanoZ/dv-user/dtos/mapping/mapping_response.go:57.40,60.4 2 6
github.com/StevanoZ/dv-user/dtos/mapping/mapping_response.go:77.79,82.28 4 1
github.com/StevanoZ/dv-user/dtos/mapping/mapping_response.go:90.2,90.14 1 1
github.com/StevanoZ/dv-user/dtos/mapping/mapping_response.go:96.2,101.3 1 1
github.com/StevanoZ/dv-user/dtos/mapping/mapping_response.go:82.28,85.3 2 1
github.com/StevanoZ/dv-user/dtos/mapping/mapping_response.go:85.8,88.3 2 0
github.com/StevanoZ/dv-user/dtos/mapping/mapping_response.go:90.14,92.3 1 0
github.com/StevanoZ/dv-user/dtos/mapping/mapping_response.go:92.8,94.3 1 1
github.com/StevanoZ/dv-user/dtos/mapping/mapping_response.go:105.71,112.2 1 2
github.com/StevanoZ/dv-user/dtos/mapping/mapping_response.go:114.69,124.2 1 4
github.com/StevanoZ/dv-user/handler/user_handler.go:39.15,44.2 1 0
github.com/StevanoZ/dv-user/handler/user_handler.go:48.3,63.2 12 0
github.com/StevanoZ/dv-user/handler/user_handler.go:65.74,71.2 4 0
github.com/StevanoZ/dv-user/handler/user_handler.go:73.73,79.2 4 0
github.com/StevanoZ/dv-user/handler/user_handler.go:81.78,90.2 6 0
github.com/StevanoZ/dv-user/handler/user_handler.go:92.77,98.2 4 0
github.com/StevanoZ/dv-user/handler/user_handler.go:100.77,106.2 4 0
github.com/StevanoZ/dv-user/handler/user_handler.go:108.80,112.16 3 0
github.com/StevanoZ/dv-user/handler/user_handler.go:116.2,121.46 4 0
github.com/StevanoZ/dv-user/handler/user_handler.go:112.16,114.3 1 0
github.com/StevanoZ/dv-user/handler/user_handler.go:124.80,132.2 5 0
github.com/StevanoZ/dv-user/handler/user_handler.go:134.76,153.2 9 0
github.com/StevanoZ/dv-user/handler/user_handler.go:155.75,160.2 3 0
github.com/StevanoZ/dv-user/handler/user_handler.go:162.81,168.2 3 0
github.com/StevanoZ/dv-user/handler/user_handler.go:170.79,179.2 5 0
github.com/StevanoZ/dv-user/app/server.go:30.10,36.2 1 0
github.com/StevanoZ/dv-user/app/server.go:38.30,49.2 7 0
github.com/StevanoZ/dv-user/db/user/sqlc/user_repository.go:35.39,40.2 1 0
github.com/StevanoZ/dv-user/db/user/sqlc/user_repository.go:42.51,46.2 1 0
github.com/StevanoZ/dv-user/db/user/sqlc/user_repository.go:48.40,50.2 1 0
github.com/StevanoZ/dv-user/main.go:10.13,17.16 5 0
github.com/StevanoZ/dv-user/main.go:21.2,21.13 1 0
github.com/StevanoZ/dv-user/main.go:17.16,19.3 1 0
github.com/StevanoZ/dv-user/db/user/sqlc/user.sql.go:29.87,53.2 4 0
github.com/StevanoZ/dv-user/db/user/sqlc/user.sql.go:69.102,88.2 4 0
github.com/StevanoZ/dv-user/db/user/sqlc/user.sql.go:94.71,97.2 2 0
github.com/StevanoZ/dv-user/db/user/sqlc/user.sql.go:103.76,106.2 2 0
github.com/StevanoZ/dv-user/db/user/sqlc/user.sql.go:112.84,130.2 4 0
github.com/StevanoZ/dv-user/db/user/sqlc/user.sql.go:136.81,154.2 4 0
github.com/StevanoZ/dv-user/db/user/sqlc/user.sql.go:160.91,173.2 4 0
github.com/StevanoZ/dv-user/db/user/sqlc/user.sql.go:179.102,181.16 2 0
github.com/StevanoZ/dv-user/db/user/sqlc/user.sql.go:184.2,186.18 3 0
github.com/StevanoZ/dv-user/db/user/sqlc/user.sql.go:201.2,201.37 1 0
github.com/StevanoZ/dv-user/db/user/sqlc/user.sql.go:204.2,204.35 1 0
github.com/StevanoZ/dv-user/db/user/sqlc/user.sql.go:207.2,207.19 1 0
github.com/StevanoZ/dv-user/db/user/sqlc/user.sql.go:181.16,183.3 1 0
github.com/StevanoZ/dv-user/db/user/sqlc/user.sql.go:186.18,196.17 2 0
github.com/StevanoZ/dv-user/db/user/sqlc/user.sql.go:199.3,199.27 1 0
github.com/StevanoZ/dv-user/db/user/sqlc/user.sql.go:196.17,198.4 1 0
github.com/StevanoZ/dv-user/db/user/sqlc/user.sql.go:201.37,203.3 1 0
github.com/StevanoZ/dv-user/db/user/sqlc/user.sql.go:204.35,206.3 1 0
github.com/StevanoZ/dv-user/db/user/sqlc/user.sql.go:232.104,251.2 4 0
github.com/StevanoZ/dv-user/db/user/sqlc/user.sql.go:285.87,294.16 2 0
github.com/StevanoZ/dv-user/db/user/sqlc/user.sql.go:297.2,299.18 3 0
github.com/StevanoZ/dv-user/db/user/sqlc/user.sql.go:319.2,319.37 1 0
github.com/StevanoZ/dv-user/db/user/sqlc/user.sql.go:322.2,322.35 1 0
github.com/StevanoZ/dv-user/db/user/sqlc/user.sql.go:325.2,325.19 1 0
github.com/StevanoZ/dv-user/db/user/sqlc/user.sql.go:294.16,296.3 1 0
github.com/StevanoZ/dv-user/db/user/sqlc/user.sql.go:299.18,314.17 2 0
github.com/StevanoZ/dv-user/db/user/sqlc/user.sql.go:317.3,317.27 1 0
github.com/StevanoZ/dv-user/db/user/sqlc/user.sql.go:314.17,316.4 1 0
github.com/StevanoZ/dv-user/db/user/sqlc/user.sql.go:319.37,321.3 1 0
github.com/StevanoZ/dv-user/db/user/sqlc/user.sql.go:322.35,324.3 1 0
github.com/StevanoZ/dv-user/db/user/sqlc/user.sql.go:348.114,353.2 4 0
github.com/StevanoZ/dv-user/db/user/sqlc/user.sql.go:371.87,397.2 4 0
github.com/StevanoZ/dv-user/db/user/sqlc/user.sql.go:408.102,421.2 4 0
github.com/StevanoZ/dv-user/db/user/sqlc/user.sql.go:434.105,452.2 4 0
github.com/StevanoZ/dv-user/service/user_service.go:59.11,68.2 1 11
github.com/StevanoZ/dv-user/service/user_service.go:70.94,72.75 2 4
github.com/StevanoZ/dv-user/service/user_service.go:115.2,117.17 2 4
github.com/StevanoZ/dv-user/service/user_service.go:72.75,76.41 3 4
github.com/StevanoZ/dv-user/service/user_service.go:80.3,80.23 1 3
github.com/StevanoZ/dv-user/service/user_service.go:83.3,85.17 2 2
github.com/StevanoZ/dv-user/service/user_service.go:88.3,94.17 7 2
github.com/StevanoZ/dv-user/service/user_service.go:98.3,100.13 2 1
github.com/StevanoZ/dv-user/service/user_service.go:107.3,107.13 1 1
github.com/StevanoZ/dv-user/service/user_service.go:112.3,112.13 1 1
github.com/StevanoZ/dv-user/service/user_service.go:76.41,78.4 1 1
github.com/StevanoZ/dv-user/service/user_service.go:80.23,82.4 1 1
github.com/StevanoZ/dv-user/service/user_service.go:85.17,87.4 1 0
github.com/StevanoZ/dv-user/service/user_service.go:94.17,96.4 1 1
github.com/StevanoZ/dv-user/service/user_service.go:100.13,105.4 1 1
github.com/StevanoZ/dv-user/service/user_service.go:107.13,110.4 2 1
github.com/StevanoZ/dv-user/service/user_service.go:120.101,122.75 2 4
github.com/StevanoZ/dv-user/service/user_service.go:155.2,157.26 2 4
github.com/StevanoZ/dv-user/service/user_service.go:122.75,127.17 3 4
github.com/StevanoZ/dv-user/service/user_service.go:131.3,131.34 1 3
github.com/StevanoZ/dv-user/service/user_service.go:134.3,136.17 2 2
github.com/StevanoZ/dv-user/service/user_service.go:140.3,147.17 3 1
github.com/StevanoZ/dv-user/service/user_service.go:150.3,152.13 2 1
github.com/StevanoZ/dv-user/service/user_service.go:127.17,129.4 1 1
github.com/StevanoZ/dv-user/service/user_service.go:131.34,133.4 1 1
github.com/StevanoZ/dv-user/service/user_service.go:136.17,138.4 1 1
github.com/StevanoZ/dv-user/service/user_service.go:147.17,149.4 1 0
github.com/StevanoZ/dv-user/service/user_service.go:160.120,163.75 2 3
github.com/StevanoZ/dv-user/service/user_service.go:190.2,192.12 2 3
github.com/StevanoZ/dv-user/service/user_service.go:198.2,198.17 1 1
github.com/StevanoZ/dv-user/service/user_service.go:163.75,168.17 3 3
github.com/StevanoZ/dv-user/service/user_service.go:172.3,182.17 2 2
github.com/StevanoZ/dv-user/service/user_service.go:186.3,187.13 2 1
github.com/StevanoZ/dv-user/service/user_service.go:168.17,170.4 1 1
github.com/StevanoZ/dv-user/service/user_service.go:182.17,184.4 1 1
github.com/StevanoZ/dv-user/service/user_service.go:192.12,196.3 3 1
github.com/StevanoZ/dv-user/service/user_service.go:200.109,202.75 2 9
github.com/StevanoZ/dv-user/service/user_service.go:267.2,269.12 2 9
github.com/StevanoZ/dv-user/service/user_service.go:274.2,274.26 1 1
github.com/StevanoZ/dv-user/service/user_service.go:202.75,208.17 3 9
github.com/StevanoZ/dv-user/service/user_service.go:212.3,212.30 1 8
github.com/StevanoZ/dv-user/service/user_service.go:216.3,216.28 1 7
github.com/StevanoZ/dv-user/service/user_service.go:220.3,222.37 2 6
github.com/StevanoZ/dv-user/service/user_service.go:226.3,228.17 2 5
github.com/StevanoZ/dv-user/service/user_service.go:232.3,232.37 1 4
github.com/StevanoZ/dv-user/service/user_service.go:241.3,248.17 6 2
github.com/StevanoZ/dv-user/service/user_service.go:252.3,260.17 3 1
github.com/StevanoZ/dv-user/service/user_service.go:263.3,264.13 2 1
github.com/StevanoZ/dv-user/service/user_service.go:208.17,210.4 1 1
github.com/StevanoZ/dv-user/service/user_service.go:212.30,214.4 1 1
github.com/StevanoZ/dv-user/service/user_service.go:216.28,218.4 1 1
github.com/StevanoZ/dv-user/service/user_service.go:222.37,224.4 1 1
github.com/StevanoZ/dv-user/service/user_service.go:228.17,230.4 1 1
github.com/StevanoZ/dv-user/service/user_service.go:232.37,236.18 4 2
github.com/StevanoZ/dv-user/service/user_service.go:239.4,239.58 1 1
github.com/StevanoZ/dv-user/service/user_service.go:236.18,238.5 1 1
github.com/StevanoZ/dv-user/service/user_service.go:248.17,250.4 1 1
github.com/StevanoZ/dv-user/service/user_service.go:260.17,262.4 1 0
github.com/StevanoZ/dv-user/service/user_service.go:269.12,272.3 2 1
github.com/StevanoZ/dv-user/service/user_service.go:277.82,278.75 1 5
github.com/StevanoZ/dv-user/service/user_service.go:322.2,322.30 1 5
github.com/StevanoZ/dv-user/service/user_service.go:278.75,284.17 3 5
github.com/StevanoZ/dv-user/service/user_service.go:288.3,288.30 1 4
github.com/StevanoZ/dv-user/service/user_service.go:292.3,292.28 1 3
github.com/StevanoZ/dv-user/service/user_service.go:296.3,308.17 3 2
github.com/StevanoZ/dv-user/service/user_service.go:312.3,312.13 1 1
github.com/StevanoZ/dv-user/service/user_service.go:319.3,319.13 1 1
github.com/StevanoZ/dv-user/service/user_service.go:284.17,286.4 1 1
github.com/StevanoZ/dv-user/service/user_service.go:288.30,290.4 1 1
github.com/StevanoZ/dv-user/service/user_service.go:292.28,294.4 1 1
github.com/StevanoZ/dv-user/service/user_service.go:308.17,310.4 1 1
github.com/StevanoZ/dv-user/service/user_service.go:312.13,317.4 1 1
github.com/StevanoZ/dv-user/service/user_service.go:326.131,329.75 2 8
github.com/StevanoZ/dv-user/service/user_service.go:387.2,389.12 2 8
github.com/StevanoZ/dv-user/service/user_service.go:446.2,446.12 1 4
github.com/StevanoZ/dv-user/service/user_service.go:452.2,452.23 1 4
github.com/StevanoZ/dv-user/service/user_service.go:329.75,334.22 4 8
github.com/StevanoZ/dv-user/service/user_service.go:338.3,338.24 1 7
github.com/StevanoZ/dv-user/service/user_service.go:381.3,381.36 1 6
github.com/StevanoZ/dv-user/service/user_service.go:384.3,384.13 1 4
github.com/StevanoZ/dv-user/service/user_service.go:334.22,336.4 1 1
github.com/StevanoZ/dv-user/service/user_service.go:338.24,343.18 4 19
github.com/StevanoZ/dv-user/service/user_service.go:347.4,347.24 1 18
github.com/StevanoZ/dv-user/service/user_service.go:343.18,345.5 1 1
github.com/StevanoZ/dv-user/service/user_service.go:347.24,355.19 6 18
github.com/StevanoZ/dv-user/service/user_service.go:359.5,371.19 5 15
github.com/StevanoZ/dv-user/service/user_service.go:375.5,377.15 2 12
github.com/StevanoZ/dv-user/service/user_service.go:355.19,357.6 1 3
github.com/StevanoZ/dv-user/service/user_service.go:371.19,373.6 1 3
github.com/StevanoZ/dv-user/service/user_service.go:381.36,383.4 1 2
github.com/StevanoZ/dv-user/service/user_service.go:389.12,392.69 3 4
github.com/StevanoZ/dv-user/service/user_service.go:392.69,395.18 3 4
github.com/StevanoZ/dv-user/service/user_service.go:399.4,406.34 6 3
github.com/StevanoZ/dv-user/service/user_service.go:413.4,413.21 1 3
github.com/StevanoZ/dv-user/service/user_service.go:436.4,436.37 1 3
github.com/StevanoZ/dv-user/service/user_service.go:441.4,441.14 1 2
github.com/StevanoZ/dv-user/service/user_service.go:395.18,397.5 1 1
github.com/StevanoZ/dv-user/service/user_service.go:406.34,407.18 1 9
github.com/StevanoZ/dv-user/service/user_service.go:407.18,409.11 2 1
github.com/StevanoZ/dv-user/service/user_service.go:413.21,420.25 4 2
github.com/StevanoZ/dv-user/service/user_service.go:424.5,424.25 1 2
github.com/StevanoZ/dv-user/service/user_service.go:420.25,423.6 2 2
github.com/StevanoZ/dv-user/service/user_service.go:424.25,433.6 3 2
github.com/StevanoZ/dv-user/service/user_service.go:436.37,438.5 1 1
github.com/StevanoZ/dv-user/service/user_service.go:438.10,438.33 1 2
github.com/StevanoZ/dv-user/service/user_service.go:438.33,440.5 1 1
github.com/StevanoZ/dv-user/service/user_service.go:446.12,450.3 3 4
github.com/StevanoZ/dv-user/service/user_service.go:455.101,459.127 3 4
github.com/StevanoZ/dv-user/service/user_service.go:488.2,491.23 3 4
github.com/StevanoZ/dv-user/service/user_service.go:459.127,462.17 2 3
github.com/StevanoZ/dv-user/service/user_service.go:466.3,467.29 2 2
github.com/StevanoZ/dv-user/service/user_service.go:481.3,481.36 1 2
github.com/StevanoZ/dv-user/service/user_service.go:485.3,485.24 1 1
github.com/StevanoZ/dv-user/service/user_service.go:462.17,464.4 1 1
github.com/StevanoZ/dv-user/service/user_service.go:467.29,469.24 2 14
github.com/StevanoZ/dv-user/service/user_service.go:469.24,471.19 2 14
github.com/StevanoZ/dv-user/service/user_service.go:474.5,477.15 4 7
github.com/StevanoZ/dv-user/service/user_service.go:471.19,473.6 1 7
github.com/StevanoZ/dv-user/service/user_service.go:481.36,483.4 1 1
github.com/StevanoZ/dv-user/service/user_service.go:494.117,497.75 2 6
github.com/StevanoZ/dv-user/service/user_service.go:569.2,571.12 2 6
github.com/StevanoZ/dv-user/service/user_service.go:577.2,577.22 1 1
github.com/StevanoZ/dv-user/service/user_service.go:497.75,504.17 4 6
github.com/StevanoZ/dv-user/service/user_service.go:508.3,516.34 6 5
github.com/StevanoZ/dv-user/service/user_service.go:530.3,530.28 1 4
github.com/StevanoZ/dv-user/service/user_service.go:534.3,534.23 1 3
github.com/StevanoZ/dv-user/service/user_service.go:555.3,555.23 1 3
github.com/StevanoZ/dv-user/service/user_service.go:563.3,563.36 1 3
github.com/StevanoZ/dv-user/service/user_service.go:566.3,566.13 1 1
github.com/StevanoZ/dv-user/service/user_service.go:504.17,506.4 1 1
github.com/StevanoZ/dv-user/service/user_service.go:516.34,517.39 1 17
github.com/StevanoZ/dv-user/service/user_service.go:521.4,521.39 1 16
github.com/StevanoZ/dv-user/service/user_service.go:525.4,525.25 1 16
github.com/StevanoZ/dv-user/service/user_service.go:517.39,519.5 1 1
github.com/StevanoZ/dv-user/service/user_service.go:521.39,523.5 1 4
github.com/StevanoZ/dv-user/service/user_service.go:525.25,528.5 2 3
github.com/StevanoZ/dv-user/service/user_service.go:530.28,532.4 1 1
github.com/StevanoZ/dv-user/service/user_service.go:534.23,540.18 2 3
github.com/StevanoZ/dv-user/service/user_service.go:543.4,552.14 4 2
github.com/StevanoZ/dv-user/service/user_service.go:540.18,542.5 1 1
github.com/StevanoZ/dv-user/service/user_service.go:555.23,561.4 2 3
github.com/StevanoZ/dv-user/service/user_service.go:563.36,565.4 1 2
github.com/StevanoZ/dv-user/service/user_service.go:571.12,575.3 3 1
github.com/StevanoZ/dv-user/service/user_service.go:580.93,582.75 1 5
github.com/StevanoZ/dv-user/service/user_service.go:614.2,616.12 2 2
github.com/StevanoZ/dv-user/service/user_service.go:582.75,588.17 4 5
github.com/StevanoZ/dv-user/service/user_service.go:592.3,592.29 1 4
github.com/StevanoZ/dv-user/service/user_service.go:596.3,596.19 1 3
github.com/StevanoZ/dv-user/service/user_service.go:600.3,600.23 1 2
github.com/StevanoZ/dv-user/service/user_service.go:604.3,604.23 1 2
github.com/StevanoZ/dv-user/service/user_service.go:608.3,608.36 1 2
github.com/StevanoZ/dv-user/service/user_service.go:611.3,611.13 1 1
github.com/StevanoZ/dv-user/service/user_service.go:588.17,590.4 1 1
github.com/StevanoZ/dv-user/service/user_service.go:592.29,594.4 1 1
github.com/StevanoZ/dv-user/service/user_service.go:596.19,598.4 1 1
github.com/StevanoZ/dv-user/service/user_service.go:600.23,602.4 1 2
github.com/StevanoZ/dv-user/service/user_service.go:604.23,606.4 1 2
github.com/StevanoZ/dv-user/service/user_service.go:608.36,610.4 1 1
github.com/StevanoZ/dv-user/service/user_service.go:616.12,620.3 3 1
github.com/StevanoZ/dv-user/service/user_service.go:623.115,641.119 9 4
github.com/StevanoZ/dv-user/service/user_service.go:689.2,692.28 3 4
github.com/StevanoZ/dv-user/service/user_service.go:641.119,642.24 1 3
github.com/StevanoZ/dv-user/service/user_service.go:647.3,647.24 1 3
github.com/StevanoZ/dv-user/service/user_service.go:656.3,656.37 1 3
github.com/StevanoZ/dv-user/service/user_service.go:660.3,661.24 2 2
github.com/StevanoZ/dv-user/service/user_service.go:679.3,679.37 1 2
github.com/StevanoZ/dv-user/service/user_service.go:683.3,686.29 3 1
github.com/StevanoZ/dv-user/service/user_service.go:642.24,645.4 2 3
github.com/StevanoZ/dv-user/service/user_service.go:647.24,654.4 2 3
github.com/StevanoZ/dv-user/service/user_service.go:656.37,658.4 1 1
github.com/StevanoZ/dv-user/service/user_service.go:661.24,664.25 2 20
github.com/StevanoZ/dv-user/service/user_service.go:664.25,665.41 1 20
github.com/StevanoZ/dv-user/service/user_service.go:672.5,675.15 3 10
github.com/StevanoZ/dv-user/service/user_service.go:665.41,667.20 2 20
github.com/StevanoZ/dv-user/service/user_service.go:670.6,670.46 1 10
github.com/StevanoZ/dv-user/service/user_service.go:667.20,669.7 1 10
github.com/StevanoZ/dv-user/service/user_service.go:679.37,681.4 1 1
github.com/StevanoZ/dv-user/service/user_service.go:695.98,698.121 3 4
github.com/StevanoZ/dv-user/service/user_service.go:738.2,741.27 3 4
github.com/StevanoZ/dv-user/service/user_service.go:698.121,702.17 2 3
github.com/StevanoZ/dv-user/service/user_service.go:706.3,708.44 2 2
github.com/StevanoZ/dv-user/service/user_service.go:731.3,731.36 1 2
github.com/StevanoZ/dv-user/service/user_service.go:735.3,735.28 1 1
github.com/StevanoZ/dv-user/service/user_service.go:702.17,704.4 1 1
github.com/StevanoZ/dv-user/service/user_service.go:708.44,712.24 3 6
github.com/StevanoZ/dv-user/service/user_service.go:712.24,714.19 1 6
github.com/StevanoZ/dv-user/service/user_service.go:727.5,727.15 1 3
github.com/StevanoZ/dv-user/service/user_service.go:714.19,716.20 2 6
github.com/StevanoZ/dv-user/service/user_service.go:719.6,721.49 2 3
github.com/StevanoZ/dv-user/service/user_service.go:716.20,718.7 1 3
github.com/StevanoZ/dv-user/service/user_service.go:721.49,723.7 1 1
github.com/StevanoZ/dv-user/service/user_service.go:731.36,733.4 1 1
github.com/StevanoZ/dv-user/db/user/sqlc/db.go:19.28,21.2 1 0
github.com/StevanoZ/dv-user/db/user/sqlc/db.go:27.47,31.2 1 0
