mode: atomic
github.com/StevanoZ/dv-user/app/server.go:30.10,36.2 1 2
github.com/StevanoZ/dv-user/app/server.go:38.30,44.12 4 1
github.com/StevanoZ/dv-user/app/server.go:49.2,52.8 3 1
github.com/StevanoZ/dv-user/app/server.go:44.12,47.3 2 1
github.com/StevanoZ/dv-user/db/user/sqlc/user_repository.go:19.39,24.2 1 0
github.com/StevanoZ/dv-user/db/user/sqlc/user_repository.go:26.51,30.2 1 0
github.com/StevanoZ/dv-user/db/user/sqlc/user_repository.go:32.40,34.2 1 0
github.com/StevanoZ/dv-user/service/user_service.go:69.11,78.2 1 0
github.com/StevanoZ/dv-user/service/user_service.go:80.94,83.75 3 0
github.com/StevanoZ/dv-user/service/user_service.go:115.2,118.12 3 0
github.com/StevanoZ/dv-user/service/user_service.go:126.2,126.12 1 0
github.com/StevanoZ/dv-user/service/user_service.go:139.2,139.12 1 0
github.com/StevanoZ/dv-user/service/user_service.go:144.2,144.17 1 0
github.com/StevanoZ/dv-user/service/user_service.go:83.75,87.41 3 0
github.com/StevanoZ/dv-user/service/user_service.go:91.3,91.23 1 0
github.com/StevanoZ/dv-user/service/user_service.go:95.3,96.17 2 0
github.com/StevanoZ/dv-user/service/user_service.go:100.3,106.17 7 0
github.com/StevanoZ/dv-user/service/user_service.go:110.3,113.13 3 0
github.com/StevanoZ/dv-user/service/user_service.go:87.41,89.4 1 0
github.com/StevanoZ/dv-user/service/user_service.go:91.23,93.4 1 0
github.com/StevanoZ/dv-user/service/user_service.go:96.17,98.4 1 0
github.com/StevanoZ/dv-user/service/user_service.go:106.17,108.4 1 0
github.com/StevanoZ/dv-user/service/user_service.go:118.12,124.3 2 0
github.com/StevanoZ/dv-user/service/user_service.go:126.12,137.3 2 0
github.com/StevanoZ/dv-user/service/user_service.go:139.12,142.3 2 0
github.com/StevanoZ/dv-user/service/user_service.go:147.101,149.75 2 0
github.com/StevanoZ/dv-user/service/user_service.go:201.2,203.26 2 0
github.com/StevanoZ/dv-user/service/user_service.go:149.75,159.17 8 0
github.com/StevanoZ/dv-user/service/user_service.go:163.3,163.34 1 0
github.com/StevanoZ/dv-user/service/user_service.go:166.3,168.17 2 0
github.com/StevanoZ/dv-user/service/user_service.go:172.3,172.23 1 0
github.com/StevanoZ/dv-user/service/user_service.go:182.3,182.23 1 0
github.com/StevanoZ/dv-user/service/user_service.go:190.3,190.36 1 0
github.com/StevanoZ/dv-user/service/user_service.go:194.3,198.13 4 0
github.com/StevanoZ/dv-user/service/user_service.go:159.17,161.4 1 0
github.com/StevanoZ/dv-user/service/user_service.go:163.34,165.4 1 0
github.com/StevanoZ/dv-user/service/user_service.go:168.17,170.4 1 0
github.com/StevanoZ/dv-user/service/user_service.go:172.23,180.4 2 0
github.com/StevanoZ/dv-user/service/user_service.go:182.23,183.32 1 0
github.com/StevanoZ/dv-user/service/user_service.go:187.4,187.14 1 0
github.com/StevanoZ/dv-user/service/user_service.go:183.32,186.5 2 0
github.com/StevanoZ/dv-user/service/user_service.go:190.36,192.4 1 0
github.com/StevanoZ/dv-user/service/user_service.go:206.120,210.75 3 0
github.com/StevanoZ/dv-user/service/user_service.go:238.2,240.12 2 0
github.com/StevanoZ/dv-user/service/user_service.go:253.2,253.12 1 0
github.com/StevanoZ/dv-user/service/user_service.go:259.2,259.17 1 0
github.com/StevanoZ/dv-user/service/user_service.go:210.75,214.17 3 0
github.com/StevanoZ/dv-user/service/user_service.go:218.3,228.17 2 0
github.com/StevanoZ/dv-user/service/user_service.go:232.3,235.13 3 0
github.com/StevanoZ/dv-user/service/user_service.go:214.17,216.4 1 0
github.com/StevanoZ/dv-user/service/user_service.go:228.17,230.4 1 0
github.com/StevanoZ/dv-user/service/user_service.go:240.12,252.3 2 0
github.com/StevanoZ/dv-user/service/user_service.go:253.12,257.3 3 0
github.com/StevanoZ/dv-user/service/user_service.go:262.82,263.27 1 0
github.com/StevanoZ/dv-user/service/user_service.go:267.2,267.27 1 0
github.com/StevanoZ/dv-user/service/user_service.go:271.2,273.36 2 0
github.com/StevanoZ/dv-user/service/user_service.go:277.2,278.16 2 0
github.com/StevanoZ/dv-user/service/user_service.go:282.2,282.21 1 0
github.com/StevanoZ/dv-user/service/user_service.go:263.27,265.3 1 0
github.com/StevanoZ/dv-user/service/user_service.go:267.27,269.3 1 0
github.com/StevanoZ/dv-user/service/user_service.go:273.36,275.3 1 0
github.com/StevanoZ/dv-user/service/user_service.go:278.16,280.3 1 0
github.com/StevanoZ/dv-user/service/user_service.go:285.109,289.75 3 0
github.com/StevanoZ/dv-user/service/user_service.go:353.2,355.12 2 0
github.com/StevanoZ/dv-user/service/user_service.go:369.2,369.12 1 0
github.com/StevanoZ/dv-user/service/user_service.go:374.2,374.26 1 0
github.com/StevanoZ/dv-user/service/user_service.go:289.75,294.17 3 0
github.com/StevanoZ/dv-user/service/user_service.go:298.3,299.17 2 0
github.com/StevanoZ/dv-user/service/user_service.go:303.3,303.37 1 0
github.com/StevanoZ/dv-user/service/user_service.go:327.3,334.17 6 0
github.com/StevanoZ/dv-user/service/user_service.go:338.3,345.17 3 0
github.com/StevanoZ/dv-user/service/user_service.go:348.3,350.13 3 0
github.com/StevanoZ/dv-user/service/user_service.go:294.17,296.4 1 0
github.com/StevanoZ/dv-user/service/user_service.go:299.17,301.4 1 0
github.com/StevanoZ/dv-user/service/user_service.go:303.37,307.18 4 0
github.com/StevanoZ/dv-user/service/user_service.go:311.4,311.14 1 0
github.com/StevanoZ/dv-user/service/user_service.go:325.4,325.58 1 0
github.com/StevanoZ/dv-user/service/user_service.go:307.18,309.5 1 0
github.com/StevanoZ/dv-user/service/user_service.go:311.14,323.5 1 0
github.com/StevanoZ/dv-user/service/user_service.go:334.17,336.4 1 0
github.com/StevanoZ/dv-user/service/user_service.go:345.17,347.4 1 0
github.com/StevanoZ/dv-user/service/user_service.go:355.12,367.3 2 0
github.com/StevanoZ/dv-user/service/user_service.go:369.12,372.3 2 0
github.com/StevanoZ/dv-user/service/user_service.go:377.82,380.75 2 0
github.com/StevanoZ/dv-user/service/user_service.go:415.2,417.12 2 0
github.com/StevanoZ/dv-user/service/user_service.go:425.2,425.12 1 0
github.com/StevanoZ/dv-user/service/user_service.go:380.75,384.17 3 0
github.com/StevanoZ/dv-user/service/user_service.go:388.3,388.28 1 0
github.com/StevanoZ/dv-user/service/user_service.go:392.3,392.28 1 0
github.com/StevanoZ/dv-user/service/user_service.go:396.3,408.17 3 0
github.com/StevanoZ/dv-user/service/user_service.go:411.3,412.13 2 0
github.com/StevanoZ/dv-user/service/user_service.go:384.17,386.4 1 0
github.com/StevanoZ/dv-user/service/user_service.go:388.28,390.4 1 0
github.com/StevanoZ/dv-user/service/user_service.go:392.28,394.4 1 0
github.com/StevanoZ/dv-user/service/user_service.go:408.17,410.4 1 0
github.com/StevanoZ/dv-user/service/user_service.go:417.12,423.3 2 0
github.com/StevanoZ/dv-user/service/user_service.go:425.12,437.3 2 0
github.com/StevanoZ/dv-user/service/user_service.go:448.30,455.16 6 0
github.com/StevanoZ/dv-user/service/user_service.go:459.2,471.19 5 0
github.com/StevanoZ/dv-user/service/user_service.go:455.16,457.3 1 0
github.com/StevanoZ/dv-user/service/user_service.go:479.3,483.19 3 0
github.com/StevanoZ/dv-user/service/user_service.go:483.19,485.30 2 0
github.com/StevanoZ/dv-user/service/user_service.go:498.3,498.124 1 0
github.com/StevanoZ/dv-user/service/user_service.go:485.30,497.4 2 0
github.com/StevanoZ/dv-user/service/user_service.go:499.8,500.30 1 0
github.com/StevanoZ/dv-user/service/user_service.go:511.3,511.124 1 0
github.com/StevanoZ/dv-user/service/user_service.go:500.30,510.4 1 0
github.com/StevanoZ/dv-user/service/user_service.go:515.129,517.19 2 0
github.com/StevanoZ/dv-user/service/user_service.go:517.19,524.3 1 0
github.com/StevanoZ/dv-user/service/user_service.go:527.144,536.73 8 0
github.com/StevanoZ/dv-user/service/user_service.go:587.2,589.16 2 0
github.com/StevanoZ/dv-user/service/user_service.go:536.73,539.17 3 0
github.com/StevanoZ/dv-user/service/user_service.go:543.3,546.33 3 0
github.com/StevanoZ/dv-user/service/user_service.go:553.3,553.20 1 0
github.com/StevanoZ/dv-user/service/user_service.go:577.3,577.36 1 0
github.com/StevanoZ/dv-user/service/user_service.go:584.3,584.13 1 0
github.com/StevanoZ/dv-user/service/user_service.go:539.17,541.4 1 0
github.com/StevanoZ/dv-user/service/user_service.go:546.33,547.17 1 0
github.com/StevanoZ/dv-user/service/user_service.go:547.17,549.10 2 0
github.com/StevanoZ/dv-user/service/user_service.go:553.20,561.24 4 0
github.com/StevanoZ/dv-user/service/user_service.go:571.4,571.24 1 0
github.com/StevanoZ/dv-user/service/user_service.go:561.24,569.5 3 0
github.com/StevanoZ/dv-user/service/user_service.go:571.24,574.5 2 0
github.com/StevanoZ/dv-user/service/user_service.go:577.36,579.4 1 0
github.com/StevanoZ/dv-user/service/user_service.go:579.9,579.32 1 0
github.com/StevanoZ/dv-user/service/user_service.go:579.32,583.4 3 0
github.com/StevanoZ/dv-user/service/user_service.go:589.16,592.3 2 0
github.com/StevanoZ/dv-user/service/user_service.go:595.131,599.75 3 0
github.com/StevanoZ/dv-user/service/user_service.go:644.2,646.12 2 0
github.com/StevanoZ/dv-user/service/user_service.go:650.2,650.12 1 0
github.com/StevanoZ/dv-user/service/user_service.go:656.2,656.23 1 0
github.com/StevanoZ/dv-user/service/user_service.go:599.75,604.22 4 0
github.com/StevanoZ/dv-user/service/user_service.go:608.3,608.24 1 0
github.com/StevanoZ/dv-user/service/user_service.go:638.3,638.36 1 0
github.com/StevanoZ/dv-user/service/user_service.go:641.3,641.13 1 0
github.com/StevanoZ/dv-user/service/user_service.go:604.22,606.4 1 0
github.com/StevanoZ/dv-user/service/user_service.go:608.24,613.18 4 0
github.com/StevanoZ/dv-user/service/user_service.go:617.4,617.24 1 0
github.com/StevanoZ/dv-user/service/user_service.go:613.18,615.5 1 0
github.com/StevanoZ/dv-user/service/user_service.go:617.24,627.19 2 0
github.com/StevanoZ/dv-user/service/user_service.go:631.5,634.15 3 0
github.com/StevanoZ/dv-user/service/user_service.go:627.19,629.6 1 0
github.com/StevanoZ/dv-user/service/user_service.go:638.36,640.4 1 0
github.com/StevanoZ/dv-user/service/user_service.go:646.12,648.3 1 0
github.com/StevanoZ/dv-user/service/user_service.go:650.12,654.3 3 0
github.com/StevanoZ/dv-user/service/user_service.go:659.101,663.127 3 0
github.com/StevanoZ/dv-user/service/user_service.go:691.2,694.23 3 0
github.com/StevanoZ/dv-user/service/user_service.go:663.127,665.17 2 0
github.com/StevanoZ/dv-user/service/user_service.go:669.3,670.29 2 0
github.com/StevanoZ/dv-user/service/user_service.go:684.3,684.36 1 0
github.com/StevanoZ/dv-user/service/user_service.go:688.3,688.24 1 0
github.com/StevanoZ/dv-user/service/user_service.go:665.17,667.4 1 0
github.com/StevanoZ/dv-user/service/user_service.go:670.29,672.24 2 0
github.com/StevanoZ/dv-user/service/user_service.go:672.24,674.19 2 0
github.com/StevanoZ/dv-user/service/user_service.go:677.5,680.15 4 0
github.com/StevanoZ/dv-user/service/user_service.go:674.19,676.6 1 0
github.com/StevanoZ/dv-user/service/user_service.go:684.36,686.4 1 0
github.com/StevanoZ/dv-user/service/user_service.go:703.3,704.37 1 0
github.com/StevanoZ/dv-user/service/user_service.go:708.2,708.23 1 0
github.com/StevanoZ/dv-user/service/user_service.go:704.37,706.3 1 0
github.com/StevanoZ/dv-user/service/user_service.go:708.23,711.3 2 0
github.com/StevanoZ/dv-user/service/user_service.go:722.44,727.16 2 0
github.com/StevanoZ/dv-user/service/user_service.go:731.2,740.25 4 0
github.com/StevanoZ/dv-user/service/user_service.go:727.16,729.3 1 0
github.com/StevanoZ/dv-user/service/user_service.go:743.117,749.75 5 0
github.com/StevanoZ/dv-user/service/user_service.go:807.2,809.12 2 0
github.com/StevanoZ/dv-user/service/user_service.go:819.2,819.12 1 0
github.com/StevanoZ/dv-user/service/user_service.go:829.2,829.12 1 0
github.com/StevanoZ/dv-user/service/user_service.go:835.2,835.22 1 0
github.com/StevanoZ/dv-user/service/user_service.go:749.75,755.17 4 0
github.com/StevanoZ/dv-user/service/user_service.go:759.3,763.34 4 0
github.com/StevanoZ/dv-user/service/user_service.go:776.3,776.28 1 0
github.com/StevanoZ/dv-user/service/user_service.go:780.3,780.23 1 0
github.com/StevanoZ/dv-user/service/user_service.go:793.3,793.23 1 0
github.com/StevanoZ/dv-user/service/user_service.go:801.3,801.36 1 0
github.com/StevanoZ/dv-user/service/user_service.go:804.3,804.13 1 0
github.com/StevanoZ/dv-user/service/user_service.go:755.17,757.4 1 0
github.com/StevanoZ/dv-user/service/user_service.go:763.34,764.39 1 0
github.com/StevanoZ/dv-user/service/user_service.go:768.4,773.5 1 0
github.com/StevanoZ/dv-user/service/user_service.go:764.39,766.5 1 0
github.com/StevanoZ/dv-user/service/user_service.go:776.28,778.4 1 0
github.com/StevanoZ/dv-user/service/user_service.go:780.23,791.4 2 0
github.com/StevanoZ/dv-user/service/user_service.go:793.23,799.4 2 0
github.com/StevanoZ/dv-user/service/user_service.go:801.36,803.4 1 0
github.com/StevanoZ/dv-user/service/user_service.go:809.12,817.3 2 0
github.com/StevanoZ/dv-user/service/user_service.go:819.12,827.3 2 0
github.com/StevanoZ/dv-user/service/user_service.go:829.12,833.3 3 0
github.com/StevanoZ/dv-user/service/user_service.go:838.93,841.75 2 0
github.com/StevanoZ/dv-user/service/user_service.go:874.2,876.12 2 0
github.com/StevanoZ/dv-user/service/user_service.go:883.2,883.12 1 0
github.com/StevanoZ/dv-user/service/user_service.go:841.75,846.17 4 0
github.com/StevanoZ/dv-user/service/user_service.go:850.3,850.29 1 0
github.com/StevanoZ/dv-user/service/user_service.go:854.3,854.19 1 0
github.com/StevanoZ/dv-user/service/user_service.go:858.3,858.23 1 0
github.com/StevanoZ/dv-user/service/user_service.go:862.3,862.23 1 0
github.com/StevanoZ/dv-user/service/user_service.go:866.3,866.36 1 0
github.com/StevanoZ/dv-user/service/user_service.go:870.3,871.13 2 0
github.com/StevanoZ/dv-user/service/user_service.go:846.17,848.4 1 0
github.com/StevanoZ/dv-user/service/user_service.go:850.29,852.4 1 0
github.com/StevanoZ/dv-user/service/user_service.go:854.19,856.4 1 0
github.com/StevanoZ/dv-user/service/user_service.go:858.23,860.4 1 0
github.com/StevanoZ/dv-user/service/user_service.go:862.23,864.4 1 0
github.com/StevanoZ/dv-user/service/user_service.go:866.36,868.4 1 0
github.com/StevanoZ/dv-user/service/user_service.go:876.12,881.3 2 0
github.com/StevanoZ/dv-user/service/user_service.go:883.12,887.3 3 0
github.com/StevanoZ/dv-user/service/user_service.go:890.115,908.119 9 0
github.com/StevanoZ/dv-user/service/user_service.go:956.2,959.28 3 0
github.com/StevanoZ/dv-user/service/user_service.go:908.119,909.24 1 0
github.com/StevanoZ/dv-user/service/user_service.go:914.3,914.24 1 0
github.com/StevanoZ/dv-user/service/user_service.go:923.3,923.37 1 0
github.com/StevanoZ/dv-user/service/user_service.go:927.3,928.24 2 0
github.com/StevanoZ/dv-user/service/user_service.go:946.3,946.37 1 0
github.com/StevanoZ/dv-user/service/user_service.go:950.3,953.29 3 0
github.com/StevanoZ/dv-user/service/user_service.go:909.24,912.4 2 0
github.com/StevanoZ/dv-user/service/user_service.go:914.24,921.4 2 0
github.com/StevanoZ/dv-user/service/user_service.go:923.37,925.4 1 0
github.com/StevanoZ/dv-user/service/user_service.go:928.24,931.25 2 0
github.com/StevanoZ/dv-user/service/user_service.go:931.25,932.41 1 0
github.com/StevanoZ/dv-user/service/user_service.go:939.5,942.15 3 0
github.com/StevanoZ/dv-user/service/user_service.go:932.41,934.20 2 0
github.com/StevanoZ/dv-user/service/user_service.go:937.6,937.46 1 0
github.com/StevanoZ/dv-user/service/user_service.go:934.20,936.7 1 0
github.com/StevanoZ/dv-user/service/user_service.go:946.37,948.4 1 0
github.com/StevanoZ/dv-user/service/user_service.go:968.9,969.16 1 0
github.com/StevanoZ/dv-user/service/user_service.go:982.2,982.12 1 0
github.com/StevanoZ/dv-user/service/user_service.go:969.16,971.17 2 0
github.com/StevanoZ/dv-user/service/user_service.go:974.3,976.46 2 0
github.com/StevanoZ/dv-user/service/user_service.go:971.17,973.4 1 0
github.com/StevanoZ/dv-user/service/user_service.go:976.46,978.4 1 0
github.com/StevanoZ/dv-user/service/user_service.go:985.98,988.121 3 0
github.com/StevanoZ/dv-user/service/user_service.go:1019.2,1022.27 3 0
github.com/StevanoZ/dv-user/service/user_service.go:988.121,991.17 2 0
github.com/StevanoZ/dv-user/service/user_service.go:995.3,997.44 2 0
github.com/StevanoZ/dv-user/service/user_service.go:1012.3,1012.36 1 0
github.com/StevanoZ/dv-user/service/user_service.go:1016.3,1016.28 1 0
github.com/StevanoZ/dv-user/service/user_service.go:991.17,993.4 1 0
github.com/StevanoZ/dv-user/service/user_service.go:997.44,1001.24 3 0
github.com/StevanoZ/dv-user/service/user_service.go:1001.24,1009.5 1 0
github.com/StevanoZ/dv-user/service/user_service.go:1012.36,1014.4 1 0
github.com/StevanoZ/dv-user/dtos/mapping/mapping_response.go:13.54,24.2 1 0
github.com/StevanoZ/dv-user/dtos/mapping/mapping_response.go:26.72,37.2 1 0
github.com/StevanoZ/dv-user/dtos/mapping/mapping_response.go:39.70,49.2 1 0
github.com/StevanoZ/dv-user/dtos/mapping/mapping_response.go:51.91,58.29 5 0
github.com/StevanoZ/dv-user/dtos/mapping/mapping_response.go:65.2,76.3 1 0
github.com/StevanoZ/dv-user/dtos/mapping/mapping_response.go:58.29,59.40 1 0
github.com/StevanoZ/dv-user/dtos/mapping/mapping_response.go:59.40,62.4 2 0
github.com/StevanoZ/dv-user/dtos/mapping/mapping_response.go:79.79,87.37 5 0
github.com/StevanoZ/dv-user/dtos/mapping/mapping_response.go:95.2,95.21 1 0
github.com/StevanoZ/dv-user/dtos/mapping/mapping_response.go:101.2,106.3 1 0
github.com/StevanoZ/dv-user/dtos/mapping/mapping_response.go:87.37,90.3 2 0
github.com/StevanoZ/dv-user/dtos/mapping/mapping_response.go:90.8,93.3 2 0
github.com/StevanoZ/dv-user/dtos/mapping/mapping_response.go:95.21,97.3 1 0
github.com/StevanoZ/dv-user/dtos/mapping/mapping_response.go:97.8,99.3 1 0
github.com/StevanoZ/dv-user/dtos/mapping/mapping_response.go:110.71,117.2 1 0
github.com/StevanoZ/dv-user/dtos/mapping/mapping_response.go:119.69,129.2 1 0
github.com/StevanoZ/dv-user/handler/user_handler.go:39.15,44.2 1 2
github.com/StevanoZ/dv-user/handler/user_handler.go:48.3,70.62 18 1
github.com/StevanoZ/dv-user/handler/user_handler.go:70.62,72.3 1 0
github.com/StevanoZ/dv-user/handler/user_handler.go:75.74,81.2 4 0
github.com/StevanoZ/dv-user/handler/user_handler.go:83.73,89.2 4 0
github.com/StevanoZ/dv-user/handler/user_handler.go:91.78,100.2 6 0
github.com/StevanoZ/dv-user/handler/user_handler.go:102.77,108.2 4 0
github.com/StevanoZ/dv-user/handler/user_handler.go:110.77,116.2 4 0
github.com/StevanoZ/dv-user/handler/user_handler.go:118.80,121.16 3 0
github.com/StevanoZ/dv-user/handler/user_handler.go:125.2,130.46 4 0
github.com/StevanoZ/dv-user/handler/user_handler.go:121.16,123.3 1 0
github.com/StevanoZ/dv-user/handler/user_handler.go:133.80,141.2 5 0
github.com/StevanoZ/dv-user/handler/user_handler.go:143.76,162.2 9 0
github.com/StevanoZ/dv-user/handler/user_handler.go:164.75,169.2 3 0
github.com/StevanoZ/dv-user/handler/user_handler.go:171.81,177.2 3 0
github.com/StevanoZ/dv-user/handler/user_handler.go:179.79,188.2 5 0
github.com/StevanoZ/dv-user/main.go:8.13,20.2 7 0
github.com/StevanoZ/dv-user/db/user/sqlc/user.sql.go:29.87,53.2 4 0
github.com/StevanoZ/dv-user/db/user/sqlc/user.sql.go:69.102,88.2 4 0
github.com/StevanoZ/dv-user/db/user/sqlc/user.sql.go:94.71,97.2 2 0
github.com/StevanoZ/dv-user/db/user/sqlc/user.sql.go:103.76,106.2 2 0
github.com/StevanoZ/dv-user/db/user/sqlc/user.sql.go:112.84,130.2 4 0
github.com/StevanoZ/dv-user/db/user/sqlc/user.sql.go:136.81,154.2 4 0
github.com/StevanoZ/dv-user/db/user/sqlc/user.sql.go:160.91,173.2 4 0
github.com/StevanoZ/dv-user/db/user/sqlc/user.sql.go:179.102,181.16 2 0
github.com/StevanoZ/dv-user/db/user/sqlc/user.sql.go:184.2,186.18 3 0
github.com/StevanoZ/dv-user/db/user/sqlc/user.sql.go:201.2,201.37 1 0
github.com/StevanoZ/dv-user/db/user/sqlc/user.sql.go:204.2,204.35 1 0
github.com/StevanoZ/dv-user/db/user/sqlc/user.sql.go:207.2,207.19 1 0
github.com/StevanoZ/dv-user/db/user/sqlc/user.sql.go:181.16,183.3 1 0
github.com/StevanoZ/dv-user/db/user/sqlc/user.sql.go:186.18,196.17 2 0
github.com/StevanoZ/dv-user/db/user/sqlc/user.sql.go:199.3,199.27 1 0
github.com/StevanoZ/dv-user/db/user/sqlc/user.sql.go:196.17,198.4 1 0
github.com/StevanoZ/dv-user/db/user/sqlc/user.sql.go:201.37,203.3 1 0
github.com/StevanoZ/dv-user/db/user/sqlc/user.sql.go:204.35,206.3 1 0
github.com/StevanoZ/dv-user/db/user/sqlc/user.sql.go:214.111,216.16 2 0
github.com/StevanoZ/dv-user/db/user/sqlc/user.sql.go:219.2,221.18 3 0
github.com/StevanoZ/dv-user/db/user/sqlc/user.sql.go:236.2,236.37 1 0
github.com/StevanoZ/dv-user/db/user/sqlc/user.sql.go:239.2,239.35 1 0
github.com/StevanoZ/dv-user/db/user/sqlc/user.sql.go:242.2,242.19 1 0
github.com/StevanoZ/dv-user/db/user/sqlc/user.sql.go:216.16,218.3 1 0
github.com/StevanoZ/dv-user/db/user/sqlc/user.sql.go:221.18,231.17 2 0
github.com/StevanoZ/dv-user/db/user/sqlc/user.sql.go:234.3,234.27 1 0
github.com/StevanoZ/dv-user/db/user/sqlc/user.sql.go:231.17,233.4 1 0
github.com/StevanoZ/dv-user/db/user/sqlc/user.sql.go:236.37,238.3 1 0
github.com/StevanoZ/dv-user/db/user/sqlc/user.sql.go:239.35,241.3 1 0
github.com/StevanoZ/dv-user/db/user/sqlc/user.sql.go:267.104,286.2 4 0
github.com/StevanoZ/dv-user/db/user/sqlc/user.sql.go:320.87,329.16 2 0
github.com/StevanoZ/dv-user/db/user/sqlc/user.sql.go:332.2,334.18 3 0
github.com/StevanoZ/dv-user/db/user/sqlc/user.sql.go:354.2,354.37 1 0
github.com/StevanoZ/dv-user/db/user/sqlc/user.sql.go:357.2,357.35 1 0
github.com/StevanoZ/dv-user/db/user/sqlc/user.sql.go:360.2,360.19 1 0
github.com/StevanoZ/dv-user/db/user/sqlc/user.sql.go:329.16,331.3 1 0
github.com/StevanoZ/dv-user/db/user/sqlc/user.sql.go:334.18,349.17 2 0
github.com/StevanoZ/dv-user/db/user/sqlc/user.sql.go:352.3,352.27 1 0
github.com/StevanoZ/dv-user/db/user/sqlc/user.sql.go:349.17,351.4 1 0
github.com/StevanoZ/dv-user/db/user/sqlc/user.sql.go:354.37,356.3 1 0
github.com/StevanoZ/dv-user/db/user/sqlc/user.sql.go:357.35,359.3 1 0
github.com/StevanoZ/dv-user/db/user/sqlc/user.sql.go:383.114,388.2 4 0
github.com/StevanoZ/dv-user/db/user/sqlc/user.sql.go:406.87,432.2 4 0
github.com/StevanoZ/dv-user/db/user/sqlc/user.sql.go:443.102,456.2 4 0
github.com/StevanoZ/dv-user/db/user/sqlc/user.sql.go:469.105,487.2 4 0
github.com/StevanoZ/dv-user/db/user/sqlc/db.go:19.28,21.2 1 0
github.com/StevanoZ/dv-user/db/user/sqlc/db.go:27.47,31.2 1 0
github.com/StevanoZ/dv-user/db/user/sqlc/user.sql.go:29.87,53.2 4 0
github.com/StevanoZ/dv-user/db/user/sqlc/user.sql.go:69.102,88.2 4 0
github.com/StevanoZ/dv-user/db/user/sqlc/user.sql.go:94.71,97.2 2 0
github.com/StevanoZ/dv-user/db/user/sqlc/user.sql.go:103.76,106.2 2 0
github.com/StevanoZ/dv-user/db/user/sqlc/user.sql.go:112.84,130.2 4 0
github.com/StevanoZ/dv-user/db/user/sqlc/user.sql.go:136.81,154.2 4 0
github.com/StevanoZ/dv-user/db/user/sqlc/user.sql.go:160.91,173.2 4 0
github.com/StevanoZ/dv-user/db/user/sqlc/user.sql.go:179.102,181.16 2 0
github.com/StevanoZ/dv-user/db/user/sqlc/user.sql.go:184.2,186.18 3 0
github.com/StevanoZ/dv-user/db/user/sqlc/user.sql.go:201.2,201.37 1 0
github.com/StevanoZ/dv-user/db/user/sqlc/user.sql.go:204.2,204.35 1 0
github.com/StevanoZ/dv-user/db/user/sqlc/user.sql.go:207.2,207.19 1 0
github.com/StevanoZ/dv-user/db/user/sqlc/user.sql.go:181.16,183.3 1 0
github.com/StevanoZ/dv-user/db/user/sqlc/user.sql.go:186.18,196.17 2 0
github.com/StevanoZ/dv-user/db/user/sqlc/user.sql.go:199.3,199.27 1 0
github.com/StevanoZ/dv-user/db/user/sqlc/user.sql.go:196.17,198.4 1 0
github.com/StevanoZ/dv-user/db/user/sqlc/user.sql.go:201.37,203.3 1 0
github.com/StevanoZ/dv-user/db/user/sqlc/user.sql.go:204.35,206.3 1 0
github.com/StevanoZ/dv-user/db/user/sqlc/user.sql.go:214.111,216.16 2 0
github.com/StevanoZ/dv-user/db/user/sqlc/user.sql.go:219.2,221.18 3 0
github.com/StevanoZ/dv-user/db/user/sqlc/user.sql.go:236.2,236.37 1 0
github.com/StevanoZ/dv-user/db/user/sqlc/user.sql.go:239.2,239.35 1 0
github.com/StevanoZ/dv-user/db/user/sqlc/user.sql.go:242.2,242.19 1 0
github.com/StevanoZ/dv-user/db/user/sqlc/user.sql.go:216.16,218.3 1 0
github.com/StevanoZ/dv-user/db/user/sqlc/user.sql.go:221.18,231.17 2 0
github.com/StevanoZ/dv-user/db/user/sqlc/user.sql.go:234.3,234.27 1 0
github.com/StevanoZ/dv-user/db/user/sqlc/user.sql.go:231.17,233.4 1 0
github.com/StevanoZ/dv-user/db/user/sqlc/user.sql.go:236.37,238.3 1 0
github.com/StevanoZ/dv-user/db/user/sqlc/user.sql.go:239.35,241.3 1 0
github.com/StevanoZ/dv-user/db/user/sqlc/user.sql.go:267.104,286.2 4 0
github.com/StevanoZ/dv-user/db/user/sqlc/user.sql.go:320.87,329.16 2 0
github.com/StevanoZ/dv-user/db/user/sqlc/user.sql.go:332.2,334.18 3 0
github.com/StevanoZ/dv-user/db/user/sqlc/user.sql.go:354.2,354.37 1 0
github.com/StevanoZ/dv-user/db/user/sqlc/user.sql.go:357.2,357.35 1 0
github.com/StevanoZ/dv-user/db/user/sqlc/user.sql.go:360.2,360.19 1 0
github.com/StevanoZ/dv-user/db/user/sqlc/user.sql.go:329.16,331.3 1 0
github.com/StevanoZ/dv-user/db/user/sqlc/user.sql.go:334.18,349.17 2 0
github.com/StevanoZ/dv-user/db/user/sqlc/user.sql.go:352.3,352.27 1 0
github.com/StevanoZ/dv-user/db/user/sqlc/user.sql.go:349.17,351.4 1 0
github.com/StevanoZ/dv-user/db/user/sqlc/user.sql.go:354.37,356.3 1 0
github.com/StevanoZ/dv-user/db/user/sqlc/user.sql.go:357.35,359.3 1 0
github.com/StevanoZ/dv-user/db/user/sqlc/user.sql.go:383.114,388.2 4 0
github.com/StevanoZ/dv-user/db/user/sqlc/user.sql.go:406.87,432.2 4 0
github.com/StevanoZ/dv-user/db/user/sqlc/user.sql.go:443.102,456.2 4 0
github.com/StevanoZ/dv-user/db/user/sqlc/user.sql.go:469.105,487.2 4 0
github.com/StevanoZ/dv-user/dtos/mapping/mapping_response.go:13.54,24.2 1 0
github.com/StevanoZ/dv-user/dtos/mapping/mapping_response.go:26.72,37.2 1 0
github.com/StevanoZ/dv-user/dtos/mapping/mapping_response.go:39.70,49.2 1 0
github.com/StevanoZ/dv-user/dtos/mapping/mapping_response.go:51.91,58.29 5 0
github.com/StevanoZ/dv-user/dtos/mapping/mapping_response.go:65.2,76.3 1 0
github.com/StevanoZ/dv-user/dtos/mapping/mapping_response.go:58.29,59.40 1 0
github.com/StevanoZ/dv-user/dtos/mapping/mapping_response.go:59.40,62.4 2 0
github.com/StevanoZ/dv-user/dtos/mapping/mapping_response.go:79.79,87.37 5 1
github.com/StevanoZ/dv-user/dtos/mapping/mapping_response.go:95.2,95.21 1 1
github.com/StevanoZ/dv-user/dtos/mapping/mapping_response.go:101.2,106.3 1 1
github.com/StevanoZ/dv-user/dtos/mapping/mapping_response.go:87.37,90.3 2 1
github.com/StevanoZ/dv-user/dtos/mapping/mapping_response.go:90.8,93.3 2 0
github.com/StevanoZ/dv-user/dtos/mapping/mapping_response.go:95.21,97.3 1 0
github.com/StevanoZ/dv-user/dtos/mapping/mapping_response.go:97.8,99.3 1 1
github.com/StevanoZ/dv-user/dtos/mapping/mapping_response.go:110.71,117.2 1 0
github.com/StevanoZ/dv-user/dtos/mapping/mapping_response.go:119.69,129.2 1 0
github.com/StevanoZ/dv-user/main.go:8.13,20.2 7 0
github.com/StevanoZ/dv-user/app/server.go:30.10,36.2 1 0
github.com/StevanoZ/dv-user/app/server.go:38.30,44.12 4 0
github.com/StevanoZ/dv-user/app/server.go:49.2,52.8 3 0
github.com/StevanoZ/dv-user/app/server.go:44.12,47.3 2 0
github.com/StevanoZ/dv-user/db/user/sqlc/db.go:19.28,21.2 1 0
github.com/StevanoZ/dv-user/db/user/sqlc/db.go:27.47,31.2 1 0
github.com/StevanoZ/dv-user/service/user_service.go:69.11,78.2 1 0
github.com/StevanoZ/dv-user/service/user_service.go:80.94,83.75 3 0
github.com/StevanoZ/dv-user/service/user_service.go:115.2,118.12 3 0
github.com/StevanoZ/dv-user/service/user_service.go:126.2,126.12 1 0
github.com/StevanoZ/dv-user/service/user_service.go:139.2,139.12 1 0
github.com/StevanoZ/dv-user/service/user_service.go:144.2,144.17 1 0
github.com/StevanoZ/dv-user/service/user_service.go:83.75,87.41 3 0
github.com/StevanoZ/dv-user/service/user_service.go:91.3,91.23 1 0
github.com/StevanoZ/dv-user/service/user_service.go:95.3,96.17 2 0
github.com/StevanoZ/dv-user/service/user_service.go:100.3,106.17 7 0
github.com/StevanoZ/dv-user/service/user_service.go:110.3,113.13 3 0
github.com/StevanoZ/dv-user/service/user_service.go:87.41,89.4 1 0
github.com/StevanoZ/dv-user/service/user_service.go:91.23,93.4 1 0
github.com/StevanoZ/dv-user/service/user_service.go:96.17,98.4 1 0
github.com/StevanoZ/dv-user/service/user_service.go:106.17,108.4 1 0
github.com/StevanoZ/dv-user/service/user_service.go:118.12,124.3 2 0
github.com/StevanoZ/dv-user/service/user_service.go:126.12,137.3 2 0
github.com/StevanoZ/dv-user/service/user_service.go:139.12,142.3 2 0
github.com/StevanoZ/dv-user/service/user_service.go:147.101,149.75 2 0
github.com/StevanoZ/dv-user/service/user_service.go:201.2,203.26 2 0
github.com/StevanoZ/dv-user/service/user_service.go:149.75,159.17 8 0
github.com/StevanoZ/dv-user/service/user_service.go:163.3,163.34 1 0
github.com/StevanoZ/dv-user/service/user_service.go:166.3,168.17 2 0
github.com/StevanoZ/dv-user/service/user_service.go:172.3,172.23 1 0
github.com/StevanoZ/dv-user/service/user_service.go:182.3,182.23 1 0
github.com/StevanoZ/dv-user/service/user_service.go:190.3,190.36 1 0
github.com/StevanoZ/dv-user/service/user_service.go:194.3,198.13 4 0
github.com/StevanoZ/dv-user/service/user_service.go:159.17,161.4 1 0
github.com/StevanoZ/dv-user/service/user_service.go:163.34,165.4 1 0
github.com/StevanoZ/dv-user/service/user_service.go:168.17,170.4 1 0
github.com/StevanoZ/dv-user/service/user_service.go:172.23,180.4 2 0
github.com/StevanoZ/dv-user/service/user_service.go:182.23,183.32 1 0
github.com/StevanoZ/dv-user/service/user_service.go:187.4,187.14 1 0
github.com/StevanoZ/dv-user/service/user_service.go:183.32,186.5 2 0
github.com/StevanoZ/dv-user/service/user_service.go:190.36,192.4 1 0
github.com/StevanoZ/dv-user/service/user_service.go:206.120,210.75 3 0
github.com/StevanoZ/dv-user/service/user_service.go:238.2,240.12 2 0
github.com/StevanoZ/dv-user/service/user_service.go:253.2,253.12 1 0
github.com/StevanoZ/dv-user/service/user_service.go:259.2,259.17 1 0
github.com/StevanoZ/dv-user/service/user_service.go:210.75,214.17 3 0
github.com/StevanoZ/dv-user/service/user_service.go:218.3,228.17 2 0
github.com/StevanoZ/dv-user/service/user_service.go:232.3,235.13 3 0
github.com/StevanoZ/dv-user/service/user_service.go:214.17,216.4 1 0
github.com/StevanoZ/dv-user/service/user_service.go:228.17,230.4 1 0
github.com/StevanoZ/dv-user/service/user_service.go:240.12,252.3 2 0
github.com/StevanoZ/dv-user/service/user_service.go:253.12,257.3 3 0
github.com/StevanoZ/dv-user/service/user_service.go:262.82,263.27 1 0
github.com/StevanoZ/dv-user/service/user_service.go:267.2,267.27 1 0
github.com/StevanoZ/dv-user/service/user_service.go:271.2,273.36 2 0
github.com/StevanoZ/dv-user/service/user_service.go:277.2,278.16 2 0
github.com/StevanoZ/dv-user/service/user_service.go:282.2,282.21 1 0
github.com/StevanoZ/dv-user/service/user_service.go:263.27,265.3 1 0
github.com/StevanoZ/dv-user/service/user_service.go:267.27,269.3 1 0
github.com/StevanoZ/dv-user/service/user_service.go:273.36,275.3 1 0
github.com/StevanoZ/dv-user/service/user_service.go:278.16,280.3 1 0
github.com/StevanoZ/dv-user/service/user_service.go:285.109,289.75 3 0
github.com/StevanoZ/dv-user/service/user_service.go:353.2,355.12 2 0
github.com/StevanoZ/dv-user/service/user_service.go:369.2,369.12 1 0
github.com/StevanoZ/dv-user/service/user_service.go:374.2,374.26 1 0
github.com/StevanoZ/dv-user/service/user_service.go:289.75,294.17 3 0
github.com/StevanoZ/dv-user/service/user_service.go:298.3,299.17 2 0
github.com/StevanoZ/dv-user/service/user_service.go:303.3,303.37 1 0
github.com/StevanoZ/dv-user/service/user_service.go:327.3,334.17 6 0
github.com/StevanoZ/dv-user/service/user_service.go:338.3,345.17 3 0
github.com/StevanoZ/dv-user/service/user_service.go:348.3,350.13 3 0
github.com/StevanoZ/dv-user/service/user_service.go:294.17,296.4 1 0
github.com/StevanoZ/dv-user/service/user_service.go:299.17,301.4 1 0
github.com/StevanoZ/dv-user/service/user_service.go:303.37,307.18 4 0
github.com/StevanoZ/dv-user/service/user_service.go:311.4,311.14 1 0
github.com/StevanoZ/dv-user/service/user_service.go:325.4,325.58 1 0
github.com/StevanoZ/dv-user/service/user_service.go:307.18,309.5 1 0
github.com/StevanoZ/dv-user/service/user_service.go:311.14,323.5 1 0
github.com/StevanoZ/dv-user/service/user_service.go:334.17,336.4 1 0
github.com/StevanoZ/dv-user/service/user_service.go:345.17,347.4 1 0
github.com/StevanoZ/dv-user/service/user_service.go:355.12,367.3 2 0
github.com/StevanoZ/dv-user/service/user_service.go:369.12,372.3 2 0
github.com/StevanoZ/dv-user/service/user_service.go:377.82,380.75 2 0
github.com/StevanoZ/dv-user/service/user_service.go:415.2,417.12 2 0
github.com/StevanoZ/dv-user/service/user_service.go:425.2,425.12 1 0
github.com/StevanoZ/dv-user/service/user_service.go:380.75,384.17 3 0
github.com/StevanoZ/dv-user/service/user_service.go:388.3,388.28 1 0
github.com/StevanoZ/dv-user/service/user_service.go:392.3,392.28 1 0
github.com/StevanoZ/dv-user/service/user_service.go:396.3,408.17 3 0
github.com/StevanoZ/dv-user/service/user_service.go:411.3,412.13 2 0
github.com/StevanoZ/dv-user/service/user_service.go:384.17,386.4 1 0
github.com/StevanoZ/dv-user/service/user_service.go:388.28,390.4 1 0
github.com/StevanoZ/dv-user/service/user_service.go:392.28,394.4 1 0
github.com/StevanoZ/dv-user/service/user_service.go:408.17,410.4 1 0
github.com/StevanoZ/dv-user/service/user_service.go:417.12,423.3 2 0
github.com/StevanoZ/dv-user/service/user_service.go:425.12,437.3 2 0
github.com/StevanoZ/dv-user/service/user_service.go:448.30,455.16 6 0
github.com/StevanoZ/dv-user/service/user_service.go:459.2,471.19 5 0
github.com/StevanoZ/dv-user/service/user_service.go:455.16,457.3 1 0
github.com/StevanoZ/dv-user/service/user_service.go:479.3,483.19 3 0
github.com/StevanoZ/dv-user/service/user_service.go:483.19,485.30 2 0
github.com/StevanoZ/dv-user/service/user_service.go:498.3,498.124 1 0
github.com/StevanoZ/dv-user/service/user_service.go:485.30,497.4 2 0
github.com/StevanoZ/dv-user/service/user_service.go:499.8,500.30 1 0
github.com/StevanoZ/dv-user/service/user_service.go:511.3,511.124 1 0
github.com/StevanoZ/dv-user/service/user_service.go:500.30,510.4 1 0
github.com/StevanoZ/dv-user/service/user_service.go:515.129,517.19 2 0
github.com/StevanoZ/dv-user/service/user_service.go:517.19,524.3 1 0
github.com/StevanoZ/dv-user/service/user_service.go:527.144,536.73 8 0
github.com/StevanoZ/dv-user/service/user_service.go:587.2,589.16 2 0
github.com/StevanoZ/dv-user/service/user_service.go:536.73,539.17 3 0
github.com/StevanoZ/dv-user/service/user_service.go:543.3,546.33 3 0
github.com/StevanoZ/dv-user/service/user_service.go:553.3,553.20 1 0
github.com/StevanoZ/dv-user/service/user_service.go:577.3,577.36 1 0
github.com/StevanoZ/dv-user/service/user_service.go:584.3,584.13 1 0
github.com/StevanoZ/dv-user/service/user_service.go:539.17,541.4 1 0
github.com/StevanoZ/dv-user/service/user_service.go:546.33,547.17 1 0
github.com/StevanoZ/dv-user/service/user_service.go:547.17,549.10 2 0
github.com/StevanoZ/dv-user/service/user_service.go:553.20,561.24 4 0
github.com/StevanoZ/dv-user/service/user_service.go:571.4,571.24 1 0
github.com/StevanoZ/dv-user/service/user_service.go:561.24,569.5 3 0
github.com/StevanoZ/dv-user/service/user_service.go:571.24,574.5 2 0
github.com/StevanoZ/dv-user/service/user_service.go:577.36,579.4 1 0
github.com/StevanoZ/dv-user/service/user_service.go:579.9,579.32 1 0
github.com/StevanoZ/dv-user/service/user_service.go:579.32,583.4 3 0
github.com/StevanoZ/dv-user/service/user_service.go:589.16,592.3 2 0
github.com/StevanoZ/dv-user/service/user_service.go:595.131,599.75 3 0
github.com/StevanoZ/dv-user/service/user_service.go:644.2,646.12 2 0
github.com/StevanoZ/dv-user/service/user_service.go:650.2,650.12 1 0
github.com/StevanoZ/dv-user/service/user_service.go:656.2,656.23 1 0
github.com/StevanoZ/dv-user/service/user_service.go:599.75,604.22 4 0
github.com/StevanoZ/dv-user/service/user_service.go:608.3,608.24 1 0
github.com/StevanoZ/dv-user/service/user_service.go:638.3,638.36 1 0
github.com/StevanoZ/dv-user/service/user_service.go:641.3,641.13 1 0
github.com/StevanoZ/dv-user/service/user_service.go:604.22,606.4 1 0
github.com/StevanoZ/dv-user/service/user_service.go:608.24,613.18 4 0
github.com/StevanoZ/dv-user/service/user_service.go:617.4,617.24 1 0
github.com/StevanoZ/dv-user/service/user_service.go:613.18,615.5 1 0
github.com/StevanoZ/dv-user/service/user_service.go:617.24,627.19 2 0
github.com/StevanoZ/dv-user/service/user_service.go:631.5,634.15 3 0
github.com/StevanoZ/dv-user/service/user_service.go:627.19,629.6 1 0
github.com/StevanoZ/dv-user/service/user_service.go:638.36,640.4 1 0
github.com/StevanoZ/dv-user/service/user_service.go:646.12,648.3 1 0
github.com/StevanoZ/dv-user/service/user_service.go:650.12,654.3 3 0
github.com/StevanoZ/dv-user/service/user_service.go:659.101,663.127 3 0
github.com/StevanoZ/dv-user/service/user_service.go:691.2,694.23 3 0
github.com/StevanoZ/dv-user/service/user_service.go:663.127,665.17 2 0
github.com/StevanoZ/dv-user/service/user_service.go:669.3,670.29 2 0
github.com/StevanoZ/dv-user/service/user_service.go:684.3,684.36 1 0
github.com/StevanoZ/dv-user/service/user_service.go:688.3,688.24 1 0
github.com/StevanoZ/dv-user/service/user_service.go:665.17,667.4 1 0
github.com/StevanoZ/dv-user/service/user_service.go:670.29,672.24 2 0
github.com/StevanoZ/dv-user/service/user_service.go:672.24,674.19 2 0
github.com/StevanoZ/dv-user/service/user_service.go:677.5,680.15 4 0
github.com/StevanoZ/dv-user/service/user_service.go:674.19,676.6 1 0
github.com/StevanoZ/dv-user/service/user_service.go:684.36,686.4 1 0
github.com/StevanoZ/dv-user/service/user_service.go:703.3,704.37 1 0
github.com/StevanoZ/dv-user/service/user_service.go:708.2,708.23 1 0
github.com/StevanoZ/dv-user/service/user_service.go:704.37,706.3 1 0
github.com/StevanoZ/dv-user/service/user_service.go:708.23,711.3 2 0
github.com/StevanoZ/dv-user/service/user_service.go:722.44,727.16 2 0
github.com/StevanoZ/dv-user/service/user_service.go:731.2,740.25 4 0
github.com/StevanoZ/dv-user/service/user_service.go:727.16,729.3 1 0
github.com/StevanoZ/dv-user/service/user_service.go:743.117,749.75 5 0
github.com/StevanoZ/dv-user/service/user_service.go:807.2,809.12 2 0
github.com/StevanoZ/dv-user/service/user_service.go:819.2,819.12 1 0
github.com/StevanoZ/dv-user/service/user_service.go:829.2,829.12 1 0
github.com/StevanoZ/dv-user/service/user_service.go:835.2,835.22 1 0
github.com/StevanoZ/dv-user/service/user_service.go:749.75,755.17 4 0
github.com/StevanoZ/dv-user/service/user_service.go:759.3,763.34 4 0
github.com/StevanoZ/dv-user/service/user_service.go:776.3,776.28 1 0
github.com/StevanoZ/dv-user/service/user_service.go:780.3,780.23 1 0
github.com/StevanoZ/dv-user/service/user_service.go:793.3,793.23 1 0
github.com/StevanoZ/dv-user/service/user_service.go:801.3,801.36 1 0
github.com/StevanoZ/dv-user/service/user_service.go:804.3,804.13 1 0
github.com/StevanoZ/dv-user/service/user_service.go:755.17,757.4 1 0
github.com/StevanoZ/dv-user/service/user_service.go:763.34,764.39 1 0
github.com/StevanoZ/dv-user/service/user_service.go:768.4,773.5 1 0
github.com/StevanoZ/dv-user/service/user_service.go:764.39,766.5 1 0
github.com/StevanoZ/dv-user/service/user_service.go:776.28,778.4 1 0
github.com/StevanoZ/dv-user/service/user_service.go:780.23,791.4 2 0
github.com/StevanoZ/dv-user/service/user_service.go:793.23,799.4 2 0
github.com/StevanoZ/dv-user/service/user_service.go:801.36,803.4 1 0
github.com/StevanoZ/dv-user/service/user_service.go:809.12,817.3 2 0
github.com/StevanoZ/dv-user/service/user_service.go:819.12,827.3 2 0
github.com/StevanoZ/dv-user/service/user_service.go:829.12,833.3 3 0
github.com/StevanoZ/dv-user/service/user_service.go:838.93,841.75 2 0
github.com/StevanoZ/dv-user/service/user_service.go:874.2,876.12 2 0
github.com/StevanoZ/dv-user/service/user_service.go:883.2,883.12 1 0
github.com/StevanoZ/dv-user/service/user_service.go:841.75,846.17 4 0
github.com/StevanoZ/dv-user/service/user_service.go:850.3,850.29 1 0
github.com/StevanoZ/dv-user/service/user_service.go:854.3,854.19 1 0
github.com/StevanoZ/dv-user/service/user_service.go:858.3,858.23 1 0
github.com/StevanoZ/dv-user/service/user_service.go:862.3,862.23 1 0
github.com/StevanoZ/dv-user/service/user_service.go:866.3,866.36 1 0
github.com/StevanoZ/dv-user/service/user_service.go:870.3,871.13 2 0
github.com/StevanoZ/dv-user/service/user_service.go:846.17,848.4 1 0
github.com/StevanoZ/dv-user/service/user_service.go:850.29,852.4 1 0
github.com/StevanoZ/dv-user/service/user_service.go:854.19,856.4 1 0
github.com/StevanoZ/dv-user/service/user_service.go:858.23,860.4 1 0
github.com/StevanoZ/dv-user/service/user_service.go:862.23,864.4 1 0
github.com/StevanoZ/dv-user/service/user_service.go:866.36,868.4 1 0
github.com/StevanoZ/dv-user/service/user_service.go:876.12,881.3 2 0
github.com/StevanoZ/dv-user/service/user_service.go:883.12,887.3 3 0
github.com/StevanoZ/dv-user/service/user_service.go:890.115,908.119 9 0
github.com/StevanoZ/dv-user/service/user_service.go:956.2,959.28 3 0
github.com/StevanoZ/dv-user/service/user_service.go:908.119,909.24 1 0
github.com/StevanoZ/dv-user/service/user_service.go:914.3,914.24 1 0
github.com/StevanoZ/dv-user/service/user_service.go:923.3,923.37 1 0
github.com/StevanoZ/dv-user/service/user_service.go:927.3,928.24 2 0
github.com/StevanoZ/dv-user/service/user_service.go:946.3,946.37 1 0
github.com/StevanoZ/dv-user/service/user_service.go:950.3,953.29 3 0
github.com/StevanoZ/dv-user/service/user_service.go:909.24,912.4 2 0
github.com/StevanoZ/dv-user/service/user_service.go:914.24,921.4 2 0
github.com/StevanoZ/dv-user/service/user_service.go:923.37,925.4 1 0
github.com/StevanoZ/dv-user/service/user_service.go:928.24,931.25 2 0
github.com/StevanoZ/dv-user/service/user_service.go:931.25,932.41 1 0
github.com/StevanoZ/dv-user/service/user_service.go:939.5,942.15 3 0
github.com/StevanoZ/dv-user/service/user_service.go:932.41,934.20 2 0
github.com/StevanoZ/dv-user/service/user_service.go:937.6,937.46 1 0
github.com/StevanoZ/dv-user/service/user_service.go:934.20,936.7 1 0
github.com/StevanoZ/dv-user/service/user_service.go:946.37,948.4 1 0
github.com/StevanoZ/dv-user/service/user_service.go:968.9,969.16 1 0
github.com/StevanoZ/dv-user/service/user_service.go:982.2,982.12 1 0
github.com/StevanoZ/dv-user/service/user_service.go:969.16,971.17 2 0
github.com/StevanoZ/dv-user/service/user_service.go:974.3,976.46 2 0
github.com/StevanoZ/dv-user/service/user_service.go:971.17,973.4 1 0
github.com/StevanoZ/dv-user/service/user_service.go:976.46,978.4 1 0
github.com/StevanoZ/dv-user/service/user_service.go:985.98,988.121 3 0
github.com/StevanoZ/dv-user/service/user_service.go:1019.2,1022.27 3 0
github.com/StevanoZ/dv-user/service/user_service.go:988.121,991.17 2 0
github.com/StevanoZ/dv-user/service/user_service.go:995.3,997.44 2 0
github.com/StevanoZ/dv-user/service/user_service.go:1012.3,1012.36 1 0
github.com/StevanoZ/dv-user/service/user_service.go:1016.3,1016.28 1 0
github.com/StevanoZ/dv-user/service/user_service.go:991.17,993.4 1 0
github.com/StevanoZ/dv-user/service/user_service.go:997.44,1001.24 3 0
github.com/StevanoZ/dv-user/service/user_service.go:1001.24,1009.5 1 0
github.com/StevanoZ/dv-user/service/user_service.go:1012.36,1014.4 1 0
github.com/StevanoZ/dv-user/handler/user_handler.go:39.15,44.2 1 1
github.com/StevanoZ/dv-user/handler/user_handler.go:48.3,70.62 18 1
github.com/StevanoZ/dv-user/handler/user_handler.go:70.62,72.3 1 1
github.com/StevanoZ/dv-user/handler/user_handler.go:75.74,81.2 4 1
github.com/StevanoZ/dv-user/handler/user_handler.go:83.73,89.2 4 1
github.com/StevanoZ/dv-user/handler/user_handler.go:91.78,100.2 6 1
github.com/StevanoZ/dv-user/handler/user_handler.go:102.77,108.2 4 1
github.com/StevanoZ/dv-user/handler/user_handler.go:110.77,116.2 4 1
github.com/StevanoZ/dv-user/handler/user_handler.go:118.80,121.16 3 2
github.com/StevanoZ/dv-user/handler/user_handler.go:125.2,130.46 4 1
github.com/StevanoZ/dv-user/handler/user_handler.go:121.16,123.3 1 1
github.com/StevanoZ/dv-user/handler/user_handler.go:133.80,141.2 5 1
github.com/StevanoZ/dv-user/handler/user_handler.go:143.76,162.2 9 1
github.com/StevanoZ/dv-user/handler/user_handler.go:164.75,169.2 3 1
github.com/StevanoZ/dv-user/handler/user_handler.go:171.81,177.2 3 1
github.com/StevanoZ/dv-user/handler/user_handler.go:179.79,188.2 5 1
github.com/StevanoZ/dv-user/db/user/sqlc/user_repository.go:19.39,24.2 1 0
github.com/StevanoZ/dv-user/db/user/sqlc/user_repository.go:26.51,30.2 1 0
github.com/StevanoZ/dv-user/db/user/sqlc/user_repository.go:32.40,34.2 1 0
github.com/StevanoZ/dv-user/handler/user_handler.go:39.15,44.2 1 0
github.com/StevanoZ/dv-user/handler/user_handler.go:48.3,70.62 18 0
github.com/StevanoZ/dv-user/handler/user_handler.go:70.62,72.3 1 0
github.com/StevanoZ/dv-user/handler/user_handler.go:75.74,81.2 4 0
github.com/StevanoZ/dv-user/handler/user_handler.go:83.73,89.2 4 0
github.com/StevanoZ/dv-user/handler/user_handler.go:91.78,100.2 6 0
github.com/StevanoZ/dv-user/handler/user_handler.go:102.77,108.2 4 0
github.com/StevanoZ/dv-user/handler/user_handler.go:110.77,116.2 4 0
github.com/StevanoZ/dv-user/handler/user_handler.go:118.80,121.16 3 0
github.com/StevanoZ/dv-user/handler/user_handler.go:125.2,130.46 4 0
github.com/StevanoZ/dv-user/handler/user_handler.go:121.16,123.3 1 0
github.com/StevanoZ/dv-user/handler/user_handler.go:133.80,141.2 5 0
github.com/StevanoZ/dv-user/handler/user_handler.go:143.76,162.2 9 0
github.com/StevanoZ/dv-user/handler/user_handler.go:164.75,169.2 3 0
github.com/StevanoZ/dv-user/handler/user_handler.go:171.81,177.2 3 0
github.com/StevanoZ/dv-user/handler/user_handler.go:179.79,188.2 5 0
github.com/StevanoZ/dv-user/app/server.go:30.10,36.2 1 0
github.com/StevanoZ/dv-user/app/server.go:38.30,44.12 4 0
github.com/StevanoZ/dv-user/app/server.go:49.2,52.8 3 0
github.com/StevanoZ/dv-user/app/server.go:44.12,47.3 2 0
github.com/StevanoZ/dv-user/db/user/sqlc/user.sql.go:29.87,53.2 4 28
github.com/StevanoZ/dv-user/db/user/sqlc/user.sql.go:69.102,88.2 4 23
github.com/StevanoZ/dv-user/db/user/sqlc/user.sql.go:94.71,97.2 2 1
github.com/StevanoZ/dv-user/db/user/sqlc/user.sql.go:103.76,106.2 2 1
github.com/StevanoZ/dv-user/db/user/sqlc/user.sql.go:112.84,130.2 4 1
github.com/StevanoZ/dv-user/db/user/sqlc/user.sql.go:136.81,154.2 4 3
github.com/StevanoZ/dv-user/db/user/sqlc/user.sql.go:160.91,173.2 4 2
github.com/StevanoZ/dv-user/db/user/sqlc/user.sql.go:179.102,181.16 2 53
github.com/StevanoZ/dv-user/db/user/sqlc/user.sql.go:184.2,186.18 3 4
github.com/StevanoZ/dv-user/db/user/sqlc/user.sql.go:201.2,201.37 1 4
github.com/StevanoZ/dv-user/db/user/sqlc/user.sql.go:204.2,204.35 1 4
github.com/StevanoZ/dv-user/db/user/sqlc/user.sql.go:207.2,207.19 1 3
github.com/StevanoZ/dv-user/db/user/sqlc/user.sql.go:181.16,183.3 1 49
github.com/StevanoZ/dv-user/db/user/sqlc/user.sql.go:186.18,196.17 2 12
github.com/StevanoZ/dv-user/db/user/sqlc/user.sql.go:199.3,199.27 1 12
github.com/StevanoZ/dv-user/db/user/sqlc/user.sql.go:196.17,198.4 1 0
github.com/StevanoZ/dv-user/db/user/sqlc/user.sql.go:201.37,203.3 1 0
github.com/StevanoZ/dv-user/db/user/sqlc/user.sql.go:204.35,206.3 1 1
github.com/StevanoZ/dv-user/db/user/sqlc/user.sql.go:214.111,216.16 2 53
github.com/StevanoZ/dv-user/db/user/sqlc/user.sql.go:219.2,221.18 3 3
github.com/StevanoZ/dv-user/db/user/sqlc/user.sql.go:236.2,236.37 1 3
github.com/StevanoZ/dv-user/db/user/sqlc/user.sql.go:239.2,239.35 1 3
github.com/StevanoZ/dv-user/db/user/sqlc/user.sql.go:242.2,242.19 1 2
github.com/StevanoZ/dv-user/db/user/sqlc/user.sql.go:216.16,218.3 1 50
github.com/StevanoZ/dv-user/db/user/sqlc/user.sql.go:221.18,231.17 2 4
github.com/StevanoZ/dv-user/db/user/sqlc/user.sql.go:234.3,234.27 1 4
github.com/StevanoZ/dv-user/db/user/sqlc/user.sql.go:231.17,233.4 1 0
github.com/StevanoZ/dv-user/db/user/sqlc/user.sql.go:236.37,238.3 1 0
github.com/StevanoZ/dv-user/db/user/sqlc/user.sql.go:239.35,241.3 1 1
github.com/StevanoZ/dv-user/db/user/sqlc/user.sql.go:267.104,286.2 4 1
github.com/StevanoZ/dv-user/db/user/sqlc/user.sql.go:320.87,329.16 2 56
github.com/StevanoZ/dv-user/db/user/sqlc/user.sql.go:332.2,334.18 3 6
github.com/StevanoZ/dv-user/db/user/sqlc/user.sql.go:354.2,354.37 1 6
github.com/StevanoZ/dv-user/db/user/sqlc/user.sql.go:357.2,357.35 1 6
github.com/StevanoZ/dv-user/db/user/sqlc/user.sql.go:360.2,360.19 1 5
github.com/StevanoZ/dv-user/db/user/sqlc/user.sql.go:329.16,331.3 1 50
github.com/StevanoZ/dv-user/db/user/sqlc/user.sql.go:334.18,349.17 2 24
github.com/StevanoZ/dv-user/db/user/sqlc/user.sql.go:352.3,352.27 1 24
github.com/StevanoZ/dv-user/db/user/sqlc/user.sql.go:349.17,351.4 1 0
github.com/StevanoZ/dv-user/db/user/sqlc/user.sql.go:354.37,356.3 1 0
github.com/StevanoZ/dv-user/db/user/sqlc/user.sql.go:357.35,359.3 1 1
github.com/StevanoZ/dv-user/db/user/sqlc/user.sql.go:383.114,388.2 4 2
github.com/StevanoZ/dv-user/db/user/sqlc/user.sql.go:406.87,432.2 4 5
github.com/StevanoZ/dv-user/db/user/sqlc/user.sql.go:443.102,456.2 4 1
github.com/StevanoZ/dv-user/db/user/sqlc/user.sql.go:469.105,487.2 4 1
github.com/StevanoZ/dv-user/main.go:8.13,20.2 7 0
github.com/StevanoZ/dv-user/db/user/sqlc/db.go:19.28,21.2 1 16
github.com/StevanoZ/dv-user/db/user/sqlc/db.go:27.47,31.2 1 1
github.com/StevanoZ/dv-user/dtos/mapping/mapping_response.go:13.54,24.2 1 0
github.com/StevanoZ/dv-user/dtos/mapping/mapping_response.go:26.72,37.2 1 0
github.com/StevanoZ/dv-user/dtos/mapping/mapping_response.go:39.70,49.2 1 0
github.com/StevanoZ/dv-user/dtos/mapping/mapping_response.go:51.91,58.29 5 0
github.com/StevanoZ/dv-user/dtos/mapping/mapping_response.go:65.2,76.3 1 0
github.com/StevanoZ/dv-user/dtos/mapping/mapping_response.go:58.29,59.40 1 0
github.com/StevanoZ/dv-user/dtos/mapping/mapping_response.go:59.40,62.4 2 0
github.com/StevanoZ/dv-user/dtos/mapping/mapping_response.go:79.79,87.37 5 0
github.com/StevanoZ/dv-user/dtos/mapping/mapping_response.go:95.2,95.21 1 0
github.com/StevanoZ/dv-user/dtos/mapping/mapping_response.go:101.2,106.3 1 0
github.com/StevanoZ/dv-user/dtos/mapping/mapping_response.go:87.37,90.3 2 0
github.com/StevanoZ/dv-user/dtos/mapping/mapping_response.go:90.8,93.3 2 0
github.com/StevanoZ/dv-user/dtos/mapping/mapping_response.go:95.21,97.3 1 0
github.com/StevanoZ/dv-user/dtos/mapping/mapping_response.go:97.8,99.3 1 0
github.com/StevanoZ/dv-user/dtos/mapping/mapping_response.go:110.71,117.2 1 0
github.com/StevanoZ/dv-user/dtos/mapping/mapping_response.go:119.69,129.2 1 0
github.com/StevanoZ/dv-user/db/user/sqlc/user_repository.go:19.39,24.2 1 15
github.com/StevanoZ/dv-user/db/user/sqlc/user_repository.go:26.51,30.2 1 4
github.com/StevanoZ/dv-user/db/user/sqlc/user_repository.go:32.40,34.2 1 1
github.com/StevanoZ/dv-user/service/user_service.go:69.11,78.2 1 0
github.com/StevanoZ/dv-user/service/user_service.go:80.94,83.75 3 0
github.com/StevanoZ/dv-user/service/user_service.go:115.2,118.12 3 0
github.com/StevanoZ/dv-user/service/user_service.go:126.2,126.12 1 0
github.com/StevanoZ/dv-user/service/user_service.go:139.2,139.12 1 0
github.com/StevanoZ/dv-user/service/user_service.go:144.2,144.17 1 0
github.com/StevanoZ/dv-user/service/user_service.go:83.75,87.41 3 0
github.com/StevanoZ/dv-user/service/user_service.go:91.3,91.23 1 0
github.com/StevanoZ/dv-user/service/user_service.go:95.3,96.17 2 0
github.com/StevanoZ/dv-user/service/user_service.go:100.3,106.17 7 0
github.com/StevanoZ/dv-user/service/user_service.go:110.3,113.13 3 0
github.com/StevanoZ/dv-user/service/user_service.go:87.41,89.4 1 0
github.com/StevanoZ/dv-user/service/user_service.go:91.23,93.4 1 0
github.com/StevanoZ/dv-user/service/user_service.go:96.17,98.4 1 0
github.com/StevanoZ/dv-user/service/user_service.go:106.17,108.4 1 0
github.com/StevanoZ/dv-user/service/user_service.go:118.12,124.3 2 0
github.com/StevanoZ/dv-user/service/user_service.go:126.12,137.3 2 0
github.com/StevanoZ/dv-user/service/user_service.go:139.12,142.3 2 0
github.com/StevanoZ/dv-user/service/user_service.go:147.101,149.75 2 0
github.com/StevanoZ/dv-user/service/user_service.go:201.2,203.26 2 0
github.com/StevanoZ/dv-user/service/user_service.go:149.75,159.17 8 0
github.com/StevanoZ/dv-user/service/user_service.go:163.3,163.34 1 0
github.com/StevanoZ/dv-user/service/user_service.go:166.3,168.17 2 0
github.com/StevanoZ/dv-user/service/user_service.go:172.3,172.23 1 0
github.com/StevanoZ/dv-user/service/user_service.go:182.3,182.23 1 0
github.com/StevanoZ/dv-user/service/user_service.go:190.3,190.36 1 0
github.com/StevanoZ/dv-user/service/user_service.go:194.3,198.13 4 0
github.com/StevanoZ/dv-user/service/user_service.go:159.17,161.4 1 0
github.com/StevanoZ/dv-user/service/user_service.go:163.34,165.4 1 0
github.com/StevanoZ/dv-user/service/user_service.go:168.17,170.4 1 0
github.com/StevanoZ/dv-user/service/user_service.go:172.23,180.4 2 0
github.com/StevanoZ/dv-user/service/user_service.go:182.23,183.32 1 0
github.com/StevanoZ/dv-user/service/user_service.go:187.4,187.14 1 0
github.com/StevanoZ/dv-user/service/user_service.go:183.32,186.5 2 0
github.com/StevanoZ/dv-user/service/user_service.go:190.36,192.4 1 0
github.com/StevanoZ/dv-user/service/user_service.go:206.120,210.75 3 0
github.com/StevanoZ/dv-user/service/user_service.go:238.2,240.12 2 0
github.com/StevanoZ/dv-user/service/user_service.go:253.2,253.12 1 0
github.com/StevanoZ/dv-user/service/user_service.go:259.2,259.17 1 0
github.com/StevanoZ/dv-user/service/user_service.go:210.75,214.17 3 0
github.com/StevanoZ/dv-user/service/user_service.go:218.3,228.17 2 0
github.com/StevanoZ/dv-user/service/user_service.go:232.3,235.13 3 0
github.com/StevanoZ/dv-user/service/user_service.go:214.17,216.4 1 0
github.com/StevanoZ/dv-user/service/user_service.go:228.17,230.4 1 0
github.com/StevanoZ/dv-user/service/user_service.go:240.12,252.3 2 0
github.com/StevanoZ/dv-user/service/user_service.go:253.12,257.3 3 0
github.com/StevanoZ/dv-user/service/user_service.go:262.82,263.27 1 0
github.com/StevanoZ/dv-user/service/user_service.go:267.2,267.27 1 0
github.com/StevanoZ/dv-user/service/user_service.go:271.2,273.36 2 0
github.com/StevanoZ/dv-user/service/user_service.go:277.2,278.16 2 0
github.com/StevanoZ/dv-user/service/user_service.go:282.2,282.21 1 0
github.com/StevanoZ/dv-user/service/user_service.go:263.27,265.3 1 0
github.com/StevanoZ/dv-user/service/user_service.go:267.27,269.3 1 0
github.com/StevanoZ/dv-user/service/user_service.go:273.36,275.3 1 0
github.com/StevanoZ/dv-user/service/user_service.go:278.16,280.3 1 0
github.com/StevanoZ/dv-user/service/user_service.go:285.109,289.75 3 0
github.com/StevanoZ/dv-user/service/user_service.go:353.2,355.12 2 0
github.com/StevanoZ/dv-user/service/user_service.go:369.2,369.12 1 0
github.com/StevanoZ/dv-user/service/user_service.go:374.2,374.26 1 0
github.com/StevanoZ/dv-user/service/user_service.go:289.75,294.17 3 0
github.com/StevanoZ/dv-user/service/user_service.go:298.3,299.17 2 0
github.com/StevanoZ/dv-user/service/user_service.go:303.3,303.37 1 0
github.com/StevanoZ/dv-user/service/user_service.go:327.3,334.17 6 0
github.com/StevanoZ/dv-user/service/user_service.go:338.3,345.17 3 0
github.com/StevanoZ/dv-user/service/user_service.go:348.3,350.13 3 0
github.com/StevanoZ/dv-user/service/user_service.go:294.17,296.4 1 0
github.com/StevanoZ/dv-user/service/user_service.go:299.17,301.4 1 0
github.com/StevanoZ/dv-user/service/user_service.go:303.37,307.18 4 0
github.com/StevanoZ/dv-user/service/user_service.go:311.4,311.14 1 0
github.com/StevanoZ/dv-user/service/user_service.go:325.4,325.58 1 0
github.com/StevanoZ/dv-user/service/user_service.go:307.18,309.5 1 0
github.com/StevanoZ/dv-user/service/user_service.go:311.14,323.5 1 0
github.com/StevanoZ/dv-user/service/user_service.go:334.17,336.4 1 0
github.com/StevanoZ/dv-user/service/user_service.go:345.17,347.4 1 0
github.com/StevanoZ/dv-user/service/user_service.go:355.12,367.3 2 0
github.com/StevanoZ/dv-user/service/user_service.go:369.12,372.3 2 0
github.com/StevanoZ/dv-user/service/user_service.go:377.82,380.75 2 0
github.com/StevanoZ/dv-user/service/user_service.go:415.2,417.12 2 0
github.com/StevanoZ/dv-user/service/user_service.go:425.2,425.12 1 0
github.com/StevanoZ/dv-user/service/user_service.go:380.75,384.17 3 0
github.com/StevanoZ/dv-user/service/user_service.go:388.3,388.28 1 0
github.com/StevanoZ/dv-user/service/user_service.go:392.3,392.28 1 0
github.com/StevanoZ/dv-user/service/user_service.go:396.3,408.17 3 0
github.com/StevanoZ/dv-user/service/user_service.go:411.3,412.13 2 0
github.com/StevanoZ/dv-user/service/user_service.go:384.17,386.4 1 0
github.com/StevanoZ/dv-user/service/user_service.go:388.28,390.4 1 0
github.com/StevanoZ/dv-user/service/user_service.go:392.28,394.4 1 0
github.com/StevanoZ/dv-user/service/user_service.go:408.17,410.4 1 0
github.com/StevanoZ/dv-user/service/user_service.go:417.12,423.3 2 0
github.com/StevanoZ/dv-user/service/user_service.go:425.12,437.3 2 0
github.com/StevanoZ/dv-user/service/user_service.go:448.30,455.16 6 0
github.com/StevanoZ/dv-user/service/user_service.go:459.2,471.19 5 0
github.com/StevanoZ/dv-user/service/user_service.go:455.16,457.3 1 0
github.com/StevanoZ/dv-user/service/user_service.go:479.3,483.19 3 0
github.com/StevanoZ/dv-user/service/user_service.go:483.19,485.30 2 0
github.com/StevanoZ/dv-user/service/user_service.go:498.3,498.124 1 0
github.com/StevanoZ/dv-user/service/user_service.go:485.30,497.4 2 0
github.com/StevanoZ/dv-user/service/user_service.go:499.8,500.30 1 0
github.com/StevanoZ/dv-user/service/user_service.go:511.3,511.124 1 0
github.com/StevanoZ/dv-user/service/user_service.go:500.30,510.4 1 0
github.com/StevanoZ/dv-user/service/user_service.go:515.129,517.19 2 0
github.com/StevanoZ/dv-user/service/user_service.go:517.19,524.3 1 0
github.com/StevanoZ/dv-user/service/user_service.go:527.144,536.73 8 0
github.com/StevanoZ/dv-user/service/user_service.go:587.2,589.16 2 0
github.com/StevanoZ/dv-user/service/user_service.go:536.73,539.17 3 0
github.com/StevanoZ/dv-user/service/user_service.go:543.3,546.33 3 0
github.com/StevanoZ/dv-user/service/user_service.go:553.3,553.20 1 0
github.com/StevanoZ/dv-user/service/user_service.go:577.3,577.36 1 0
github.com/StevanoZ/dv-user/service/user_service.go:584.3,584.13 1 0
github.com/StevanoZ/dv-user/service/user_service.go:539.17,541.4 1 0
github.com/StevanoZ/dv-user/service/user_service.go:546.33,547.17 1 0
github.com/StevanoZ/dv-user/service/user_service.go:547.17,549.10 2 0
github.com/StevanoZ/dv-user/service/user_service.go:553.20,561.24 4 0
github.com/StevanoZ/dv-user/service/user_service.go:571.4,571.24 1 0
github.com/StevanoZ/dv-user/service/user_service.go:561.24,569.5 3 0
github.com/StevanoZ/dv-user/service/user_service.go:571.24,574.5 2 0
github.com/StevanoZ/dv-user/service/user_service.go:577.36,579.4 1 0
github.com/StevanoZ/dv-user/service/user_service.go:579.9,579.32 1 0
github.com/StevanoZ/dv-user/service/user_service.go:579.32,583.4 3 0
github.com/StevanoZ/dv-user/service/user_service.go:589.16,592.3 2 0
github.com/StevanoZ/dv-user/service/user_service.go:595.131,599.75 3 0
github.com/StevanoZ/dv-user/service/user_service.go:644.2,646.12 2 0
github.com/StevanoZ/dv-user/service/user_service.go:650.2,650.12 1 0
github.com/StevanoZ/dv-user/service/user_service.go:656.2,656.23 1 0
github.com/StevanoZ/dv-user/service/user_service.go:599.75,604.22 4 0
github.com/StevanoZ/dv-user/service/user_service.go:608.3,608.24 1 0
github.com/StevanoZ/dv-user/service/user_service.go:638.3,638.36 1 0
github.com/StevanoZ/dv-user/service/user_service.go:641.3,641.13 1 0
github.com/StevanoZ/dv-user/service/user_service.go:604.22,606.4 1 0
github.com/StevanoZ/dv-user/service/user_service.go:608.24,613.18 4 0
github.com/StevanoZ/dv-user/service/user_service.go:617.4,617.24 1 0
github.com/StevanoZ/dv-user/service/user_service.go:613.18,615.5 1 0
github.com/StevanoZ/dv-user/service/user_service.go:617.24,627.19 2 0
github.com/StevanoZ/dv-user/service/user_service.go:631.5,634.15 3 0
github.com/StevanoZ/dv-user/service/user_service.go:627.19,629.6 1 0
github.com/StevanoZ/dv-user/service/user_service.go:638.36,640.4 1 0
github.com/StevanoZ/dv-user/service/user_service.go:646.12,648.3 1 0
github.com/StevanoZ/dv-user/service/user_service.go:650.12,654.3 3 0
github.com/StevanoZ/dv-user/service/user_service.go:659.101,663.127 3 0
github.com/StevanoZ/dv-user/service/user_service.go:691.2,694.23 3 0
github.com/StevanoZ/dv-user/service/user_service.go:663.127,665.17 2 0
github.com/StevanoZ/dv-user/service/user_service.go:669.3,670.29 2 0
github.com/StevanoZ/dv-user/service/user_service.go:684.3,684.36 1 0
github.com/StevanoZ/dv-user/service/user_service.go:688.3,688.24 1 0
github.com/StevanoZ/dv-user/service/user_service.go:665.17,667.4 1 0
github.com/StevanoZ/dv-user/service/user_service.go:670.29,672.24 2 0
github.com/StevanoZ/dv-user/service/user_service.go:672.24,674.19 2 0
github.com/StevanoZ/dv-user/service/user_service.go:677.5,680.15 4 0
github.com/StevanoZ/dv-user/service/user_service.go:674.19,676.6 1 0
github.com/StevanoZ/dv-user/service/user_service.go:684.36,686.4 1 0
github.com/StevanoZ/dv-user/service/user_service.go:703.3,704.37 1 0
github.com/StevanoZ/dv-user/service/user_service.go:708.2,708.23 1 0
github.com/StevanoZ/dv-user/service/user_service.go:704.37,706.3 1 0
github.com/StevanoZ/dv-user/service/user_service.go:708.23,711.3 2 0
github.com/StevanoZ/dv-user/service/user_service.go:722.44,727.16 2 0
github.com/StevanoZ/dv-user/service/user_service.go:731.2,740.25 4 0
github.com/StevanoZ/dv-user/service/user_service.go:727.16,729.3 1 0
github.com/StevanoZ/dv-user/service/user_service.go:743.117,749.75 5 0
github.com/StevanoZ/dv-user/service/user_service.go:807.2,809.12 2 0
github.com/StevanoZ/dv-user/service/user_service.go:819.2,819.12 1 0
github.com/StevanoZ/dv-user/service/user_service.go:829.2,829.12 1 0
github.com/StevanoZ/dv-user/service/user_service.go:835.2,835.22 1 0
github.com/StevanoZ/dv-user/service/user_service.go:749.75,755.17 4 0
github.com/StevanoZ/dv-user/service/user_service.go:759.3,763.34 4 0
github.com/StevanoZ/dv-user/service/user_service.go:776.3,776.28 1 0
github.com/StevanoZ/dv-user/service/user_service.go:780.3,780.23 1 0
github.com/StevanoZ/dv-user/service/user_service.go:793.3,793.23 1 0
github.com/StevanoZ/dv-user/service/user_service.go:801.3,801.36 1 0
github.com/StevanoZ/dv-user/service/user_service.go:804.3,804.13 1 0
github.com/StevanoZ/dv-user/service/user_service.go:755.17,757.4 1 0
github.com/StevanoZ/dv-user/service/user_service.go:763.34,764.39 1 0
github.com/StevanoZ/dv-user/service/user_service.go:768.4,773.5 1 0
github.com/StevanoZ/dv-user/service/user_service.go:764.39,766.5 1 0
github.com/StevanoZ/dv-user/service/user_service.go:776.28,778.4 1 0
github.com/StevanoZ/dv-user/service/user_service.go:780.23,791.4 2 0
github.com/StevanoZ/dv-user/service/user_service.go:793.23,799.4 2 0
github.com/StevanoZ/dv-user/service/user_service.go:801.36,803.4 1 0
github.com/StevanoZ/dv-user/service/user_service.go:809.12,817.3 2 0
github.com/StevanoZ/dv-user/service/user_service.go:819.12,827.3 2 0
github.com/StevanoZ/dv-user/service/user_service.go:829.12,833.3 3 0
github.com/StevanoZ/dv-user/service/user_service.go:838.93,841.75 2 0
github.com/StevanoZ/dv-user/service/user_service.go:874.2,876.12 2 0
github.com/StevanoZ/dv-user/service/user_service.go:883.2,883.12 1 0
github.com/StevanoZ/dv-user/service/user_service.go:841.75,846.17 4 0
github.com/StevanoZ/dv-user/service/user_service.go:850.3,850.29 1 0
github.com/StevanoZ/dv-user/service/user_service.go:854.3,854.19 1 0
github.com/StevanoZ/dv-user/service/user_service.go:858.3,858.23 1 0
github.com/StevanoZ/dv-user/service/user_service.go:862.3,862.23 1 0
github.com/StevanoZ/dv-user/service/user_service.go:866.3,866.36 1 0
github.com/StevanoZ/dv-user/service/user_service.go:870.3,871.13 2 0
github.com/StevanoZ/dv-user/service/user_service.go:846.17,848.4 1 0
github.com/StevanoZ/dv-user/service/user_service.go:850.29,852.4 1 0
github.com/StevanoZ/dv-user/service/user_service.go:854.19,856.4 1 0
github.com/StevanoZ/dv-user/service/user_service.go:858.23,860.4 1 0
github.com/StevanoZ/dv-user/service/user_service.go:862.23,864.4 1 0
github.com/StevanoZ/dv-user/service/user_service.go:866.36,868.4 1 0
github.com/StevanoZ/dv-user/service/user_service.go:876.12,881.3 2 0
github.com/StevanoZ/dv-user/service/user_service.go:883.12,887.3 3 0
github.com/StevanoZ/dv-user/service/user_service.go:890.115,908.119 9 0
github.com/StevanoZ/dv-user/service/user_service.go:956.2,959.28 3 0
github.com/StevanoZ/dv-user/service/user_service.go:908.119,909.24 1 0
github.com/StevanoZ/dv-user/service/user_service.go:914.3,914.24 1 0
github.com/StevanoZ/dv-user/service/user_service.go:923.3,923.37 1 0
github.com/StevanoZ/dv-user/service/user_service.go:927.3,928.24 2 0
github.com/StevanoZ/dv-user/service/user_service.go:946.3,946.37 1 0
github.com/StevanoZ/dv-user/service/user_service.go:950.3,953.29 3 0
github.com/StevanoZ/dv-user/service/user_service.go:909.24,912.4 2 0
github.com/StevanoZ/dv-user/service/user_service.go:914.24,921.4 2 0
github.com/StevanoZ/dv-user/service/user_service.go:923.37,925.4 1 0
github.com/StevanoZ/dv-user/service/user_service.go:928.24,931.25 2 0
github.com/StevanoZ/dv-user/service/user_service.go:931.25,932.41 1 0
github.com/StevanoZ/dv-user/service/user_service.go:939.5,942.15 3 0
github.com/StevanoZ/dv-user/service/user_service.go:932.41,934.20 2 0
github.com/StevanoZ/dv-user/service/user_service.go:937.6,937.46 1 0
github.com/StevanoZ/dv-user/service/user_service.go:934.20,936.7 1 0
github.com/StevanoZ/dv-user/service/user_service.go:946.37,948.4 1 0
github.com/StevanoZ/dv-user/service/user_service.go:968.9,969.16 1 0
github.com/StevanoZ/dv-user/service/user_service.go:982.2,982.12 1 0
github.com/StevanoZ/dv-user/service/user_service.go:969.16,971.17 2 0
github.com/StevanoZ/dv-user/service/user_service.go:974.3,976.46 2 0
github.com/StevanoZ/dv-user/service/user_service.go:971.17,973.4 1 0
github.com/StevanoZ/dv-user/service/user_service.go:976.46,978.4 1 0
github.com/StevanoZ/dv-user/service/user_service.go:985.98,988.121 3 0
github.com/StevanoZ/dv-user/service/user_service.go:1019.2,1022.27 3 0
github.com/StevanoZ/dv-user/service/user_service.go:988.121,991.17 2 0
github.com/StevanoZ/dv-user/service/user_service.go:995.3,997.44 2 0
github.com/StevanoZ/dv-user/service/user_service.go:1012.3,1012.36 1 0
github.com/StevanoZ/dv-user/service/user_service.go:1016.3,1016.28 1 0
github.com/StevanoZ/dv-user/service/user_service.go:991.17,993.4 1 0
github.com/StevanoZ/dv-user/service/user_service.go:997.44,1001.24 3 0
github.com/StevanoZ/dv-user/service/user_service.go:1001.24,1009.5 1 0
github.com/StevanoZ/dv-user/service/user_service.go:1012.36,1014.4 1 0
github.com/StevanoZ/dv-user/db/user/sqlc/user.sql.go:29.87,53.2 4 0
github.com/StevanoZ/dv-user/db/user/sqlc/user.sql.go:69.102,88.2 4 0
github.com/StevanoZ/dv-user/db/user/sqlc/user.sql.go:94.71,97.2 2 0
github.com/StevanoZ/dv-user/db/user/sqlc/user.sql.go:103.76,106.2 2 0
github.com/StevanoZ/dv-user/db/user/sqlc/user.sql.go:112.84,130.2 4 0
github.com/StevanoZ/dv-user/db/user/sqlc/user.sql.go:136.81,154.2 4 0
github.com/StevanoZ/dv-user/db/user/sqlc/user.sql.go:160.91,173.2 4 0
github.com/StevanoZ/dv-user/db/user/sqlc/user.sql.go:179.102,181.16 2 0
github.com/StevanoZ/dv-user/db/user/sqlc/user.sql.go:184.2,186.18 3 0
github.com/StevanoZ/dv-user/db/user/sqlc/user.sql.go:201.2,201.37 1 0
github.com/StevanoZ/dv-user/db/user/sqlc/user.sql.go:204.2,204.35 1 0
github.com/StevanoZ/dv-user/db/user/sqlc/user.sql.go:207.2,207.19 1 0
github.com/StevanoZ/dv-user/db/user/sqlc/user.sql.go:181.16,183.3 1 0
github.com/StevanoZ/dv-user/db/user/sqlc/user.sql.go:186.18,196.17 2 0
github.com/StevanoZ/dv-user/db/user/sqlc/user.sql.go:199.3,199.27 1 0
github.com/StevanoZ/dv-user/db/user/sqlc/user.sql.go:196.17,198.4 1 0
github.com/StevanoZ/dv-user/db/user/sqlc/user.sql.go:201.37,203.3 1 0
github.com/StevanoZ/dv-user/db/user/sqlc/user.sql.go:204.35,206.3 1 0
github.com/StevanoZ/dv-user/db/user/sqlc/user.sql.go:214.111,216.16 2 0
github.com/StevanoZ/dv-user/db/user/sqlc/user.sql.go:219.2,221.18 3 0
github.com/StevanoZ/dv-user/db/user/sqlc/user.sql.go:236.2,236.37 1 0
github.com/StevanoZ/dv-user/db/user/sqlc/user.sql.go:239.2,239.35 1 0
github.com/StevanoZ/dv-user/db/user/sqlc/user.sql.go:242.2,242.19 1 0
github.com/StevanoZ/dv-user/db/user/sqlc/user.sql.go:216.16,218.3 1 0
github.com/StevanoZ/dv-user/db/user/sqlc/user.sql.go:221.18,231.17 2 0
github.com/StevanoZ/dv-user/db/user/sqlc/user.sql.go:234.3,234.27 1 0
github.com/StevanoZ/dv-user/db/user/sqlc/user.sql.go:231.17,233.4 1 0
github.com/StevanoZ/dv-user/db/user/sqlc/user.sql.go:236.37,238.3 1 0
github.com/StevanoZ/dv-user/db/user/sqlc/user.sql.go:239.35,241.3 1 0
github.com/StevanoZ/dv-user/db/user/sqlc/user.sql.go:267.104,286.2 4 0
github.com/StevanoZ/dv-user/db/user/sqlc/user.sql.go:320.87,329.16 2 0
github.com/StevanoZ/dv-user/db/user/sqlc/user.sql.go:332.2,334.18 3 0
github.com/StevanoZ/dv-user/db/user/sqlc/user.sql.go:354.2,354.37 1 0
github.com/StevanoZ/dv-user/db/user/sqlc/user.sql.go:357.2,357.35 1 0
github.com/StevanoZ/dv-user/db/user/sqlc/user.sql.go:360.2,360.19 1 0
github.com/StevanoZ/dv-user/db/user/sqlc/user.sql.go:329.16,331.3 1 0
github.com/StevanoZ/dv-user/db/user/sqlc/user.sql.go:334.18,349.17 2 0
github.com/StevanoZ/dv-user/db/user/sqlc/user.sql.go:352.3,352.27 1 0
github.com/StevanoZ/dv-user/db/user/sqlc/user.sql.go:349.17,351.4 1 0
github.com/StevanoZ/dv-user/db/user/sqlc/user.sql.go:354.37,356.3 1 0
github.com/StevanoZ/dv-user/db/user/sqlc/user.sql.go:357.35,359.3 1 0
github.com/StevanoZ/dv-user/db/user/sqlc/user.sql.go:383.114,388.2 4 0
github.com/StevanoZ/dv-user/db/user/sqlc/user.sql.go:406.87,432.2 4 0
github.com/StevanoZ/dv-user/db/user/sqlc/user.sql.go:443.102,456.2 4 0
github.com/StevanoZ/dv-user/db/user/sqlc/user.sql.go:469.105,487.2 4 0
github.com/StevanoZ/dv-user/service/user_service.go:69.11,78.2 1 1
github.com/StevanoZ/dv-user/service/user_service.go:80.94,83.75 3 0
github.com/StevanoZ/dv-user/service/user_service.go:115.2,118.12 3 0
github.com/StevanoZ/dv-user/service/user_service.go:126.2,126.12 1 0
github.com/StevanoZ/dv-user/service/user_service.go:139.2,139.12 1 0
github.com/StevanoZ/dv-user/service/user_service.go:144.2,144.17 1 0
github.com/StevanoZ/dv-user/service/user_service.go:83.75,87.41 3 0
github.com/StevanoZ/dv-user/service/user_service.go:91.3,91.23 1 0
github.com/StevanoZ/dv-user/service/user_service.go:95.3,96.17 2 0
github.com/StevanoZ/dv-user/service/user_service.go:100.3,106.17 7 0
github.com/StevanoZ/dv-user/service/user_service.go:110.3,113.13 3 0
github.com/StevanoZ/dv-user/service/user_service.go:87.41,89.4 1 0
github.com/StevanoZ/dv-user/service/user_service.go:91.23,93.4 1 0
github.com/StevanoZ/dv-user/service/user_service.go:96.17,98.4 1 0
github.com/StevanoZ/dv-user/service/user_service.go:106.17,108.4 1 0
github.com/StevanoZ/dv-user/service/user_service.go:118.12,124.3 2 0
github.com/StevanoZ/dv-user/service/user_service.go:126.12,137.3 2 0
github.com/StevanoZ/dv-user/service/user_service.go:139.12,142.3 2 0
github.com/StevanoZ/dv-user/service/user_service.go:147.101,149.75 2 0
github.com/StevanoZ/dv-user/service/user_service.go:201.2,203.26 2 0
github.com/StevanoZ/dv-user/service/user_service.go:149.75,159.17 8 0
github.com/StevanoZ/dv-user/service/user_service.go:163.3,163.34 1 0
github.com/StevanoZ/dv-user/service/user_service.go:166.3,168.17 2 0
github.com/StevanoZ/dv-user/service/user_service.go:172.3,172.23 1 0
github.com/StevanoZ/dv-user/service/user_service.go:182.3,182.23 1 0
github.com/StevanoZ/dv-user/service/user_service.go:190.3,190.36 1 0
github.com/StevanoZ/dv-user/service/user_service.go:194.3,198.13 4 0
github.com/StevanoZ/dv-user/service/user_service.go:159.17,161.4 1 0
github.com/StevanoZ/dv-user/service/user_service.go:163.34,165.4 1 0
github.com/StevanoZ/dv-user/service/user_service.go:168.17,170.4 1 0
github.com/StevanoZ/dv-user/service/user_service.go:172.23,180.4 2 0
github.com/StevanoZ/dv-user/service/user_service.go:182.23,183.32 1 0
github.com/StevanoZ/dv-user/service/user_service.go:187.4,187.14 1 0
github.com/StevanoZ/dv-user/service/user_service.go:183.32,186.5 2 0
github.com/StevanoZ/dv-user/service/user_service.go:190.36,192.4 1 0
github.com/StevanoZ/dv-user/service/user_service.go:206.120,210.75 3 0
github.com/StevanoZ/dv-user/service/user_service.go:238.2,240.12 2 0
github.com/StevanoZ/dv-user/service/user_service.go:253.2,253.12 1 0
github.com/StevanoZ/dv-user/service/user_service.go:259.2,259.17 1 0
github.com/StevanoZ/dv-user/service/user_service.go:210.75,214.17 3 0
github.com/StevanoZ/dv-user/service/user_service.go:218.3,228.17 2 0
github.com/StevanoZ/dv-user/service/user_service.go:232.3,235.13 3 0
github.com/StevanoZ/dv-user/service/user_service.go:214.17,216.4 1 0
github.com/StevanoZ/dv-user/service/user_service.go:228.17,230.4 1 0
github.com/StevanoZ/dv-user/service/user_service.go:240.12,252.3 2 0
github.com/StevanoZ/dv-user/service/user_service.go:253.12,257.3 3 0
github.com/StevanoZ/dv-user/service/user_service.go:262.82,263.27 1 0
github.com/StevanoZ/dv-user/service/user_service.go:267.2,267.27 1 0
github.com/StevanoZ/dv-user/service/user_service.go:271.2,273.36 2 0
github.com/StevanoZ/dv-user/service/user_service.go:277.2,278.16 2 0
github.com/StevanoZ/dv-user/service/user_service.go:282.2,282.21 1 0
github.com/StevanoZ/dv-user/service/user_service.go:263.27,265.3 1 0
github.com/StevanoZ/dv-user/service/user_service.go:267.27,269.3 1 0
github.com/StevanoZ/dv-user/service/user_service.go:273.36,275.3 1 0
github.com/StevanoZ/dv-user/service/user_service.go:278.16,280.3 1 0
github.com/StevanoZ/dv-user/service/user_service.go:285.109,289.75 3 0
github.com/StevanoZ/dv-user/service/user_service.go:353.2,355.12 2 0
github.com/StevanoZ/dv-user/service/user_service.go:369.2,369.12 1 0
github.com/StevanoZ/dv-user/service/user_service.go:374.2,374.26 1 0
github.com/StevanoZ/dv-user/service/user_service.go:289.75,294.17 3 0
github.com/StevanoZ/dv-user/service/user_service.go:298.3,299.17 2 0
github.com/StevanoZ/dv-user/service/user_service.go:303.3,303.37 1 0
github.com/StevanoZ/dv-user/service/user_service.go:327.3,334.17 6 0
github.com/StevanoZ/dv-user/service/user_service.go:338.3,345.17 3 0
github.com/StevanoZ/dv-user/service/user_service.go:348.3,350.13 3 0
github.com/StevanoZ/dv-user/service/user_service.go:294.17,296.4 1 0
github.com/StevanoZ/dv-user/service/user_service.go:299.17,301.4 1 0
github.com/StevanoZ/dv-user/service/user_service.go:303.37,307.18 4 0
github.com/StevanoZ/dv-user/service/user_service.go:311.4,311.14 1 0
github.com/StevanoZ/dv-user/service/user_service.go:325.4,325.58 1 0
github.com/StevanoZ/dv-user/service/user_service.go:307.18,309.5 1 0
github.com/StevanoZ/dv-user/service/user_service.go:311.14,323.5 1 0
github.com/StevanoZ/dv-user/service/user_service.go:334.17,336.4 1 0
github.com/StevanoZ/dv-user/service/user_service.go:345.17,347.4 1 0
github.com/StevanoZ/dv-user/service/user_service.go:355.12,367.3 2 0
github.com/StevanoZ/dv-user/service/user_service.go:369.12,372.3 2 0
github.com/StevanoZ/dv-user/service/user_service.go:377.82,380.75 2 0
github.com/StevanoZ/dv-user/service/user_service.go:415.2,417.12 2 0
github.com/StevanoZ/dv-user/service/user_service.go:425.2,425.12 1 0
github.com/StevanoZ/dv-user/service/user_service.go:380.75,384.17 3 0
github.com/StevanoZ/dv-user/service/user_service.go:388.3,388.28 1 0
github.com/StevanoZ/dv-user/service/user_service.go:392.3,392.28 1 0
github.com/StevanoZ/dv-user/service/user_service.go:396.3,408.17 3 0
github.com/StevanoZ/dv-user/service/user_service.go:411.3,412.13 2 0
github.com/StevanoZ/dv-user/service/user_service.go:384.17,386.4 1 0
github.com/StevanoZ/dv-user/service/user_service.go:388.28,390.4 1 0
github.com/StevanoZ/dv-user/service/user_service.go:392.28,394.4 1 0
github.com/StevanoZ/dv-user/service/user_service.go:408.17,410.4 1 0
github.com/StevanoZ/dv-user/service/user_service.go:417.12,423.3 2 0
github.com/StevanoZ/dv-user/service/user_service.go:425.12,437.3 2 0
github.com/StevanoZ/dv-user/service/user_service.go:448.30,455.16 6 0
github.com/StevanoZ/dv-user/service/user_service.go:459.2,471.19 5 0
github.com/StevanoZ/dv-user/service/user_service.go:455.16,457.3 1 0
github.com/StevanoZ/dv-user/service/user_service.go:479.3,483.19 3 0
github.com/StevanoZ/dv-user/service/user_service.go:483.19,485.30 2 0
github.com/StevanoZ/dv-user/service/user_service.go:498.3,498.124 1 0
github.com/StevanoZ/dv-user/service/user_service.go:485.30,497.4 2 0
github.com/StevanoZ/dv-user/service/user_service.go:499.8,500.30 1 0
github.com/StevanoZ/dv-user/service/user_service.go:511.3,511.124 1 0
github.com/StevanoZ/dv-user/service/user_service.go:500.30,510.4 1 0
github.com/StevanoZ/dv-user/service/user_service.go:515.129,517.19 2 0
github.com/StevanoZ/dv-user/service/user_service.go:517.19,524.3 1 0
github.com/StevanoZ/dv-user/service/user_service.go:527.144,536.73 8 0
github.com/StevanoZ/dv-user/service/user_service.go:587.2,589.16 2 0
github.com/StevanoZ/dv-user/service/user_service.go:536.73,539.17 3 0
github.com/StevanoZ/dv-user/service/user_service.go:543.3,546.33 3 0
github.com/StevanoZ/dv-user/service/user_service.go:553.3,553.20 1 0
github.com/StevanoZ/dv-user/service/user_service.go:577.3,577.36 1 0
github.com/StevanoZ/dv-user/service/user_service.go:584.3,584.13 1 0
github.com/StevanoZ/dv-user/service/user_service.go:539.17,541.4 1 0
github.com/StevanoZ/dv-user/service/user_service.go:546.33,547.17 1 0
github.com/StevanoZ/dv-user/service/user_service.go:547.17,549.10 2 0
github.com/StevanoZ/dv-user/service/user_service.go:553.20,561.24 4 0
github.com/StevanoZ/dv-user/service/user_service.go:571.4,571.24 1 0
github.com/StevanoZ/dv-user/service/user_service.go:561.24,569.5 3 0
github.com/StevanoZ/dv-user/service/user_service.go:571.24,574.5 2 0
github.com/StevanoZ/dv-user/service/user_service.go:577.36,579.4 1 0
github.com/StevanoZ/dv-user/service/user_service.go:579.9,579.32 1 0
github.com/StevanoZ/dv-user/service/user_service.go:579.32,583.4 3 0
github.com/StevanoZ/dv-user/service/user_service.go:589.16,592.3 2 0
github.com/StevanoZ/dv-user/service/user_service.go:595.131,599.75 3 0
github.com/StevanoZ/dv-user/service/user_service.go:644.2,646.12 2 0
github.com/StevanoZ/dv-user/service/user_service.go:650.2,650.12 1 0
github.com/StevanoZ/dv-user/service/user_service.go:656.2,656.23 1 0
github.com/StevanoZ/dv-user/service/user_service.go:599.75,604.22 4 0
github.com/StevanoZ/dv-user/service/user_service.go:608.3,608.24 1 0
github.com/StevanoZ/dv-user/service/user_service.go:638.3,638.36 1 0
github.com/StevanoZ/dv-user/service/user_service.go:641.3,641.13 1 0
github.com/StevanoZ/dv-user/service/user_service.go:604.22,606.4 1 0
github.com/StevanoZ/dv-user/service/user_service.go:608.24,613.18 4 0
github.com/StevanoZ/dv-user/service/user_service.go:617.4,617.24 1 0
github.com/StevanoZ/dv-user/service/user_service.go:613.18,615.5 1 0
github.com/StevanoZ/dv-user/service/user_service.go:617.24,627.19 2 0
github.com/StevanoZ/dv-user/service/user_service.go:631.5,634.15 3 0
github.com/StevanoZ/dv-user/service/user_service.go:627.19,629.6 1 0
github.com/StevanoZ/dv-user/service/user_service.go:638.36,640.4 1 0
github.com/StevanoZ/dv-user/service/user_service.go:646.12,648.3 1 0
github.com/StevanoZ/dv-user/service/user_service.go:650.12,654.3 3 0
github.com/StevanoZ/dv-user/service/user_service.go:659.101,663.127 3 0
github.com/StevanoZ/dv-user/service/user_service.go:691.2,694.23 3 0
github.com/StevanoZ/dv-user/service/user_service.go:663.127,665.17 2 0
github.com/StevanoZ/dv-user/service/user_service.go:669.3,670.29 2 0
github.com/StevanoZ/dv-user/service/user_service.go:684.3,684.36 1 0
github.com/StevanoZ/dv-user/service/user_service.go:688.3,688.24 1 0
github.com/StevanoZ/dv-user/service/user_service.go:665.17,667.4 1 0
github.com/StevanoZ/dv-user/service/user_service.go:670.29,672.24 2 0
github.com/StevanoZ/dv-user/service/user_service.go:672.24,674.19 2 0
github.com/StevanoZ/dv-user/service/user_service.go:677.5,680.15 4 0
github.com/StevanoZ/dv-user/service/user_service.go:674.19,676.6 1 0
[...]
github.com/StevanoZ/dv-user/service/user_service.go:187.4,187.14 1 1
github.com/StevanoZ/dv-user/service/user_service.go:183.32,186.5 2 2
github.com/StevanoZ/dv-user/service/user_service.go:190.36,192.4 1 1
github.com/StevanoZ/dv-user/service/user_service.go:206.120,210.75 3 3
github.com/StevanoZ/dv-user/service/user_service.go:238.2,240.12 2 3
github.com/StevanoZ/dv-user/service/user_service.go:253.2,253.12 1 1
github.com/StevanoZ/dv-user/service/user_service.go:259.2,259.17 1 1
github.com/StevanoZ/dv-user/service/user_service.go:210.75,214.17 3 3
github.com/StevanoZ/dv-user/service/user_service.go:218.3,228.17 2 2
github.com/StevanoZ/dv-user/service/user_service.go:232.3,235.13 3 1
github.com/StevanoZ/dv-user/service/user_service.go:214.17,216.4 1 1
github.com/StevanoZ/dv-user/service/user_service.go:228.17,230.4 1 1
github.com/StevanoZ/dv-user/service/user_service.go:240.12,252.3 2 1
github.com/StevanoZ/dv-user/service/user_service.go:253.12,257.3 3 1
github.com/StevanoZ/dv-user/service/user_service.go:262.82,263.27 1 8
github.com/StevanoZ/dv-user/service/user_service.go:267.2,267.27 1 7
github.com/StevanoZ/dv-user/service/user_service.go:271.2,273.36 2 6
github.com/StevanoZ/dv-user/service/user_service.go:277.2,278.16 2 5
github.com/StevanoZ/dv-user/service/user_service.go:282.2,282.21 1 4
github.com/StevanoZ/dv-user/service/user_service.go:263.27,265.3 1 1
github.com/StevanoZ/dv-user/service/user_service.go:267.27,269.3 1 1
github.com/StevanoZ/dv-user/service/user_service.go:273.36,275.3 1 1
github.com/StevanoZ/dv-user/service/user_service.go:278.16,280.3 1 1
github.com/StevanoZ/dv-user/service/user_service.go:285.109,289.75 3 9
github.com/StevanoZ/dv-user/service/user_service.go:353.2,355.12 2 9
github.com/StevanoZ/dv-user/service/user_service.go:369.2,369.12 1 1
github.com/StevanoZ/dv-user/service/user_service.go:374.2,374.26 1 1
github.com/StevanoZ/dv-user/service/user_service.go:289.75,294.17 3 9
github.com/StevanoZ/dv-user/service/user_service.go:298.3,299.17 2 8
github.com/StevanoZ/dv-user/service/user_service.go:303.3,303.37 1 4
github.com/StevanoZ/dv-user/service/user_service.go:327.3,334.17 6 2
github.com/StevanoZ/dv-user/service/user_service.go:338.3,345.17 3 1
github.com/StevanoZ/dv-user/service/user_service.go:348.3,350.13 3 1
github.com/StevanoZ/dv-user/service/user_service.go:294.17,296.4 1 1
github.com/StevanoZ/dv-user/service/user_service.go:299.17,301.4 1 4
github.com/StevanoZ/dv-user/service/user_service.go:303.37,307.18 4 2
github.com/StevanoZ/dv-user/service/user_service.go:311.4,311.14 1 1
github.com/StevanoZ/dv-user/service/user_service.go:325.4,325.58 1 1
github.com/StevanoZ/dv-user/service/user_service.go:307.18,309.5 1 1
github.com/StevanoZ/dv-user/service/user_service.go:311.14,323.5 1 1
github.com/StevanoZ/dv-user/service/user_service.go:334.17,336.4 1 1
github.com/StevanoZ/dv-user/service/user_service.go:345.17,347.4 1 0
github.com/StevanoZ/dv-user/service/user_service.go:355.12,367.3 2 1
github.com/StevanoZ/dv-user/service/user_service.go:369.12,372.3 2 1
github.com/StevanoZ/dv-user/service/user_service.go:377.82,380.75 2 5
github.com/StevanoZ/dv-user/service/user_service.go:415.2,417.12 2 5
github.com/StevanoZ/dv-user/service/user_service.go:425.2,425.12 1 1
github.com/StevanoZ/dv-user/service/user_service.go:380.75,384.17 3 5
github.com/StevanoZ/dv-user/service/user_service.go:388.3,388.28 1 4
github.com/StevanoZ/dv-user/service/user_service.go:392.3,392.28 1 3
github.com/StevanoZ/dv-user/service/user_service.go:396.3,408.17 3 2
github.com/StevanoZ/dv-user/service/user_service.go:411.3,412.13 2 1
github.com/StevanoZ/dv-user/service/user_service.go:384.17,386.4 1 1
github.com/StevanoZ/dv-user/service/user_service.go:388.28,390.4 1 1
github.com/StevanoZ/dv-user/service/user_service.go:392.28,394.4 1 1
github.com/StevanoZ/dv-user/service/user_service.go:408.17,410.4 1 1
github.com/StevanoZ/dv-user/service/user_service.go:417.12,423.3 2 1
github.com/StevanoZ/dv-user/service/user_service.go:425.12,437.3 2 1
github.com/StevanoZ/dv-user/service/user_service.go:448.30,455.16 6 18
github.com/StevanoZ/dv-user/service/user_service.go:459.2,471.19 5 15
github.com/StevanoZ/dv-user/service/user_service.go:455.16,457.3 1 3
github.com/StevanoZ/dv-user/service/user_service.go:479.3,483.19 3 2
github.com/StevanoZ/dv-user/service/user_service.go:483.19,485.30 2 1
github.com/StevanoZ/dv-user/service/user_service.go:498.3,498.124 1 1
github.com/StevanoZ/dv-user/service/user_service.go:485.30,497.4 2 3
github.com/StevanoZ/dv-user/service/user_service.go:499.8,500.30 1 1
github.com/StevanoZ/dv-user/service/user_service.go:511.3,511.124 1 1
github.com/StevanoZ/dv-user/service/user_service.go:500.30,510.4 1 3
github.com/StevanoZ/dv-user/service/user_service.go:515.129,517.19 2 2
github.com/StevanoZ/dv-user/service/user_service.go:517.19,524.3 1 1
github.com/StevanoZ/dv-user/service/user_service.go:527.144,536.73 8 4
github.com/StevanoZ/dv-user/service/user_service.go:587.2,589.16 2 4
github.com/StevanoZ/dv-user/service/user_service.go:536.73,539.17 3 4
github.com/StevanoZ/dv-user/service/user_service.go:543.3,546.33 3 3
github.com/StevanoZ/dv-user/service/user_service.go:553.3,553.20 1 3
github.com/StevanoZ/dv-user/service/user_service.go:577.3,577.36 1 3
github.com/StevanoZ/dv-user/service/user_service.go:584.3,584.13 1 2
github.com/StevanoZ/dv-user/service/user_service.go:539.17,541.4 1 1
github.com/StevanoZ/dv-user/service/user_service.go:546.33,547.17 1 9
github.com/StevanoZ/dv-user/service/user_service.go:547.17,549.10 2 1
github.com/StevanoZ/dv-user/service/user_service.go:553.20,561.24 4 2
github.com/StevanoZ/dv-user/service/user_service.go:571.4,571.24 1 2
github.com/StevanoZ/dv-user/service/user_service.go:561.24,569.5 3 2
github.com/StevanoZ/dv-user/service/user_service.go:571.24,574.5 2 2
github.com/StevanoZ/dv-user/service/user_service.go:577.36,579.4 1 1
github.com/StevanoZ/dv-user/service/user_service.go:579.9,579.32 1 2
github.com/StevanoZ/dv-user/service/user_service.go:579.32,583.4 3 1
github.com/StevanoZ/dv-user/service/user_service.go:589.16,592.3 2 2
github.com/StevanoZ/dv-user/service/user_service.go:595.131,599.75 3 8
github.com/StevanoZ/dv-user/service/user_service.go:644.2,646.12 2 8
github.com/StevanoZ/dv-user/service/user_service.go:650.2,650.12 1 4
github.com/StevanoZ/dv-user/service/user_service.go:656.2,656.23 1 4
github.com/StevanoZ/dv-user/service/user_service.go:599.75,604.22 4 8
github.com/StevanoZ/dv-user/service/user_service.go:608.3,608.24 1 7
github.com/StevanoZ/dv-user/service/user_service.go:638.3,638.36 1 6
github.com/StevanoZ/dv-user/service/user_service.go:641.3,641.13 1 4
github.com/StevanoZ/dv-user/service/user_service.go:604.22,606.4 1 1
github.com/StevanoZ/dv-user/service/user_service.go:608.24,613.18 4 19
github.com/StevanoZ/dv-user/service/user_service.go:617.4,617.24 1 18
github.com/StevanoZ/dv-user/service/user_service.go:613.18,615.5 1 1
github.com/StevanoZ/dv-user/service/user_service.go:617.24,627.19 2 18
github.com/StevanoZ/dv-user/service/user_service.go:631.5,634.15 3 12
github.com/StevanoZ/dv-user/service/user_service.go:627.19,629.6 1 6
github.com/StevanoZ/dv-user/service/user_service.go:638.36,640.4 1 2
github.com/StevanoZ/dv-user/service/user_service.go:646.12,648.3 1 4
github.com/StevanoZ/dv-user/service/user_service.go:650.12,654.3 3 4
github.com/StevanoZ/dv-user/service/user_service.go:659.101,663.127 3 4
github.com/StevanoZ/dv-user/service/user_service.go:691.2,694.23 3 4
github.com/StevanoZ/dv-user/service/user_service.go:663.127,665.17 2 3
github.com/StevanoZ/dv-user/service/user_service.go:669.3,670.29 2 2
github.com/StevanoZ/dv-user/service/user_service.go:684.3,684.36 1 2
github.com/StevanoZ/dv-user/service/user_service.go:688.3,688.24 1 1
github.com/StevanoZ/dv-user/service/user_service.go:665.17,667.4 1 1
github.com/StevanoZ/dv-user/service/user_service.go:670.29,672.24 2 14
github.com/StevanoZ/dv-user/service/user_service.go:672.24,674.19 2 14
github.com/StevanoZ/dv-user/service/user_service.go:677.5,680.15 4 7
github.com/StevanoZ/dv-user/service/user_service.go:674.19,676.6 1 7
github.com/StevanoZ/dv-user/service/user_service.go:684.36,686.4 1 1
github.com/StevanoZ/dv-user/service/user_service.go:703.3,704.37 1 16
github.com/StevanoZ/dv-user/service/user_service.go:708.2,708.23 1 16
github.com/StevanoZ/dv-user/service/user_service.go:704.37,706.3 1 4
github.com/StevanoZ/dv-user/service/user_service.go:708.23,711.3 2 3
github.com/StevanoZ/dv-user/service/user_service.go:722.44,727.16 2 3
github.com/StevanoZ/dv-user/service/user_service.go:731.2,740.25 4 2
github.com/StevanoZ/dv-user/service/user_service.go:727.16,729.3 1 1
github.com/StevanoZ/dv-user/service/user_service.go:743.117,749.75 5 6
github.com/StevanoZ/dv-user/service/user_service.go:807.2,809.12 2 6
github.com/StevanoZ/dv-user/service/user_service.go:819.2,819.12 1 1
github.com/StevanoZ/dv-user/service/user_service.go:829.2,829.12 1 1
github.com/StevanoZ/dv-user/service/user_service.go:835.2,835.22 1 1
github.com/StevanoZ/dv-user/service/user_service.go:749.75,755.17 4 6
github.com/StevanoZ/dv-user/service/user_service.go:759.3,763.34 4 5
github.com/StevanoZ/dv-user/service/user_service.go:776.3,776.28 1 4
github.com/StevanoZ/dv-user/service/user_service.go:780.3,780.23 1 3
github.com/StevanoZ/dv-user/service/user_service.go:793.3,793.23 1 3
github.com/StevanoZ/dv-user/service/user_service.go:801.3,801.36 1 3
github.com/StevanoZ/dv-user/service/user_service.go:804.3,804.13 1 1
github.com/StevanoZ/dv-user/service/user_service.go:755.17,757.4 1 1
github.com/StevanoZ/dv-user/service/user_service.go:763.34,764.39 1 17
github.com/StevanoZ/dv-user/service/user_service.go:768.4,773.5 1 16
github.com/StevanoZ/dv-user/service/user_service.go:764.39,766.5 1 1
github.com/StevanoZ/dv-user/service/user_service.go:776.28,778.4 1 1
github.com/StevanoZ/dv-user/service/user_service.go:780.23,791.4 2 3
github.com/StevanoZ/dv-user/service/user_service.go:793.23,799.4 2 3
github.com/StevanoZ/dv-user/service/user_service.go:801.36,803.4 1 2
github.com/StevanoZ/dv-user/service/user_service.go:809.12,817.3 2 1
github.com/StevanoZ/dv-user/service/user_service.go:819.12,827.3 2 1
github.com/StevanoZ/dv-user/service/user_service.go:829.12,833.3 3 1
github.com/StevanoZ/dv-user/service/user_service.go:838.93,841.75 2 5
github.com/StevanoZ/dv-user/service/user_service.go:874.2,876.12 2 5
github.com/StevanoZ/dv-user/service/user_service.go:883.2,883.12 1 1
github.com/StevanoZ/dv-user/service/user_service.go:841.75,846.17 4 5
github.com/StevanoZ/dv-user/service/user_service.go:850.3,850.29 1 4
github.com/StevanoZ/dv-user/service/user_service.go:854.3,854.19 1 3
github.com/StevanoZ/dv-user/service/user_service.go:858.3,858.23 1 2
github.com/StevanoZ/dv-user/service/user_service.go:862.3,862.23 1 2
github.com/StevanoZ/dv-user/service/user_service.go:866.3,866.36 1 2
github.com/StevanoZ/dv-user/service/user_service.go:870.3,871.13 2 1
github.com/StevanoZ/dv-user/service/user_service.go:846.17,848.4 1 1
github.com/StevanoZ/dv-user/service/user_service.go:850.29,852.4 1 1
github.com/StevanoZ/dv-user/service/user_service.go:854.19,856.4 1 1
github.com/StevanoZ/dv-user/service/user_service.go:858.23,860.4 1 2
github.com/StevanoZ/dv-user/service/user_service.go:862.23,864.4 1 2
github.com/StevanoZ/dv-user/service/user_service.go:866.36,868.4 1 1
github.com/StevanoZ/dv-user/service/user_service.go:876.12,881.3 2 1
github.com/StevanoZ/dv-user/service/user_service.go:883.12,887.3 3 1
github.com/StevanoZ/dv-user/service/user_service.go:890.115,908.119 9 4
github.com/StevanoZ/dv-user/service/user_service.go:956.2,959.28 3 4
github.com/StevanoZ/dv-user/service/user_service.go:908.119,909.24 1 3
github.com/StevanoZ/dv-user/service/user_service.go:914.3,914.24 1 3
github.com/StevanoZ/dv-user/service/user_service.go:923.3,923.37 1 3
github.com/StevanoZ/dv-user/service/user_service.go:927.3,928.24 2 2
github.com/StevanoZ/dv-user/service/user_service.go:946.3,946.37 1 2
github.com/StevanoZ/dv-user/service/user_service.go:950.3,953.29 3 1
github.com/StevanoZ/dv-user/service/user_service.go:909.24,912.4 2 3
github.com/StevanoZ/dv-user/service/user_service.go:914.24,921.4 2 3
github.com/StevanoZ/dv-user/service/user_service.go:923.37,925.4 1 1
github.com/StevanoZ/dv-user/service/user_service.go:928.24,931.25 2 20
github.com/StevanoZ/dv-user/service/user_service.go:931.25,932.41 1 20
github.com/StevanoZ/dv-user/service/user_service.go:939.5,942.15 3 10
github.com/StevanoZ/dv-user/service/user_service.go:932.41,934.20 2 20
github.com/StevanoZ/dv-user/service/user_service.go:937.6,937.46 1 10
github.com/StevanoZ/dv-user/service/user_service.go:934.20,936.7 1 10
github.com/StevanoZ/dv-user/service/user_service.go:946.37,948.4 1 1
github.com/StevanoZ/dv-user/service/user_service.go:968.9,969.16 1 6
github.com/StevanoZ/dv-user/service/user_service.go:982.2,982.12 1 3
github.com/StevanoZ/dv-user/service/user_service.go:969.16,971.17 2 6
github.com/StevanoZ/dv-user/service/user_service.go:974.3,976.46 2 3
github.com/StevanoZ/dv-user/service/user_service.go:971.17,973.4 1 3
github.com/StevanoZ/dv-user/service/user_service.go:976.46,978.4 1 1
github.com/StevanoZ/dv-user/service/user_service.go:985.98,988.121 3 4
github.com/StevanoZ/dv-user/service/user_service.go:1019.2,1022.27 3 4
github.com/StevanoZ/dv-user/service/user_service.go:988.121,991.17 2 3
github.com/StevanoZ/dv-user/service/user_service.go:995.3,997.44 2 2
github.com/StevanoZ/dv-user/service/user_service.go:1012.3,1012.36 1 2
github.com/StevanoZ/dv-user/service/user_service.go:1016.3,1016.28 1 1
github.com/StevanoZ/dv-user/service/user_service.go:991.17,993.4 1 1
github.com/StevanoZ/dv-user/service/user_service.go:997.44,1001.24 3 6
github.com/StevanoZ/dv-user/service/user_service.go:1001.24,1009.5 1 6
github.com/StevanoZ/dv-user/service/user_service.go:1012.36,1014.4 1 1
github.com/StevanoZ/dv-user/main.go:8.13,20.2 7 0
github.com/StevanoZ/dv-user/db/user/sqlc/user_repository.go:19.39,24.2 1 0
github.com/StevanoZ/dv-user/db/user/sqlc/user_repository.go:26.51,30.2 1 0
github.com/StevanoZ/dv-user/db/user/sqlc/user_repository.go:32.40,34.2 1 0
github.com/StevanoZ/dv-user/dtos/mapping/mapping_response.go:13.54,24.2 1 12
github.com/StevanoZ/dv-user/dtos/mapping/mapping_response.go:26.72,37.2 1 3
github.com/StevanoZ/dv-user/dtos/mapping/mapping_response.go:39.70,49.2 1 27
github.com/StevanoZ/dv-user/dtos/mapping/mapping_response.go:51.91,58.29 5 2
github.com/StevanoZ/dv-user/dtos/mapping/mapping_response.go:65.2,76.3 1 2
github.com/StevanoZ/dv-user/dtos/mapping/mapping_response.go:58.29,59.40 1 8
github.com/StevanoZ/dv-user/dtos/mapping/mapping_response.go:59.40,62.4 2 6
github.com/StevanoZ/dv-user/dtos/mapping/mapping_response.go:79.79,87.37 5 1
github.com/StevanoZ/dv-user/dtos/mapping/mapping_response.go:95.2,95.21 1 1
github.com/StevanoZ/dv-user/dtos/mapping/mapping_response.go:101.2,106.3 1 1
github.com/StevanoZ/dv-user/dtos/mapping/mapping_response.go:87.37,90.3 2 1
github.com/StevanoZ/dv-user/dtos/mapping/mapping_response.go:90.8,93.3 2 0
github.com/StevanoZ/dv-user/dtos/mapping/mapping_response.go:95.21,97.3 1 0
github.com/StevanoZ/dv-user/dtos/mapping/mapping_response.go:97.8,99.3 1 1
github.com/StevanoZ/dv-user/dtos/mapping/mapping_response.go:110.71,117.2 1 2
github.com/StevanoZ/dv-user/dtos/mapping/mapping_response.go:119.69,129.2 1 4
github.com/StevanoZ/dv-user/handler/user_handler.go:39.15,44.2 1 0
github.com/StevanoZ/dv-user/handler/user_handler.go:48.3,70.62 18 0
github.com/StevanoZ/dv-user/handler/user_handler.go:70.62,72.3 1 0
github.com/StevanoZ/dv-user/handler/user_handler.go:75.74,81.2 4 0
github.com/StevanoZ/dv-user/handler/user_handler.go:83.73,89.2 4 0
github.com/StevanoZ/dv-user/handler/user_handler.go:91.78,100.2 6 0
github.com/StevanoZ/dv-user/handler/user_handler.go:102.77,108.2 4 0
github.com/StevanoZ/dv-user/handler/user_handler.go:110.77,116.2 4 0
github.com/StevanoZ/dv-user/handler/user_handler.go:118.80,121.16 3 0
github.com/StevanoZ/dv-user/handler/user_handler.go:125.2,130.46 4 0
github.com/StevanoZ/dv-user/handler/user_handler.go:121.16,123.3 1 0
github.com/StevanoZ/dv-user/handler/user_handler.go:133.80,141.2 5 0
github.com/StevanoZ/dv-user/handler/user_handler.go:143.76,162.2 9 0
github.com/StevanoZ/dv-user/handler/user_handler.go:164.75,169.2 3 0
github.com/StevanoZ/dv-user/handler/user_handler.go:171.81,177.2 3 0
github.com/StevanoZ/dv-user/handler/user_handler.go:179.79,188.2 5 0
github.com/StevanoZ/dv-user/app/server.go:30.10,36.2 1 0
github.com/StevanoZ/dv-user/app/server.go:38.30,44.12 4 0
github.com/StevanoZ/dv-user/app/server.go:49.2,52.8 3 0
github.com/StevanoZ/dv-user/app/server.go:44.12,47.3 2 0
github.com/StevanoZ/dv-user/db/user/sqlc/user.sql.go:29.87,53.2 4 0
github.com/StevanoZ/dv-user/db/user/sqlc/user.sql.go:69.102,88.2 4 0
github.com/StevanoZ/dv-user/db/user/sqlc/user.sql.go:94.71,97.2 2 0
github.com/StevanoZ/dv-user/db/user/sqlc/user.sql.go:103.76,106.2 2 0
github.com/StevanoZ/dv-user/db/user/sqlc/user.sql.go:112.84,130.2 4 0
github.com/StevanoZ/dv-user/db/user/sqlc/user.sql.go:136.81,154.2 4 0
github.com/StevanoZ/dv-user/db/user/sqlc/user.sql.go:160.91,173.2 4 0
github.com/StevanoZ/dv-user/db/user/sqlc/user.sql.go:179.102,181.16 2 0
github.com/StevanoZ/dv-user/db/user/sqlc/user.sql.go:184.2,186.18 3 0
github.com/StevanoZ/dv-user/db/user/sqlc/user.sql.go:201.2,201.37 1 0
github.com/StevanoZ/dv-user/db/user/sqlc/user.sql.go:204.2,204.35 1 0
github.com/StevanoZ/dv-user/db/user/sqlc/user.sql.go:207.2,207.19 1 0
github.com/StevanoZ/dv-user/db/user/sqlc/user.sql.go:181.16,183.3 1 0
github.com/StevanoZ/dv-user/db/user/sqlc/user.sql.go:186.18,196.17 2 0
github.com/StevanoZ/dv-user/db/user/sqlc/user.sql.go:199.3,199.27 1 0
github.com/StevanoZ/dv-user/db/user/sqlc/user.sql.go:196.17,198.4 1 0
github.com/StevanoZ/dv-user/db/user/sqlc/user.sql.go:201.37,203.3 1 0
github.com/StevanoZ/dv-user/db/user/sqlc/user.sql.go:204.35,206.3 1 0
github.com/StevanoZ/dv-user/db/user/sqlc/user.sql.go:214.111,216.16 2 0
github.com/StevanoZ/dv-user/db/user/sqlc/user.sql.go:219.2,221.18 3 0
github.com/StevanoZ/dv-user/db/user/sqlc/user.sql.go:236.2,236.37 1 0
github.com/StevanoZ/dv-user/db/user/sqlc/user.sql.go:239.2,239.35 1 0
github.com/StevanoZ/dv-user/db/user/sqlc/user.sql.go:242.2,242.19 1 0
github.com/StevanoZ/dv-user/db/user/sqlc/user.sql.go:216.16,218.3 1 0
github.com/StevanoZ/dv-user/db/user/sqlc/user.sql.go:221.18,231.17 2 0
github.com/StevanoZ/dv-user/db/user/sqlc/user.sql.go:234.3,234.27 1 0
github.com/StevanoZ/dv-user/db/user/sqlc/user.sql.go:231.17,233.4 1 0
github.com/StevanoZ/dv-user/db/user/sqlc/user.sql.go:236.37,238.3 1 0
github.com/StevanoZ/dv-user/db/user/sqlc/user.sql.go:239.35,241.3 1 0
github.com/StevanoZ/dv-user/db/user/sqlc/user.sql.go:267.104,286.2 4 0
github.com/StevanoZ/dv-user/db/user/sqlc/user.sql.go:320.87,329.16 2 0
github.com/StevanoZ/dv-user/db/user/sqlc/user.sql.go:332.2,334.18 3 0
github.com/StevanoZ/dv-user/db/user/sqlc/user.sql.go:354.2,354.37 1 0
github.com/StevanoZ/dv-user/db/user/sqlc/user.sql.go:357.2,357.35 1 0
github.com/StevanoZ/dv-user/db/user/sqlc/user.sql.go:360.2,360.19 1 0
github.com/StevanoZ/dv-user/db/user/sqlc/user.sql.go:329.16,331.3 1 0
github.com/StevanoZ/dv-user/db/user/sqlc/user.sql.go:334.18,349.17 2 0
github.com/StevanoZ/dv-user/db/user/sqlc/user.sql.go:352.3,352.27 1 0
github.com/StevanoZ/dv-user/db/user/sqlc/user.sql.go:349.17,351.4 1 0
github.com/StevanoZ/dv-user/db/user/sqlc/user.sql.go:354.37,356.3 1 0
github.com/StevanoZ/dv-user/db/user/sqlc/user.sql.go:357.35,359.3 1 0
github.com/StevanoZ/dv-user/db/user/sqlc/user.sql.go:383.114,388.2 4 0
github.com/StevanoZ/dv-user/db/user/sqlc/user.sql.go:406.87,432.2 4 0
github.com/StevanoZ/dv-user/db/user/sqlc/user.sql.go:443.102,456.2 4 0
github.com/StevanoZ/dv-user/db/user/sqlc/user.sql.go:469.105,487.2 4 0
github.com/StevanoZ/dv-user/db/user/sqlc/db.go:19.28,21.2 1 0
github.com/StevanoZ/dv-user/db/user/sqlc/db.go:27.47,31.2 1 0
